[ 50%] [32mBuilding CXX object CMakeFiles/pick_place.dir/src/main.cpp.o[0m
[100%] [32m[1mLinking CXX executable pick_place[0m
[100%] Built target pick_place
-- Install configuration: ""
-- Installing: /home/trungty/Downloads/moveit2_UR5/install/ur_motion/lib/ur_motion/pick_place
-- Set runtime path of "/home/trungty/Downloads/moveit2_UR5/install/ur_motion/lib/ur_motion/pick_place" to ""
-- Up-to-date: /home/trungty/Downloads/moveit2_UR5/install/ur_motion/share/ament_index/resource_index/package_run_dependencies/ur_motion
-- Up-to-date: /home/trungty/Downloads/moveit2_UR5/install/ur_motion/share/ament_index/resource_index/parent_prefix_path/ur_motion
-- Up-to-date: /home/trungty/Downloads/moveit2_UR5/install/ur_motion/share/ur_motion/environment/ament_prefix_path.sh
-- Up-to-date: /home/trungty/Downloads/moveit2_UR5/install/ur_motion/share/ur_motion/environment/ament_prefix_path.dsv
-- Up-to-date: /home/trungty/Downloads/moveit2_UR5/install/ur_motion/share/ur_motion/environment/path.sh
-- Up-to-date: /home/trungty/Downloads/moveit2_UR5/install/ur_motion/share/ur_motion/environment/path.dsv
-- Up-to-date: /home/trungty/Downloads/moveit2_UR5/install/ur_motion/share/ur_motion/local_setup.bash
-- Up-to-date: /home/trungty/Downloads/moveit2_UR5/install/ur_motion/share/ur_motion/local_setup.sh
-- Up-to-date: /home/trungty/Downloads/moveit2_UR5/install/ur_motion/share/ur_motion/local_setup.zsh
-- Up-to-date: /home/trungty/Downloads/moveit2_UR5/install/ur_motion/share/ur_motion/local_setup.dsv
-- Installing: /home/trungty/Downloads/moveit2_UR5/install/ur_motion/share/ur_motion/package.dsv
-- Up-to-date: /home/trungty/Downloads/moveit2_UR5/install/ur_motion/share/ament_index/resource_index/packages/ur_motion
-- Up-to-date: /home/trungty/Downloads/moveit2_UR5/install/ur_motion/share/ur_motion/cmake/ur_motionConfig.cmake
-- Up-to-date: /home/trungty/Downloads/moveit2_UR5/install/ur_motion/share/ur_motion/cmake/ur_motionConfig-version.cmake
-- Up-to-date: /home/trungty/Downloads/moveit2_UR5/install/ur_motion/share/ur_motion/package.xml
