-- The C compiler identification is GNU 11.4.0
-- The CXX compiler identification is GNU 11.4.0
-- Detecting C compiler ABI info
-- Detecting C compiler ABI info - done
-- Check for working C compiler: /usr/bin/cc - skipped
-- Detecting C compile features
-- Detecting C compile features - done
-- Detecting CXX compiler ABI info
-- Detecting CXX compiler ABI info - done
-- Check for working CXX compiler: /usr/bin/c++ - skipped
-- Detecting CXX compile features
-- Detecting CXX compile features - done
-- Found ament_cmake: 1.3.11 (/opt/ros/humble/share/ament_cmake/cmake)
-- Found Python3: /home/trungty/anaconda3/bin/python3 (found version "3.12.7") found components: Interpreter 
-- Found ament_lint_auto: 0.12.12 (/opt/ros/humble/share/ament_lint_auto/cmake)
-- Added test 'cppcheck' to perform static code analysis on C / C++ code
-- Configured cppcheck include dirs: $<BUILD_INTERFACE:/home/trungty/Downloads/moveit2_UR5/src/ur5_pick_place/include>
-- Configured cppcheck exclude dirs and/or files: 
-- Added test 'lint_cmake' to check CMake code style
-- Added test 'uncrustify' to check C / C++ code style
-- Configured uncrustify additional arguments: 
-- Added test 'xmllint' to check XML markup files
-- Configuring done
-- Generating done
-- Build files have been written to: /home/trungty/Downloads/moveit2_UR5/build/ur5_pick_place
[ 50%] [32mBuilding CXX object CMakeFiles/pnp_task.dir/src/pnp_task.cpp.o[0m
[100%] [32m[1mLinking CXX executable pnp_task[0m
[100%] Built target pnp_task
-- Install configuration: ""
-- Installing: /home/trungty/Downloads/moveit2_UR5/install/ur5_pick_place/lib/ur5_pick_place/pnp_task
-- Installing: /home/trungty/Downloads/moveit2_UR5/install/ur5_pick_place/share/ament_index/resource_index/package_run_dependencies/ur5_pick_place
-- Installing: /home/trungty/Downloads/moveit2_UR5/install/ur5_pick_place/share/ament_index/resource_index/parent_prefix_path/ur5_pick_place
-- Installing: /home/trungty/Downloads/moveit2_UR5/install/ur5_pick_place/share/ur5_pick_place/environment/ament_prefix_path.sh
-- Installing: /home/trungty/Downloads/moveit2_UR5/install/ur5_pick_place/share/ur5_pick_place/environment/ament_prefix_path.dsv
-- Installing: /home/trungty/Downloads/moveit2_UR5/install/ur5_pick_place/share/ur5_pick_place/environment/path.sh
-- Installing: /home/trungty/Downloads/moveit2_UR5/install/ur5_pick_place/share/ur5_pick_place/environment/path.dsv
-- Installing: /home/trungty/Downloads/moveit2_UR5/install/ur5_pick_place/share/ur5_pick_place/local_setup.bash
-- Installing: /home/trungty/Downloads/moveit2_UR5/install/ur5_pick_place/share/ur5_pick_place/local_setup.sh
-- Installing: /home/trungty/Downloads/moveit2_UR5/install/ur5_pick_place/share/ur5_pick_place/local_setup.zsh
-- Installing: /home/trungty/Downloads/moveit2_UR5/install/ur5_pick_place/share/ur5_pick_place/local_setup.dsv
-- Installing: /home/trungty/Downloads/moveit2_UR5/install/ur5_pick_place/share/ur5_pick_place/package.dsv
-- Installing: /home/trungty/Downloads/moveit2_UR5/install/ur5_pick_place/share/ament_index/resource_index/packages/ur5_pick_place
-- Installing: /home/trungty/Downloads/moveit2_UR5/install/ur5_pick_place/share/ur5_pick_place/cmake/ur5_pick_placeConfig.cmake
-- Installing: /home/trungty/Downloads/moveit2_UR5/install/ur5_pick_place/share/ur5_pick_place/cmake/ur5_pick_placeConfig-version.cmake
-- Installing: /home/trungty/Downloads/moveit2_UR5/install/ur5_pick_place/share/ur5_pick_place/package.xml
