[0.153s] Invoking command in '/home/trungty/Downloads/moveit2_UR5/build/ur5_pick_place': CMAKE_PREFIX_PATH=${CMAKE_PREFIX_PATH}:/home/trungty/ws_moveit2/install/moveit_configs_utils:/home/trungty/ws_moveit2/install/launch_param_builder:/opt/ros/humble CONDA_PROMPT_MODIFIER=(base) /usr/bin/cmake /home/trungty/Downloads/moveit2_UR5/src/ur5_pick_place -DCMAKE_INSTALL_PREFIX=/home/trungty/Downloads/moveit2_UR5/install/ur5_pick_place
[0.210s] -- The C compiler identification is GNU 11.4.0
[0.248s] -- The CXX compiler identification is GNU 11.4.0
[0.253s] -- Detecting C compiler ABI info
[0.301s] -- Detecting C compiler ABI info - done
[0.307s] -- Check for working C compiler: /usr/bin/cc - skipped
[0.307s] -- Detecting C compile features
[0.307s] -- Detecting C compile features - done
[0.309s] -- Detecting CXX compiler ABI info
[0.364s] -- Detecting CXX compiler ABI info - done
[0.370s] -- Check for working CXX compiler: /usr/bin/c++ - skipped
[0.370s] -- Detecting CXX compile features
[0.370s] -- Detecting CXX compile features - done
[0.374s] -- Found ament_cmake: 1.3.11 (/opt/ros/humble/share/ament_cmake/cmake)
[0.625s] -- Found Python3: /home/trungty/anaconda3/bin/python3 (found version "3.12.7") found components: Interpreter 
[0.717s] -- Found ament_lint_auto: 0.12.12 (/opt/ros/humble/share/ament_lint_auto/cmake)
[0.800s] -- Added test 'cppcheck' to perform static code analysis on C / C++ code
[0.801s] -- Configured cppcheck include dirs: $<BUILD_INTERFACE:/home/trungty/Downloads/moveit2_UR5/src/ur5_pick_place/include>
[0.801s] -- Configured cppcheck exclude dirs and/or files: 
[0.802s] -- Added test 'lint_cmake' to check CMake code style
[0.803s] -- Added test 'uncrustify' to check C / C++ code style
[0.803s] -- Configured uncrustify additional arguments: 
[0.804s] -- Added test 'xmllint' to check XML markup files
[0.806s] -- Configuring done
[0.808s] -- Generating done
[0.810s] -- Build files have been written to: /home/trungty/Downloads/moveit2_UR5/build/ur5_pick_place
[0.813s] Invoked command in '/home/trungty/Downloads/moveit2_UR5/build/ur5_pick_place' returned '0': CMAKE_PREFIX_PATH=${CMAKE_PREFIX_PATH}:/home/trungty/ws_moveit2/install/moveit_configs_utils:/home/trungty/ws_moveit2/install/launch_param_builder:/opt/ros/humble CONDA_PROMPT_MODIFIER=(base) /usr/bin/cmake /home/trungty/Downloads/moveit2_UR5/src/ur5_pick_place -DCMAKE_INSTALL_PREFIX=/home/trungty/Downloads/moveit2_UR5/install/ur5_pick_place
[0.814s] Invoking command in '/home/trungty/Downloads/moveit2_UR5/build/ur5_pick_place': CMAKE_PREFIX_PATH=${CMAKE_PREFIX_PATH}:/home/trungty/ws_moveit2/install/moveit_configs_utils:/home/trungty/ws_moveit2/install/launch_param_builder:/opt/ros/humble CONDA_PROMPT_MODIFIER=(base) /usr/bin/cmake --build /home/trungty/Downloads/moveit2_UR5/build/ur5_pick_place -- -j12 -l12
[0.867s] [ 50%] [32mBuilding CXX object CMakeFiles/pnp_task.dir/src/pnp_task.cpp.o[0m
[0.887s] [100%] [32m[1mLinking CXX executable pnp_task[0m
[0.929s] [100%] Built target pnp_task
[0.936s] Invoked command in '/home/trungty/Downloads/moveit2_UR5/build/ur5_pick_place' returned '0': CMAKE_PREFIX_PATH=${CMAKE_PREFIX_PATH}:/home/trungty/ws_moveit2/install/moveit_configs_utils:/home/trungty/ws_moveit2/install/launch_param_builder:/opt/ros/humble CONDA_PROMPT_MODIFIER=(base) /usr/bin/cmake --build /home/trungty/Downloads/moveit2_UR5/build/ur5_pick_place -- -j12 -l12
[0.937s] Invoking command in '/home/trungty/Downloads/moveit2_UR5/build/ur5_pick_place': CMAKE_PREFIX_PATH=${CMAKE_PREFIX_PATH}:/home/trungty/ws_moveit2/install/moveit_configs_utils:/home/trungty/ws_moveit2/install/launch_param_builder:/opt/ros/humble CONDA_PROMPT_MODIFIER=(base) /usr/bin/cmake --install /home/trungty/Downloads/moveit2_UR5/build/ur5_pick_place
[0.942s] -- Install configuration: ""
[0.942s] -- Installing: /home/trungty/Downloads/moveit2_UR5/install/ur5_pick_place/lib/ur5_pick_place/pnp_task
[0.943s] -- Installing: /home/trungty/Downloads/moveit2_UR5/install/ur5_pick_place/share/ament_index/resource_index/package_run_dependencies/ur5_pick_place
[0.943s] -- Installing: /home/trungty/Downloads/moveit2_UR5/install/ur5_pick_place/share/ament_index/resource_index/parent_prefix_path/ur5_pick_place
[0.943s] -- Installing: /home/trungty/Downloads/moveit2_UR5/install/ur5_pick_place/share/ur5_pick_place/environment/ament_prefix_path.sh
[0.943s] -- Installing: /home/trungty/Downloads/moveit2_UR5/install/ur5_pick_place/share/ur5_pick_place/environment/ament_prefix_path.dsv
[0.943s] -- Installing: /home/trungty/Downloads/moveit2_UR5/install/ur5_pick_place/share/ur5_pick_place/environment/path.sh
[0.943s] -- Installing: /home/trungty/Downloads/moveit2_UR5/install/ur5_pick_place/share/ur5_pick_place/environment/path.dsv
[0.943s] -- Installing: /home/trungty/Downloads/moveit2_UR5/install/ur5_pick_place/share/ur5_pick_place/local_setup.bash
[0.943s] -- Installing: /home/trungty/Downloads/moveit2_UR5/install/ur5_pick_place/share/ur5_pick_place/local_setup.sh
[0.943s] -- Installing: /home/trungty/Downloads/moveit2_UR5/install/ur5_pick_place/share/ur5_pick_place/local_setup.zsh
[0.943s] -- Installing: /home/trungty/Downloads/moveit2_UR5/install/ur5_pick_place/share/ur5_pick_place/local_setup.dsv
[0.943s] -- Installing: /home/trungty/Downloads/moveit2_UR5/install/ur5_pick_place/share/ur5_pick_place/package.dsv
[0.943s] -- Installing: /home/trungty/Downloads/moveit2_UR5/install/ur5_pick_place/share/ament_index/resource_index/packages/ur5_pick_place
[0.943s] -- Installing: /home/trungty/Downloads/moveit2_UR5/install/ur5_pick_place/share/ur5_pick_place/cmake/ur5_pick_placeConfig.cmake
[0.944s] -- Installing: /home/trungty/Downloads/moveit2_UR5/install/ur5_pick_place/share/ur5_pick_place/cmake/ur5_pick_placeConfig-version.cmake
[0.944s] -- Installing: /home/trungty/Downloads/moveit2_UR5/install/ur5_pick_place/share/ur5_pick_place/package.xml
[0.945s] Invoked command in '/home/trungty/Downloads/moveit2_UR5/build/ur5_pick_place' returned '0': CMAKE_PREFIX_PATH=${CMAKE_PREFIX_PATH}:/home/trungty/ws_moveit2/install/moveit_configs_utils:/home/trungty/ws_moveit2/install/launch_param_builder:/opt/ros/humble CONDA_PROMPT_MODIFIER=(base) /usr/bin/cmake --install /home/trungty/Downloads/moveit2_UR5/build/ur5_pick_place
