[0.075s] DEBUG:colcon:Command line arguments: ['/usr/bin/colcon', 'build']
[0.075s] DEBUG:colcon:Parsed command line arguments: Namespace(log_base=None, log_level=None, verb_name='build', build_base='build', install_base='install', merge_install=False, symlink_install=False, test_result_base=None, continue_on_error=False, executor='parallel', parallel_workers=12, event_handlers=None, ignore_user_meta=False, metas=['./colcon.meta'], base_paths=['.'], packages_ignore=None, packages_ignore_regex=None, paths=None, packages_up_to=None, packages_up_to_regex=None, packages_above=None, packages_above_and_dependencies=None, packages_above_depth=None, packages_select_by_dep=None, packages_skip_by_dep=None, packages_skip_up_to=None, packages_select_build_failed=False, packages_skip_build_finished=False, packages_select_test_failures=False, packages_skip_test_passed=False, packages_select=None, packages_skip=None, packages_select_regex=None, packages_skip_regex=None, packages_start=None, packages_end=None, allow_overriding=[], cmake_args=None, cmake_target=None, cmake_target_skip_unavailable=False, cmake_clean_cache=False, cmake_clean_first=False, cmake_force_configure=False, ament_cmake_args=None, catkin_cmake_args=None, catkin_skip_building_tests=False, mixin_files=None, mixin=None, verb_parser=<colcon_mixin.mixin.mixin_argument.MixinArgumentDecorator object at 0x730e347bb970>, verb_extension=<colcon_core.verb.build.BuildVerb object at 0x730e3477d210>, main=<bound method BuildVerb.main of <colcon_core.verb.build.BuildVerb object at 0x730e3477d210>>, mixin_verb=('build',))
[0.174s] Level 1:colcon.colcon_core.package_discovery:discover_packages(colcon_meta) check parameters
[0.174s] Level 1:colcon.colcon_core.package_discovery:discover_packages(recursive) check parameters
[0.174s] Level 1:colcon.colcon_core.package_discovery:discover_packages(ignore) check parameters
[0.174s] Level 1:colcon.colcon_core.package_discovery:discover_packages(path) check parameters
[0.174s] Level 1:colcon.colcon_core.package_discovery:discover_packages(colcon_meta) discover
[0.174s] Level 1:colcon.colcon_core.package_discovery:discover_packages(recursive) discover
[0.174s] INFO:colcon.colcon_core.package_discovery:Crawling recursively for packages in '/home/trungty/Downloads/moveit2_UR5'
[0.175s] Level 1:colcon.colcon_core.package_identification:_identify(.) by extensions ['ignore', 'ignore_ament_install']
[0.175s] Level 1:colcon.colcon_core.package_identification:_identify(.) by extension 'ignore'
[0.175s] Level 1:colcon.colcon_core.package_identification:_identify(.) by extension 'ignore_ament_install'
[0.175s] Level 1:colcon.colcon_core.package_identification:_identify(.) by extensions ['colcon_pkg']
[0.175s] Level 1:colcon.colcon_core.package_identification:_identify(.) by extension 'colcon_pkg'
[0.175s] Level 1:colcon.colcon_core.package_identification:_identify(.) by extensions ['colcon_meta']
[0.175s] Level 1:colcon.colcon_core.package_identification:_identify(.) by extension 'colcon_meta'
[0.175s] Level 1:colcon.colcon_core.package_identification:_identify(.) by extensions ['ros']
[0.175s] Level 1:colcon.colcon_core.package_identification:_identify(.) by extension 'ros'
[0.182s] Level 1:colcon.colcon_core.package_identification:_identify(.) by extensions ['cmake', 'python']
[0.182s] Level 1:colcon.colcon_core.package_identification:_identify(.) by extension 'cmake'
[0.182s] Level 1:colcon.colcon_core.package_identification:_identify(.) by extension 'python'
[0.182s] Level 1:colcon.colcon_core.package_identification:_identify(.) by extensions ['python_setup_py']
[0.182s] Level 1:colcon.colcon_core.package_identification:_identify(.) by extension 'python_setup_py'
[0.182s] Level 1:colcon.colcon_core.package_identification:_identify(build) by extensions ['ignore', 'ignore_ament_install']
[0.182s] Level 1:colcon.colcon_core.package_identification:_identify(build) by extension 'ignore'
[0.182s] Level 1:colcon.colcon_core.package_identification:_identify(build) ignored
[0.182s] Level 1:colcon.colcon_core.package_identification:_identify(install) by extensions ['ignore', 'ignore_ament_install']
[0.182s] Level 1:colcon.colcon_core.package_identification:_identify(install) by extension 'ignore'
[0.182s] Level 1:colcon.colcon_core.package_identification:_identify(install) ignored
[0.182s] Level 1:colcon.colcon_core.package_identification:_identify(log) by extensions ['ignore', 'ignore_ament_install']
[0.182s] Level 1:colcon.colcon_core.package_identification:_identify(log) by extension 'ignore'
[0.182s] Level 1:colcon.colcon_core.package_identification:_identify(log) ignored
[0.182s] Level 1:colcon.colcon_core.package_identification:_identify(src) by extensions ['ignore', 'ignore_ament_install']
[0.182s] Level 1:colcon.colcon_core.package_identification:_identify(src) by extension 'ignore'
[0.182s] Level 1:colcon.colcon_core.package_identification:_identify(src) by extension 'ignore_ament_install'
[0.182s] Level 1:colcon.colcon_core.package_identification:_identify(src) by extensions ['colcon_pkg']
[0.182s] Level 1:colcon.colcon_core.package_identification:_identify(src) by extension 'colcon_pkg'
[0.182s] Level 1:colcon.colcon_core.package_identification:_identify(src) by extensions ['colcon_meta']
[0.182s] Level 1:colcon.colcon_core.package_identification:_identify(src) by extension 'colcon_meta'
[0.182s] Level 1:colcon.colcon_core.package_identification:_identify(src) by extensions ['ros']
[0.182s] Level 1:colcon.colcon_core.package_identification:_identify(src) by extension 'ros'
[0.182s] Level 1:colcon.colcon_core.package_identification:_identify(src) by extensions ['cmake', 'python']
[0.183s] Level 1:colcon.colcon_core.package_identification:_identify(src) by extension 'cmake'
[0.183s] Level 1:colcon.colcon_core.package_identification:_identify(src) by extension 'python'
[0.183s] Level 1:colcon.colcon_core.package_identification:_identify(src) by extensions ['python_setup_py']
[0.183s] Level 1:colcon.colcon_core.package_identification:_identify(src) by extension 'python_setup_py'
[0.183s] Level 1:colcon.colcon_core.package_identification:_identify(src/ball_detector) by extensions ['ignore', 'ignore_ament_install']
[0.183s] Level 1:colcon.colcon_core.package_identification:_identify(src/ball_detector) by extension 'ignore'
[0.183s] Level 1:colcon.colcon_core.package_identification:_identify(src/ball_detector) by extension 'ignore_ament_install'
[0.183s] Level 1:colcon.colcon_core.package_identification:_identify(src/ball_detector) by extensions ['colcon_pkg']
[0.183s] Level 1:colcon.colcon_core.package_identification:_identify(src/ball_detector) by extension 'colcon_pkg'
[0.183s] Level 1:colcon.colcon_core.package_identification:_identify(src/ball_detector) by extensions ['colcon_meta']
[0.183s] Level 1:colcon.colcon_core.package_identification:_identify(src/ball_detector) by extension 'colcon_meta'
[0.183s] Level 1:colcon.colcon_core.package_identification:_identify(src/ball_detector) by extensions ['ros']
[0.183s] Level 1:colcon.colcon_core.package_identification:_identify(src/ball_detector) by extension 'ros'
[0.184s] DEBUG:colcon.colcon_core.package_identification:Package 'src/ball_detector' with type 'ros.ament_python' and name 'ball_detector'
[0.184s] Level 1:colcon.colcon_core.package_identification:_identify(src/camera_viewer) by extensions ['ignore', 'ignore_ament_install']
[0.185s] Level 1:colcon.colcon_core.package_identification:_identify(src/camera_viewer) by extension 'ignore'
[0.185s] Level 1:colcon.colcon_core.package_identification:_identify(src/camera_viewer) by extension 'ignore_ament_install'
[0.185s] Level 1:colcon.colcon_core.package_identification:_identify(src/camera_viewer) by extensions ['colcon_pkg']
[0.185s] Level 1:colcon.colcon_core.package_identification:_identify(src/camera_viewer) by extension 'colcon_pkg'
[0.185s] Level 1:colcon.colcon_core.package_identification:_identify(src/camera_viewer) by extensions ['colcon_meta']
[0.185s] Level 1:colcon.colcon_core.package_identification:_identify(src/camera_viewer) by extension 'colcon_meta'
[0.185s] Level 1:colcon.colcon_core.package_identification:_identify(src/camera_viewer) by extensions ['ros']
[0.185s] Level 1:colcon.colcon_core.package_identification:_identify(src/camera_viewer) by extension 'ros'
[0.185s] DEBUG:colcon.colcon_core.package_identification:Package 'src/camera_viewer' with type 'ros.ament_python' and name 'camera_viewer'
[0.185s] Level 1:colcon.colcon_core.package_identification:_identify(src/motion_program) by extensions ['ignore', 'ignore_ament_install']
[0.185s] Level 1:colcon.colcon_core.package_identification:_identify(src/motion_program) by extension 'ignore'
[0.185s] Level 1:colcon.colcon_core.package_identification:_identify(src/motion_program) by extension 'ignore_ament_install'
[0.185s] Level 1:colcon.colcon_core.package_identification:_identify(src/motion_program) by extensions ['colcon_pkg']
[0.185s] Level 1:colcon.colcon_core.package_identification:_identify(src/motion_program) by extension 'colcon_pkg'
[0.185s] Level 1:colcon.colcon_core.package_identification:_identify(src/motion_program) by extensions ['colcon_meta']
[0.185s] Level 1:colcon.colcon_core.package_identification:_identify(src/motion_program) by extension 'colcon_meta'
[0.185s] Level 1:colcon.colcon_core.package_identification:_identify(src/motion_program) by extensions ['ros']
[0.185s] Level 1:colcon.colcon_core.package_identification:_identify(src/motion_program) by extension 'ros'
[0.186s] DEBUG:colcon.colcon_core.package_identification:Package 'src/motion_program' with type 'ros.ament_cmake' and name 'motion_program'
[0.186s] Level 1:colcon.colcon_core.package_identification:_identify(src/robot_description) by extensions ['ignore', 'ignore_ament_install']
[0.186s] Level 1:colcon.colcon_core.package_identification:_identify(src/robot_description) by extension 'ignore'
[0.186s] Level 1:colcon.colcon_core.package_identification:_identify(src/robot_description) by extension 'ignore_ament_install'
[0.186s] Level 1:colcon.colcon_core.package_identification:_identify(src/robot_description) by extensions ['colcon_pkg']
[0.186s] Level 1:colcon.colcon_core.package_identification:_identify(src/robot_description) by extension 'colcon_pkg'
[0.186s] Level 1:colcon.colcon_core.package_identification:_identify(src/robot_description) by extensions ['colcon_meta']
[0.186s] Level 1:colcon.colcon_core.package_identification:_identify(src/robot_description) by extension 'colcon_meta'
[0.186s] Level 1:colcon.colcon_core.package_identification:_identify(src/robot_description) by extensions ['ros']
[0.186s] Level 1:colcon.colcon_core.package_identification:_identify(src/robot_description) by extension 'ros'
[0.186s] DEBUG:colcon.colcon_core.package_identification:Package 'src/robot_description' with type 'ros.ament_cmake' and name 'robot_description'
[0.187s] Level 1:colcon.colcon_core.package_identification:_identify(src/ur5_moveit_config) by extensions ['ignore', 'ignore_ament_install']
[0.187s] Level 1:colcon.colcon_core.package_identification:_identify(src/ur5_moveit_config) by extension 'ignore'
[0.187s] Level 1:colcon.colcon_core.package_identification:_identify(src/ur5_moveit_config) by extension 'ignore_ament_install'
[0.187s] Level 1:colcon.colcon_core.package_identification:_identify(src/ur5_moveit_config) by extensions ['colcon_pkg']
[0.187s] Level 1:colcon.colcon_core.package_identification:_identify(src/ur5_moveit_config) by extension 'colcon_pkg'
[0.187s] Level 1:colcon.colcon_core.package_identification:_identify(src/ur5_moveit_config) by extensions ['colcon_meta']
[0.187s] Level 1:colcon.colcon_core.package_identification:_identify(src/ur5_moveit_config) by extension 'colcon_meta'
[0.187s] Level 1:colcon.colcon_core.package_identification:_identify(src/ur5_moveit_config) by extensions ['ros']
[0.187s] Level 1:colcon.colcon_core.package_identification:_identify(src/ur5_moveit_config) by extension 'ros'
[0.187s] DEBUG:colcon.colcon_core.package_identification:Package 'src/ur5_moveit_config' with type 'ros.ament_cmake' and name 'ur5_moveit_config'
[0.187s] Level 1:colcon.colcon_core.package_discovery:discover_packages(recursive) using defaults
[0.187s] Level 1:colcon.colcon_core.package_discovery:discover_packages(ignore) discover
[0.187s] Level 1:colcon.colcon_core.package_discovery:discover_packages(ignore) using defaults
[0.187s] Level 1:colcon.colcon_core.package_discovery:discover_packages(path) discover
[0.187s] Level 1:colcon.colcon_core.package_discovery:discover_packages(path) using defaults
[0.207s] Level 1:colcon.colcon_core.package_discovery:discover_packages(prefix_path) check parameters
[0.207s] Level 1:colcon.colcon_core.package_discovery:discover_packages(prefix_path) discover
[0.209s] DEBUG:colcon.colcon_installed_package_information.package_discovery:Found 5 installed packages in /home/trungty/Downloads/moveit2_UR5/install
[0.210s] DEBUG:colcon.colcon_installed_package_information.package_discovery:Found 11 installed packages in /home/trungty/colcon_ws/install
[0.211s] DEBUG:colcon.colcon_installed_package_information.package_discovery:Found 56 installed packages in /home/trungty/ws_moveit2/install
[0.212s] DEBUG:colcon.colcon_installed_package_information.package_discovery:Found 355 installed packages in /opt/ros/humble
[0.213s] Level 1:colcon.colcon_core.package_discovery:discover_packages(prefix_path) using defaults
[0.243s] Level 5:colcon.colcon_core.verb:set package 'ball_detector' build argument 'cmake_args' from command line to 'None'
[0.243s] Level 5:colcon.colcon_core.verb:set package 'ball_detector' build argument 'cmake_target' from command line to 'None'
[0.243s] Level 5:colcon.colcon_core.verb:set package 'ball_detector' build argument 'cmake_target_skip_unavailable' from command line to 'False'
[0.243s] Level 5:colcon.colcon_core.verb:set package 'ball_detector' build argument 'cmake_clean_cache' from command line to 'False'
[0.243s] Level 5:colcon.colcon_core.verb:set package 'ball_detector' build argument 'cmake_clean_first' from command line to 'False'
[0.243s] Level 5:colcon.colcon_core.verb:set package 'ball_detector' build argument 'cmake_force_configure' from command line to 'False'
[0.243s] Level 5:colcon.colcon_core.verb:set package 'ball_detector' build argument 'ament_cmake_args' from command line to 'None'
[0.243s] Level 5:colcon.colcon_core.verb:set package 'ball_detector' build argument 'catkin_cmake_args' from command line to 'None'
[0.243s] Level 5:colcon.colcon_core.verb:set package 'ball_detector' build argument 'catkin_skip_building_tests' from command line to 'False'
[0.243s] DEBUG:colcon.colcon_core.verb:Building package 'ball_detector' with the following arguments: {'ament_cmake_args': None, 'build_base': '/home/trungty/Downloads/moveit2_UR5/build/ball_detector', 'catkin_cmake_args': None, 'catkin_skip_building_tests': False, 'cmake_args': None, 'cmake_clean_cache': False, 'cmake_clean_first': False, 'cmake_force_configure': False, 'cmake_target': None, 'cmake_target_skip_unavailable': False, 'install_base': '/home/trungty/Downloads/moveit2_UR5/install/ball_detector', 'merge_install': False, 'path': '/home/trungty/Downloads/moveit2_UR5/src/ball_detector', 'symlink_install': False, 'test_result_base': None}
[0.243s] Level 5:colcon.colcon_core.verb:set package 'camera_viewer' build argument 'cmake_args' from command line to 'None'
[0.243s] Level 5:colcon.colcon_core.verb:set package 'camera_viewer' build argument 'cmake_target' from command line to 'None'
[0.243s] Level 5:colcon.colcon_core.verb:set package 'camera_viewer' build argument 'cmake_target_skip_unavailable' from command line to 'False'
[0.243s] Level 5:colcon.colcon_core.verb:set package 'camera_viewer' build argument 'cmake_clean_cache' from command line to 'False'
[0.243s] Level 5:colcon.colcon_core.verb:set package 'camera_viewer' build argument 'cmake_clean_first' from command line to 'False'
[0.243s] Level 5:colcon.colcon_core.verb:set package 'camera_viewer' build argument 'cmake_force_configure' from command line to 'False'
[0.243s] Level 5:colcon.colcon_core.verb:set package 'camera_viewer' build argument 'ament_cmake_args' from command line to 'None'
[0.243s] Level 5:colcon.colcon_core.verb:set package 'camera_viewer' build argument 'catkin_cmake_args' from command line to 'None'
[0.243s] Level 5:colcon.colcon_core.verb:set package 'camera_viewer' build argument 'catkin_skip_building_tests' from command line to 'False'
[0.243s] DEBUG:colcon.colcon_core.verb:Building package 'camera_viewer' with the following arguments: {'ament_cmake_args': None, 'build_base': '/home/trungty/Downloads/moveit2_UR5/build/camera_viewer', 'catkin_cmake_args': None, 'catkin_skip_building_tests': False, 'cmake_args': None, 'cmake_clean_cache': False, 'cmake_clean_first': False, 'cmake_force_configure': False, 'cmake_target': None, 'cmake_target_skip_unavailable': False, 'install_base': '/home/trungty/Downloads/moveit2_UR5/install/camera_viewer', 'merge_install': False, 'path': '/home/trungty/Downloads/moveit2_UR5/src/camera_viewer', 'symlink_install': False, 'test_result_base': None}
[0.243s] Level 5:colcon.colcon_core.verb:set package 'motion_program' build argument 'cmake_args' from command line to 'None'
[0.243s] Level 5:colcon.colcon_core.verb:set package 'motion_program' build argument 'cmake_target' from command line to 'None'
[0.243s] Level 5:colcon.colcon_core.verb:set package 'motion_program' build argument 'cmake_target_skip_unavailable' from command line to 'False'
[0.243s] Level 5:colcon.colcon_core.verb:set package 'motion_program' build argument 'cmake_clean_cache' from command line to 'False'
[0.243s] Level 5:colcon.colcon_core.verb:set package 'motion_program' build argument 'cmake_clean_first' from command line to 'False'
[0.243s] Level 5:colcon.colcon_core.verb:set package 'motion_program' build argument 'cmake_force_configure' from command line to 'False'
[0.243s] Level 5:colcon.colcon_core.verb:set package 'motion_program' build argument 'ament_cmake_args' from command line to 'None'
[0.243s] Level 5:colcon.colcon_core.verb:set package 'motion_program' build argument 'catkin_cmake_args' from command line to 'None'
[0.243s] Level 5:colcon.colcon_core.verb:set package 'motion_program' build argument 'catkin_skip_building_tests' from command line to 'False'
[0.243s] DEBUG:colcon.colcon_core.verb:Building package 'motion_program' with the following arguments: {'ament_cmake_args': None, 'build_base': '/home/trungty/Downloads/moveit2_UR5/build/motion_program', 'catkin_cmake_args': None, 'catkin_skip_building_tests': False, 'cmake_args': None, 'cmake_clean_cache': False, 'cmake_clean_first': False, 'cmake_force_configure': False, 'cmake_target': None, 'cmake_target_skip_unavailable': False, 'install_base': '/home/trungty/Downloads/moveit2_UR5/install/motion_program', 'merge_install': False, 'path': '/home/trungty/Downloads/moveit2_UR5/src/motion_program', 'symlink_install': False, 'test_result_base': None}
[0.244s] Level 5:colcon.colcon_core.verb:set package 'robot_description' build argument 'cmake_args' from command line to 'None'
[0.244s] Level 5:colcon.colcon_core.verb:set package 'robot_description' build argument 'cmake_target' from command line to 'None'
[0.244s] Level 5:colcon.colcon_core.verb:set package 'robot_description' build argument 'cmake_target_skip_unavailable' from command line to 'False'
[0.244s] Level 5:colcon.colcon_core.verb:set package 'robot_description' build argument 'cmake_clean_cache' from command line to 'False'
[0.244s] Level 5:colcon.colcon_core.verb:set package 'robot_description' build argument 'cmake_clean_first' from command line to 'False'
[0.244s] Level 5:colcon.colcon_core.verb:set package 'robot_description' build argument 'cmake_force_configure' from command line to 'False'
[0.244s] Level 5:colcon.colcon_core.verb:set package 'robot_description' build argument 'ament_cmake_args' from command line to 'None'
[0.244s] Level 5:colcon.colcon_core.verb:set package 'robot_description' build argument 'catkin_cmake_args' from command line to 'None'
[0.244s] Level 5:colcon.colcon_core.verb:set package 'robot_description' build argument 'catkin_skip_building_tests' from command line to 'False'
[0.244s] DEBUG:colcon.colcon_core.verb:Building package 'robot_description' with the following arguments: {'ament_cmake_args': None, 'build_base': '/home/trungty/Downloads/moveit2_UR5/build/robot_description', 'catkin_cmake_args': None, 'catkin_skip_building_tests': False, 'cmake_args': None, 'cmake_clean_cache': False, 'cmake_clean_first': False, 'cmake_force_configure': False, 'cmake_target': None, 'cmake_target_skip_unavailable': False, 'install_base': '/home/trungty/Downloads/moveit2_UR5/install/robot_description', 'merge_install': False, 'path': '/home/trungty/Downloads/moveit2_UR5/src/robot_description', 'symlink_install': False, 'test_result_base': None}
[0.244s] Level 5:colcon.colcon_core.verb:set package 'ur5_moveit_config' build argument 'cmake_args' from command line to 'None'
[0.244s] Level 5:colcon.colcon_core.verb:set package 'ur5_moveit_config' build argument 'cmake_target' from command line to 'None'
[0.244s] Level 5:colcon.colcon_core.verb:set package 'ur5_moveit_config' build argument 'cmake_target_skip_unavailable' from command line to 'False'
[0.244s] Level 5:colcon.colcon_core.verb:set package 'ur5_moveit_config' build argument 'cmake_clean_cache' from command line to 'False'
[0.244s] Level 5:colcon.colcon_core.verb:set package 'ur5_moveit_config' build argument 'cmake_clean_first' from command line to 'False'
[0.244s] Level 5:colcon.colcon_core.verb:set package 'ur5_moveit_config' build argument 'cmake_force_configure' from command line to 'False'
[0.244s] Level 5:colcon.colcon_core.verb:set package 'ur5_moveit_config' build argument 'ament_cmake_args' from command line to 'None'
[0.244s] Level 5:colcon.colcon_core.verb:set package 'ur5_moveit_config' build argument 'catkin_cmake_args' from command line to 'None'
[0.244s] Level 5:colcon.colcon_core.verb:set package 'ur5_moveit_config' build argument 'catkin_skip_building_tests' from command line to 'False'
[0.244s] DEBUG:colcon.colcon_core.verb:Building package 'ur5_moveit_config' with the following arguments: {'ament_cmake_args': None, 'build_base': '/home/trungty/Downloads/moveit2_UR5/build/ur5_moveit_config', 'catkin_cmake_args': None, 'catkin_skip_building_tests': False, 'cmake_args': None, 'cmake_clean_cache': False, 'cmake_clean_first': False, 'cmake_force_configure': False, 'cmake_target': None, 'cmake_target_skip_unavailable': False, 'install_base': '/home/trungty/Downloads/moveit2_UR5/install/ur5_moveit_config', 'merge_install': False, 'path': '/home/trungty/Downloads/moveit2_UR5/src/ur5_moveit_config', 'symlink_install': False, 'test_result_base': None}
[0.244s] INFO:colcon.colcon_core.executor:Executing jobs using 'parallel' executor
[0.245s] DEBUG:colcon.colcon_parallel_executor.executor.parallel:run_until_complete
[0.245s] INFO:colcon.colcon_ros.task.ament_cmake.build:Building ROS package in '/home/trungty/Downloads/moveit2_UR5/src/robot_description' with build type 'ament_cmake'
[0.245s] INFO:colcon.colcon_cmake.task.cmake.build:Building CMake package in '/home/trungty/Downloads/moveit2_UR5/src/robot_description'
[0.246s] INFO:colcon.colcon_core.plugin_system:Skipping extension 'colcon_core.shell.bat': Not used on non-Windows systems
[0.246s] INFO:colcon.colcon_core.shell:Skip shell extension 'powershell' for command environment: Not usable outside of PowerShell
[0.246s] DEBUG:colcon.colcon_core.shell:Skip shell extension 'dsv' for command environment
[0.251s] INFO:colcon.colcon_ros.task.ament_python.build:Building ROS package in '/home/trungty/Downloads/moveit2_UR5/src/ball_detector' with build type 'ament_python'
[0.251s] Level 1:colcon.colcon_core.shell:create_environment_hook('ball_detector', 'ament_prefix_path')
[0.251s] INFO:colcon.colcon_core.shell:Creating environment hook '/home/trungty/Downloads/moveit2_UR5/install/ball_detector/share/ball_detector/hook/ament_prefix_path.ps1'
[0.251s] INFO:colcon.colcon_core.shell:Creating environment descriptor '/home/trungty/Downloads/moveit2_UR5/install/ball_detector/share/ball_detector/hook/ament_prefix_path.dsv'
[0.251s] INFO:colcon.colcon_core.shell:Creating environment hook '/home/trungty/Downloads/moveit2_UR5/install/ball_detector/share/ball_detector/hook/ament_prefix_path.sh'
[0.252s] INFO:colcon.colcon_core.shell:Skip shell extension 'powershell' for command environment: Not usable outside of PowerShell
[0.252s] DEBUG:colcon.colcon_core.shell:Skip shell extension 'dsv' for command environment
[0.256s] INFO:colcon.colcon_ros.task.ament_python.build:Building ROS package in '/home/trungty/Downloads/moveit2_UR5/src/camera_viewer' with build type 'ament_python'
[0.256s] Level 1:colcon.colcon_core.shell:create_environment_hook('camera_viewer', 'ament_prefix_path')
[0.256s] INFO:colcon.colcon_core.shell:Creating environment hook '/home/trungty/Downloads/moveit2_UR5/install/camera_viewer/share/camera_viewer/hook/ament_prefix_path.ps1'
[0.256s] INFO:colcon.colcon_core.shell:Creating environment descriptor '/home/trungty/Downloads/moveit2_UR5/install/camera_viewer/share/camera_viewer/hook/ament_prefix_path.dsv'
[0.257s] INFO:colcon.colcon_core.shell:Creating environment hook '/home/trungty/Downloads/moveit2_UR5/install/camera_viewer/share/camera_viewer/hook/ament_prefix_path.sh'
[0.257s] INFO:colcon.colcon_core.shell:Skip shell extension 'powershell' for command environment: Not usable outside of PowerShell
[0.257s] DEBUG:colcon.colcon_core.shell:Skip shell extension 'dsv' for command environment
[0.261s] INFO:colcon.colcon_ros.task.ament_cmake.build:Building ROS package in '/home/trungty/Downloads/moveit2_UR5/src/motion_program' with build type 'ament_cmake'
[0.261s] INFO:colcon.colcon_cmake.task.cmake.build:Building CMake package in '/home/trungty/Downloads/moveit2_UR5/src/motion_program'
[0.262s] INFO:colcon.colcon_core.shell:Skip shell extension 'powershell' for command environment: Not usable outside of PowerShell
[0.262s] DEBUG:colcon.colcon_core.shell:Skip shell extension 'dsv' for command environment
[0.269s] DEBUG:colcon.colcon_core.event_handler.log_command:Invoking command in '/home/trungty/Downloads/moveit2_UR5/build/robot_description': CMAKE_PREFIX_PATH=${CMAKE_PREFIX_PATH}:/home/trungty/Downloads/moveit2_UR5/install/camera_viewer:/home/trungty/Downloads/moveit2_UR5/install/ball_detector:/home/trungty/ws_moveit2/install/moveit_configs_utils:/home/trungty/ws_moveit2/install/launch_param_builder:/opt/ros/humble CONDA_PROMPT_MODIFIER=(base) /usr/bin/cmake --build /home/trungty/Downloads/moveit2_UR5/build/robot_description -- -j12 -l12
[0.425s] WARNING:colcon.colcon_ros.task.ament_python.build:Package 'ball_detector' doesn't explicitly install a marker in the package index (colcon-ros currently does it implicitly but that fallback will be removed in the future)
[0.425s] INFO:colcon.colcon_core.task.python.build:Building Python package in '/home/trungty/Downloads/moveit2_UR5/src/ball_detector'
[0.425s] INFO:colcon.colcon_core.shell:Skip shell extension 'powershell' for command environment: Not usable outside of PowerShell
[0.426s] DEBUG:colcon.colcon_core.shell:Skip shell extension 'dsv' for command environment
[0.588s] INFO:colcon.colcon_core.task.python.build:Building Python package in '/home/trungty/Downloads/moveit2_UR5/src/camera_viewer'
[0.588s] INFO:colcon.colcon_core.shell:Skip shell extension 'powershell' for command environment: Not usable outside of PowerShell
[0.588s] DEBUG:colcon.colcon_core.shell:Skip shell extension 'dsv' for command environment
[0.595s] DEBUG:colcon.colcon_core.event_handler.log_command:Invoking command in '/home/trungty/Downloads/moveit2_UR5/build/motion_program': CMAKE_PREFIX_PATH=${CMAKE_PREFIX_PATH}:/home/trungty/Downloads/moveit2_UR5/install/camera_viewer:/home/trungty/Downloads/moveit2_UR5/install/ball_detector:/home/trungty/ws_moveit2/install/moveit_configs_utils:/home/trungty/ws_moveit2/install/launch_param_builder:/opt/ros/humble CONDA_PROMPT_MODIFIER=(base) /usr/bin/cmake --build /home/trungty/Downloads/moveit2_UR5/build/motion_program -- -j12 -l12
[0.595s] DEBUG:colcon.colcon_core.event_handler.log_command:Invoked command in '/home/trungty/Downloads/moveit2_UR5/build/robot_description' returned '0': CMAKE_PREFIX_PATH=${CMAKE_PREFIX_PATH}:/home/trungty/Downloads/moveit2_UR5/install/camera_viewer:/home/trungty/Downloads/moveit2_UR5/install/ball_detector:/home/trungty/ws_moveit2/install/moveit_configs_utils:/home/trungty/ws_moveit2/install/launch_param_builder:/opt/ros/humble CONDA_PROMPT_MODIFIER=(base) /usr/bin/cmake --build /home/trungty/Downloads/moveit2_UR5/build/robot_description -- -j12 -l12
[0.602s] DEBUG:colcon.colcon_core.event_handler.log_command:Invoking command in '/home/trungty/Downloads/moveit2_UR5/build/robot_description': CMAKE_PREFIX_PATH=${CMAKE_PREFIX_PATH}:/home/trungty/Downloads/moveit2_UR5/install/camera_viewer:/home/trungty/Downloads/moveit2_UR5/install/ball_detector:/home/trungty/ws_moveit2/install/moveit_configs_utils:/home/trungty/ws_moveit2/install/launch_param_builder:/opt/ros/humble CONDA_PROMPT_MODIFIER=(base) /usr/bin/cmake --install /home/trungty/Downloads/moveit2_UR5/build/robot_description
[0.612s] Level 1:colcon.colcon_core.environment:create_environment_scripts_only(robot_description)
[0.612s] DEBUG:colcon.colcon_core.event_handler.log_command:Invoked command in '/home/trungty/Downloads/moveit2_UR5/build/robot_description' returned '0': CMAKE_PREFIX_PATH=${CMAKE_PREFIX_PATH}:/home/trungty/Downloads/moveit2_UR5/install/camera_viewer:/home/trungty/Downloads/moveit2_UR5/install/ball_detector:/home/trungty/ws_moveit2/install/moveit_configs_utils:/home/trungty/ws_moveit2/install/launch_param_builder:/opt/ros/humble CONDA_PROMPT_MODIFIER=(base) /usr/bin/cmake --install /home/trungty/Downloads/moveit2_UR5/build/robot_description
[0.614s] Level 1:colcon.colcon_core.environment:checking '/home/trungty/Downloads/moveit2_UR5/install/robot_description' for CMake module files
[0.614s] Level 1:colcon.colcon_core.environment:checking '/home/trungty/Downloads/moveit2_UR5/install/robot_description' for CMake config files
[0.614s] Level 1:colcon.colcon_core.shell:create_environment_hook('robot_description', 'cmake_prefix_path')
[0.614s] INFO:colcon.colcon_core.shell:Creating environment hook '/home/trungty/Downloads/moveit2_UR5/install/robot_description/share/robot_description/hook/cmake_prefix_path.ps1'
[0.615s] INFO:colcon.colcon_core.shell:Creating environment descriptor '/home/trungty/Downloads/moveit2_UR5/install/robot_description/share/robot_description/hook/cmake_prefix_path.dsv'
[0.615s] INFO:colcon.colcon_core.shell:Creating environment hook '/home/trungty/Downloads/moveit2_UR5/install/robot_description/share/robot_description/hook/cmake_prefix_path.sh'
[0.616s] Level 1:colcon.colcon_core.environment:checking '/home/trungty/Downloads/moveit2_UR5/install/robot_description/bin'
[0.616s] Level 1:colcon.colcon_core.environment:checking '/home/trungty/Downloads/moveit2_UR5/install/robot_description/lib/pkgconfig/robot_description.pc'
[0.616s] Level 1:colcon.colcon_core.environment:checking '/home/trungty/Downloads/moveit2_UR5/install/robot_description/lib/python3.10/site-packages'
[0.616s] Level 1:colcon.colcon_core.environment:checking '/home/trungty/Downloads/moveit2_UR5/install/robot_description/bin'
[0.616s] INFO:colcon.colcon_core.shell:Creating package script '/home/trungty/Downloads/moveit2_UR5/install/robot_description/share/robot_description/package.ps1'
[0.617s] INFO:colcon.colcon_core.shell:Creating package descriptor '/home/trungty/Downloads/moveit2_UR5/install/robot_description/share/robot_description/package.dsv'
[0.617s] INFO:colcon.colcon_core.shell:Creating package script '/home/trungty/Downloads/moveit2_UR5/install/robot_description/share/robot_description/package.sh'
[0.617s] INFO:colcon.colcon_core.shell:Creating package script '/home/trungty/Downloads/moveit2_UR5/install/robot_description/share/robot_description/package.bash'
[0.618s] INFO:colcon.colcon_core.shell:Creating package script '/home/trungty/Downloads/moveit2_UR5/install/robot_description/share/robot_description/package.zsh'
[0.618s] Level 1:colcon.colcon_core.environment:create_file_with_runtime_dependencies(/home/trungty/Downloads/moveit2_UR5/install/robot_description/share/colcon-core/packages/robot_description)
[0.618s] Level 1:colcon.colcon_core.environment:create_environment_scripts_only(robot_description)
[0.618s] Level 1:colcon.colcon_core.environment:checking '/home/trungty/Downloads/moveit2_UR5/install/robot_description' for CMake module files
[0.619s] Level 1:colcon.colcon_core.environment:checking '/home/trungty/Downloads/moveit2_UR5/install/robot_description' for CMake config files
[0.619s] Level 1:colcon.colcon_core.shell:create_environment_hook('robot_description', 'cmake_prefix_path')
[0.619s] INFO:colcon.colcon_core.shell:Creating environment hook '/home/trungty/Downloads/moveit2_UR5/install/robot_description/share/robot_description/hook/cmake_prefix_path.ps1'
[0.619s] INFO:colcon.colcon_core.shell:Creating environment descriptor '/home/trungty/Downloads/moveit2_UR5/install/robot_description/share/robot_description/hook/cmake_prefix_path.dsv'
[0.619s] INFO:colcon.colcon_core.shell:Creating environment hook '/home/trungty/Downloads/moveit2_UR5/install/robot_description/share/robot_description/hook/cmake_prefix_path.sh'
[0.620s] Level 1:colcon.colcon_core.environment:checking '/home/trungty/Downloads/moveit2_UR5/install/robot_description/bin'
[0.620s] Level 1:colcon.colcon_core.environment:checking '/home/trungty/Downloads/moveit2_UR5/install/robot_description/lib/pkgconfig/robot_description.pc'
[0.620s] Level 1:colcon.colcon_core.environment:checking '/home/trungty/Downloads/moveit2_UR5/install/robot_description/lib/python3.10/site-packages'
[0.620s] Level 1:colcon.colcon_core.environment:checking '/home/trungty/Downloads/moveit2_UR5/install/robot_description/bin'
[0.620s] INFO:colcon.colcon_core.shell:Creating package script '/home/trungty/Downloads/moveit2_UR5/install/robot_description/share/robot_description/package.ps1'
[0.620s] INFO:colcon.colcon_core.shell:Creating package descriptor '/home/trungty/Downloads/moveit2_UR5/install/robot_description/share/robot_description/package.dsv'
[0.621s] INFO:colcon.colcon_core.shell:Creating package script '/home/trungty/Downloads/moveit2_UR5/install/robot_description/share/robot_description/package.sh'
[0.621s] INFO:colcon.colcon_core.shell:Creating package script '/home/trungty/Downloads/moveit2_UR5/install/robot_description/share/robot_description/package.bash'
[0.621s] INFO:colcon.colcon_core.shell:Creating package script '/home/trungty/Downloads/moveit2_UR5/install/robot_description/share/robot_description/package.zsh'
[0.621s] Level 1:colcon.colcon_core.environment:create_file_with_runtime_dependencies(/home/trungty/Downloads/moveit2_UR5/install/robot_description/share/colcon-core/packages/robot_description)
[0.622s] INFO:colcon.colcon_ros.task.ament_cmake.build:Building ROS package in '/home/trungty/Downloads/moveit2_UR5/src/ur5_moveit_config' with build type 'ament_cmake'
[0.622s] INFO:colcon.colcon_cmake.task.cmake.build:Building CMake package in '/home/trungty/Downloads/moveit2_UR5/src/ur5_moveit_config'
[0.622s] INFO:colcon.colcon_core.shell:Skip shell extension 'powershell' for command environment: Not usable outside of PowerShell
[0.622s] DEBUG:colcon.colcon_core.shell:Skip shell extension 'dsv' for command environment
[0.634s] DEBUG:colcon.colcon_core.event_handler.log_command:Invoking command in '/home/trungty/Downloads/moveit2_UR5/build/ur5_moveit_config': CMAKE_PREFIX_PATH=/home/trungty/Downloads/moveit2_UR5/install/robot_description:/home/trungty/Downloads/moveit2_UR5/install/ur5_moveit_config:/home/trungty/Downloads/moveit2_UR5/install/motion_program:/home/trungty/ws_moveit2/install/pilz_industrial_motion_planner_testutils:/home/trungty/ws_moveit2/install/moveit_runtime:/home/trungty/ws_moveit2/install/moveit2_tutorials:/home/trungty/ws_moveit2/install/moveit:/home/trungty/ws_moveit2/install/moveit_planners:/home/trungty/ws_moveit2/install/pilz_industrial_motion_planner:/home/trungty/ws_moveit2/install/moveit_visual_tools:/home/trungty/ws_moveit2/install/moveit_task_constructor_visualization:/home/trungty/ws_moveit2/install/moveit_task_constructor_demo:/home/trungty/ws_moveit2/install/moveit_task_constructor_capabilities:/home/trungty/ws_moveit2/install/moveit_task_constructor_core:/home/trungty/ws_moveit2/install/moveit_ros_control_interface:/home/trungty/ws_moveit2/install/moveit_plugins:/home/trungty/ws_moveit2/install/moveit_simple_controller_manager:/home/trungty/ws_moveit2/install/moveit_setup_assistant:/home/trungty/ws_moveit2/install/moveit_setup_srdf_plugins:/home/trungty/ws_moveit2/install/moveit_setup_core_plugins:/home/trungty/ws_moveit2/install/moveit_setup_controllers:/home/trungty/ws_moveit2/install/moveit_setup_app_plugins:/home/trungty/ws_moveit2/install/moveit_setup_framework:/home/trungty/ws_moveit2/install/moveit_servo:/home/trungty/ws_moveit2/install/moveit_ros:/home/trungty/ws_moveit2/install/moveit_ros_visualization:/home/trungty/ws_moveit2/install/moveit_hybrid_planning:/home/trungty/ws_moveit2/install/hello_moveit:/home/trungty/ws_moveit2/install/moveit_ros_planning_interface:/home/trungty/ws_moveit2/install/moveit_ros_benchmarks:/home/trungty/ws_moveit2/install/moveit_ros_warehouse:/home/trungty/ws_moveit2/install/moveit_ros_robot_interaction:/home/trungty/ws_moveit2/install/moveit_ros_perception:/home/trungty/ws_moveit2/install/moveit_resources_prbt_pg70_support:/home/trungty/ws_moveit2/install/moveit_resources_prbt_moveit_config:/home/trungty/ws_moveit2/install/moveit_ros_move_group:/home/trungty/ws_moveit2/install/moveit_planners_ompl:/home/trungty/ws_moveit2/install/moveit_ros_planning:/home/trungty/ws_moveit2/install/moveit_ros_occupancy_map_monitor:/home/trungty/ws_moveit2/install/moveit_resources_prbt_ikfast_manipulator_plugin:/home/trungty/ws_moveit2/install/moveit_planners_chomp:/home/trungty/ws_moveit2/install/moveit_kinematics:/home/trungty/ws_moveit2/install/moveit_chomp_optimizer_adapter:/home/trungty/ws_moveit2/install/chomp_motion_planner:/home/trungty/ws_moveit2/install/moveit_core:/home/trungty/ws_moveit2/install/srdfdom:/home/trungty/ws_moveit2/install/rviz_marker_tools:/home/trungty/ws_moveit2/install/rosparam_shortcuts:/home/trungty/ws_moveit2/install/moveit_task_constructor_msgs:/home/trungty/ws_moveit2/install/moveit_resources_prbt_support:/home/trungty/ws_moveit2/install/moveit_resources:/home/trungty/ws_moveit2/install/moveit_resources_pr2_description:/home/trungty/ws_moveit2/install/moveit_resources_panda_moveit_config:/home/trungty/ws_moveit2/install/moveit_resources_panda_description:/home/trungty/ws_moveit2/install/moveit_resources_fanuc_moveit_config:/home/trungty/ws_moveit2/install/moveit_resources_fanuc_description:/home/trungty/ws_moveit2/install/moveit_common:/home/trungty/colcon_ws/install/ur_simulation_gazebo:/home/trungty/colcon_ws/install/moveit_test:/home/trungty/colcon_ws/install/ur_description:/home/trungty/colcon_ws/install/ur5_pick_and_place:/home/trungty/colcon_ws/install/panda_test:/home/trungty/colcon_ws/install/panda_kashif:/home/trungty/colcon_ws/install/package_kansari:/home/trungty/colcon_ws/install/mtc_tutorial:/home/trungty/colcon_ws/install/moveit_resources_panda_description:/home/trungty/colcon_ws/install/motion_program:/home/trungty/colcon_ws/install/hello_moveit:/home/trungty/Downloads/moveit2_UR5/install/camera_viewer:/home/trungty/Downloads/moveit2_UR5/install/ball_detector:/home/trungty/ws_moveit2/install/moveit_configs_utils:/home/trungty/ws_moveit2/install/launch_param_builder:/opt/ros/humble CONDA_PROMPT_MODIFIER=(base) /usr/bin/cmake --build /home/trungty/Downloads/moveit2_UR5/build/ur5_moveit_config -- -j12 -l12
[0.655s] DEBUG:colcon.colcon_core.event_handler.log_command:Invoked command in '/home/trungty/Downloads/moveit2_UR5/build/motion_program' returned '0': CMAKE_PREFIX_PATH=${CMAKE_PREFIX_PATH}:/home/trungty/Downloads/moveit2_UR5/install/camera_viewer:/home/trungty/Downloads/moveit2_UR5/install/ball_detector:/home/trungty/ws_moveit2/install/moveit_configs_utils:/home/trungty/ws_moveit2/install/launch_param_builder:/opt/ros/humble CONDA_PROMPT_MODIFIER=(base) /usr/bin/cmake --build /home/trungty/Downloads/moveit2_UR5/build/motion_program -- -j12 -l12
[0.657s] DEBUG:colcon.colcon_core.event_handler.log_command:Invoking command in '/home/trungty/Downloads/moveit2_UR5/build/motion_program': CMAKE_PREFIX_PATH=${CMAKE_PREFIX_PATH}:/home/trungty/Downloads/moveit2_UR5/install/camera_viewer:/home/trungty/Downloads/moveit2_UR5/install/ball_detector:/home/trungty/ws_moveit2/install/moveit_configs_utils:/home/trungty/ws_moveit2/install/launch_param_builder:/opt/ros/humble CONDA_PROMPT_MODIFIER=(base) /usr/bin/cmake --install /home/trungty/Downloads/moveit2_UR5/build/motion_program
[0.665s] DEBUG:colcon.colcon_core.event_handler.log_command:Invoked command in '/home/trungty/Downloads/moveit2_UR5/build/ur5_moveit_config' returned '0': CMAKE_PREFIX_PATH=/home/trungty/Downloads/moveit2_UR5/install/robot_description:/home/trungty/Downloads/moveit2_UR5/install/ur5_moveit_config:/home/trungty/Downloads/moveit2_UR5/install/motion_program:/home/trungty/ws_moveit2/install/pilz_industrial_motion_planner_testutils:/home/trungty/ws_moveit2/install/moveit_runtime:/home/trungty/ws_moveit2/install/moveit2_tutorials:/home/trungty/ws_moveit2/install/moveit:/home/trungty/ws_moveit2/install/moveit_planners:/home/trungty/ws_moveit2/install/pilz_industrial_motion_planner:/home/trungty/ws_moveit2/install/moveit_visual_tools:/home/trungty/ws_moveit2/install/moveit_task_constructor_visualization:/home/trungty/ws_moveit2/install/moveit_task_constructor_demo:/home/trungty/ws_moveit2/install/moveit_task_constructor_capabilities:/home/trungty/ws_moveit2/install/moveit_task_constructor_core:/home/trungty/ws_moveit2/install/moveit_ros_control_interface:/home/trungty/ws_moveit2/install/moveit_plugins:/home/trungty/ws_moveit2/install/moveit_simple_controller_manager:/home/trungty/ws_moveit2/install/moveit_setup_assistant:/home/trungty/ws_moveit2/install/moveit_setup_srdf_plugins:/home/trungty/ws_moveit2/install/moveit_setup_core_plugins:/home/trungty/ws_moveit2/install/moveit_setup_controllers:/home/trungty/ws_moveit2/install/moveit_setup_app_plugins:/home/trungty/ws_moveit2/install/moveit_setup_framework:/home/trungty/ws_moveit2/install/moveit_servo:/home/trungty/ws_moveit2/install/moveit_ros:/home/trungty/ws_moveit2/install/moveit_ros_visualization:/home/trungty/ws_moveit2/install/moveit_hybrid_planning:/home/trungty/ws_moveit2/install/hello_moveit:/home/trungty/ws_moveit2/install/moveit_ros_planning_interface:/home/trungty/ws_moveit2/install/moveit_ros_benchmarks:/home/trungty/ws_moveit2/install/moveit_ros_warehouse:/home/trungty/ws_moveit2/install/moveit_ros_robot_interaction:/home/trungty/ws_moveit2/install/moveit_ros_perception:/home/trungty/ws_moveit2/install/moveit_resources_prbt_pg70_support:/home/trungty/ws_moveit2/install/moveit_resources_prbt_moveit_config:/home/trungty/ws_moveit2/install/moveit_ros_move_group:/home/trungty/ws_moveit2/install/moveit_planners_ompl:/home/trungty/ws_moveit2/install/moveit_ros_planning:/home/trungty/ws_moveit2/install/moveit_ros_occupancy_map_monitor:/home/trungty/ws_moveit2/install/moveit_resources_prbt_ikfast_manipulator_plugin:/home/trungty/ws_moveit2/install/moveit_planners_chomp:/home/trungty/ws_moveit2/install/moveit_kinematics:/home/trungty/ws_moveit2/install/moveit_chomp_optimizer_adapter:/home/trungty/ws_moveit2/install/chomp_motion_planner:/home/trungty/ws_moveit2/install/moveit_core:/home/trungty/ws_moveit2/install/srdfdom:/home/trungty/ws_moveit2/install/rviz_marker_tools:/home/trungty/ws_moveit2/install/rosparam_shortcuts:/home/trungty/ws_moveit2/install/moveit_task_constructor_msgs:/home/trungty/ws_moveit2/install/moveit_resources_prbt_support:/home/trungty/ws_moveit2/install/moveit_resources:/home/trungty/ws_moveit2/install/moveit_resources_pr2_description:/home/trungty/ws_moveit2/install/moveit_resources_panda_moveit_config:/home/trungty/ws_moveit2/install/moveit_resources_panda_description:/home/trungty/ws_moveit2/install/moveit_resources_fanuc_moveit_config:/home/trungty/ws_moveit2/install/moveit_resources_fanuc_description:/home/trungty/ws_moveit2/install/moveit_common:/home/trungty/colcon_ws/install/ur_simulation_gazebo:/home/trungty/colcon_ws/install/moveit_test:/home/trungty/colcon_ws/install/ur_description:/home/trungty/colcon_ws/install/ur5_pick_and_place:/home/trungty/colcon_ws/install/panda_test:/home/trungty/colcon_ws/install/panda_kashif:/home/trungty/colcon_ws/install/package_kansari:/home/trungty/colcon_ws/install/mtc_tutorial:/home/trungty/colcon_ws/install/moveit_resources_panda_description:/home/trungty/colcon_ws/install/motion_program:/home/trungty/colcon_ws/install/hello_moveit:/home/trungty/Downloads/moveit2_UR5/install/camera_viewer:/home/trungty/Downloads/moveit2_UR5/install/ball_detector:/home/trungty/ws_moveit2/install/moveit_configs_utils:/home/trungty/ws_moveit2/install/launch_param_builder:/opt/ros/humble CONDA_PROMPT_MODIFIER=(base) /usr/bin/cmake --build /home/trungty/Downloads/moveit2_UR5/build/ur5_moveit_config -- -j12 -l12
[0.666s] DEBUG:colcon.colcon_core.event_handler.log_command:Invoking command in '/home/trungty/Downloads/moveit2_UR5/build/ur5_moveit_config': CMAKE_PREFIX_PATH=/home/trungty/Downloads/moveit2_UR5/install/robot_description:/home/trungty/Downloads/moveit2_UR5/install/ur5_moveit_config:/home/trungty/Downloads/moveit2_UR5/install/motion_program:/home/trungty/ws_moveit2/install/pilz_industrial_motion_planner_testutils:/home/trungty/ws_moveit2/install/moveit_runtime:/home/trungty/ws_moveit2/install/moveit2_tutorials:/home/trungty/ws_moveit2/install/moveit:/home/trungty/ws_moveit2/install/moveit_planners:/home/trungty/ws_moveit2/install/pilz_industrial_motion_planner:/home/trungty/ws_moveit2/install/moveit_visual_tools:/home/trungty/ws_moveit2/install/moveit_task_constructor_visualization:/home/trungty/ws_moveit2/install/moveit_task_constructor_demo:/home/trungty/ws_moveit2/install/moveit_task_constructor_capabilities:/home/trungty/ws_moveit2/install/moveit_task_constructor_core:/home/trungty/ws_moveit2/install/moveit_ros_control_interface:/home/trungty/ws_moveit2/install/moveit_plugins:/home/trungty/ws_moveit2/install/moveit_simple_controller_manager:/home/trungty/ws_moveit2/install/moveit_setup_assistant:/home/trungty/ws_moveit2/install/moveit_setup_srdf_plugins:/home/trungty/ws_moveit2/install/moveit_setup_core_plugins:/home/trungty/ws_moveit2/install/moveit_setup_controllers:/home/trungty/ws_moveit2/install/moveit_setup_app_plugins:/home/trungty/ws_moveit2/install/moveit_setup_framework:/home/trungty/ws_moveit2/install/moveit_servo:/home/trungty/ws_moveit2/install/moveit_ros:/home/trungty/ws_moveit2/install/moveit_ros_visualization:/home/trungty/ws_moveit2/install/moveit_hybrid_planning:/home/trungty/ws_moveit2/install/hello_moveit:/home/trungty/ws_moveit2/install/moveit_ros_planning_interface:/home/trungty/ws_moveit2/install/moveit_ros_benchmarks:/home/trungty/ws_moveit2/install/moveit_ros_warehouse:/home/trungty/ws_moveit2/install/moveit_ros_robot_interaction:/home/trungty/ws_moveit2/install/moveit_ros_perception:/home/trungty/ws_moveit2/install/moveit_resources_prbt_pg70_support:/home/trungty/ws_moveit2/install/moveit_resources_prbt_moveit_config:/home/trungty/ws_moveit2/install/moveit_ros_move_group:/home/trungty/ws_moveit2/install/moveit_planners_ompl:/home/trungty/ws_moveit2/install/moveit_ros_planning:/home/trungty/ws_moveit2/install/moveit_ros_occupancy_map_monitor:/home/trungty/ws_moveit2/install/moveit_resources_prbt_ikfast_manipulator_plugin:/home/trungty/ws_moveit2/install/moveit_planners_chomp:/home/trungty/ws_moveit2/install/moveit_kinematics:/home/trungty/ws_moveit2/install/moveit_chomp_optimizer_adapter:/home/trungty/ws_moveit2/install/chomp_motion_planner:/home/trungty/ws_moveit2/install/moveit_core:/home/trungty/ws_moveit2/install/srdfdom:/home/trungty/ws_moveit2/install/rviz_marker_tools:/home/trungty/ws_moveit2/install/rosparam_shortcuts:/home/trungty/ws_moveit2/install/moveit_task_constructor_msgs:/home/trungty/ws_moveit2/install/moveit_resources_prbt_support:/home/trungty/ws_moveit2/install/moveit_resources:/home/trungty/ws_moveit2/install/moveit_resources_pr2_description:/home/trungty/ws_moveit2/install/moveit_resources_panda_moveit_config:/home/trungty/ws_moveit2/install/moveit_resources_panda_description:/home/trungty/ws_moveit2/install/moveit_resources_fanuc_moveit_config:/home/trungty/ws_moveit2/install/moveit_resources_fanuc_description:/home/trungty/ws_moveit2/install/moveit_common:/home/trungty/colcon_ws/install/ur_simulation_gazebo:/home/trungty/colcon_ws/install/moveit_test:/home/trungty/colcon_ws/install/ur_description:/home/trungty/colcon_ws/install/ur5_pick_and_place:/home/trungty/colcon_ws/install/panda_test:/home/trungty/colcon_ws/install/panda_kashif:/home/trungty/colcon_ws/install/package_kansari:/home/trungty/colcon_ws/install/mtc_tutorial:/home/trungty/colcon_ws/install/moveit_resources_panda_description:/home/trungty/colcon_ws/install/motion_program:/home/trungty/colcon_ws/install/hello_moveit:/home/trungty/Downloads/moveit2_UR5/install/camera_viewer:/home/trungty/Downloads/moveit2_UR5/install/ball_detector:/home/trungty/ws_moveit2/install/moveit_configs_utils:/home/trungty/ws_moveit2/install/launch_param_builder:/opt/ros/humble CONDA_PROMPT_MODIFIER=(base) /usr/bin/cmake --install /home/trungty/Downloads/moveit2_UR5/build/ur5_moveit_config
[0.666s] Level 1:colcon.colcon_core.environment:create_environment_scripts_only(motion_program)
[0.667s] Level 1:colcon.colcon_core.environment:checking '/home/trungty/Downloads/moveit2_UR5/install/motion_program' for CMake module files
[0.667s] DEBUG:colcon.colcon_core.event_handler.log_command:Invoked command in '/home/trungty/Downloads/moveit2_UR5/build/motion_program' returned '0': CMAKE_PREFIX_PATH=${CMAKE_PREFIX_PATH}:/home/trungty/Downloads/moveit2_UR5/install/camera_viewer:/home/trungty/Downloads/moveit2_UR5/install/ball_detector:/home/trungty/ws_moveit2/install/moveit_configs_utils:/home/trungty/ws_moveit2/install/launch_param_builder:/opt/ros/humble CONDA_PROMPT_MODIFIER=(base) /usr/bin/cmake --install /home/trungty/Downloads/moveit2_UR5/build/motion_program
[0.667s] Level 1:colcon.colcon_core.environment:checking '/home/trungty/Downloads/moveit2_UR5/install/motion_program' for CMake config files
[0.667s] Level 1:colcon.colcon_core.shell:create_environment_hook('motion_program', 'cmake_prefix_path')
[0.667s] INFO:colcon.colcon_core.shell:Creating environment hook '/home/trungty/Downloads/moveit2_UR5/install/motion_program/share/motion_program/hook/cmake_prefix_path.ps1'
[0.668s] INFO:colcon.colcon_core.shell:Creating environment descriptor '/home/trungty/Downloads/moveit2_UR5/install/motion_program/share/motion_program/hook/cmake_prefix_path.dsv'
[0.668s] INFO:colcon.colcon_core.shell:Creating environment hook '/home/trungty/Downloads/moveit2_UR5/install/motion_program/share/motion_program/hook/cmake_prefix_path.sh'
[0.668s] Level 1:colcon.colcon_core.environment:checking '/home/trungty/Downloads/moveit2_UR5/install/motion_program/lib'
[0.668s] Level 1:colcon.colcon_core.environment:checking '/home/trungty/Downloads/moveit2_UR5/install/motion_program/bin'
[0.669s] Level 1:colcon.colcon_core.environment:checking '/home/trungty/Downloads/moveit2_UR5/install/motion_program/lib/pkgconfig/motion_program.pc'
[0.669s] Level 1:colcon.colcon_core.environment:checking '/home/trungty/Downloads/moveit2_UR5/install/motion_program/lib/python3.10/site-packages'
[0.669s] Level 1:colcon.colcon_core.environment:checking '/home/trungty/Downloads/moveit2_UR5/install/motion_program/bin'
[0.669s] INFO:colcon.colcon_core.shell:Creating package script '/home/trungty/Downloads/moveit2_UR5/install/motion_program/share/motion_program/package.ps1'
[0.669s] INFO:colcon.colcon_core.shell:Creating package descriptor '/home/trungty/Downloads/moveit2_UR5/install/motion_program/share/motion_program/package.dsv'
[0.669s] INFO:colcon.colcon_core.shell:Creating package script '/home/trungty/Downloads/moveit2_UR5/install/motion_program/share/motion_program/package.sh'
[0.670s] INFO:colcon.colcon_core.shell:Creating package script '/home/trungty/Downloads/moveit2_UR5/install/motion_program/share/motion_program/package.bash'
[0.670s] INFO:colcon.colcon_core.shell:Creating package script '/home/trungty/Downloads/moveit2_UR5/install/motion_program/share/motion_program/package.zsh'
[0.670s] Level 1:colcon.colcon_core.environment:create_file_with_runtime_dependencies(/home/trungty/Downloads/moveit2_UR5/install/motion_program/share/colcon-core/packages/motion_program)
[0.670s] Level 1:colcon.colcon_core.environment:create_environment_scripts_only(motion_program)
[0.670s] Level 1:colcon.colcon_core.environment:checking '/home/trungty/Downloads/moveit2_UR5/install/motion_program' for CMake module files
[0.671s] Level 1:colcon.colcon_core.environment:checking '/home/trungty/Downloads/moveit2_UR5/install/motion_program' for CMake config files
[0.671s] Level 1:colcon.colcon_core.shell:create_environment_hook('motion_program', 'cmake_prefix_path')
[0.671s] INFO:colcon.colcon_core.shell:Creating environment hook '/home/trungty/Downloads/moveit2_UR5/install/motion_program/share/motion_program/hook/cmake_prefix_path.ps1'
[0.671s] INFO:colcon.colcon_core.shell:Creating environment descriptor '/home/trungty/Downloads/moveit2_UR5/install/motion_program/share/motion_program/hook/cmake_prefix_path.dsv'
[0.671s] INFO:colcon.colcon_core.shell:Creating environment hook '/home/trungty/Downloads/moveit2_UR5/install/motion_program/share/motion_program/hook/cmake_prefix_path.sh'
[0.672s] Level 1:colcon.colcon_core.environment:checking '/home/trungty/Downloads/moveit2_UR5/install/motion_program/lib'
[0.672s] Level 1:colcon.colcon_core.environment:checking '/home/trungty/Downloads/moveit2_UR5/install/motion_program/bin'
[0.672s] Level 1:colcon.colcon_core.environment:checking '/home/trungty/Downloads/moveit2_UR5/install/motion_program/lib/pkgconfig/motion_program.pc'
[0.672s] Level 1:colcon.colcon_core.environment:checking '/home/trungty/Downloads/moveit2_UR5/install/motion_program/lib/python3.10/site-packages'
[0.672s] Level 1:colcon.colcon_core.environment:checking '/home/trungty/Downloads/moveit2_UR5/install/motion_program/bin'
[0.672s] INFO:colcon.colcon_core.shell:Creating package script '/home/trungty/Downloads/moveit2_UR5/install/motion_program/share/motion_program/package.ps1'
[0.673s] INFO:colcon.colcon_core.shell:Creating package descriptor '/home/trungty/Downloads/moveit2_UR5/install/motion_program/share/motion_program/package.dsv'
[0.673s] INFO:colcon.colcon_core.shell:Creating package script '/home/trungty/Downloads/moveit2_UR5/install/motion_program/share/motion_program/package.sh'
[0.675s] INFO:colcon.colcon_core.shell:Creating package script '/home/trungty/Downloads/moveit2_UR5/install/motion_program/share/motion_program/package.bash'
[0.675s] INFO:colcon.colcon_core.shell:Creating package script '/home/trungty/Downloads/moveit2_UR5/install/motion_program/share/motion_program/package.zsh'
[0.675s] Level 1:colcon.colcon_core.environment:create_file_with_runtime_dependencies(/home/trungty/Downloads/moveit2_UR5/install/motion_program/share/colcon-core/packages/motion_program)
[0.676s] Level 1:colcon.colcon_core.environment:create_environment_scripts_only(ur5_moveit_config)
[0.676s] Level 1:colcon.colcon_core.environment:checking '/home/trungty/Downloads/moveit2_UR5/install/ur5_moveit_config' for CMake module files
[0.677s] DEBUG:colcon.colcon_core.event_handler.log_command:Invoked command in '/home/trungty/Downloads/moveit2_UR5/build/ur5_moveit_config' returned '0': CMAKE_PREFIX_PATH=/home/trungty/Downloads/moveit2_UR5/install/robot_description:/home/trungty/Downloads/moveit2_UR5/install/ur5_moveit_config:/home/trungty/Downloads/moveit2_UR5/install/motion_program:/home/trungty/ws_moveit2/install/pilz_industrial_motion_planner_testutils:/home/trungty/ws_moveit2/install/moveit_runtime:/home/trungty/ws_moveit2/install/moveit2_tutorials:/home/trungty/ws_moveit2/install/moveit:/home/trungty/ws_moveit2/install/moveit_planners:/home/trungty/ws_moveit2/install/pilz_industrial_motion_planner:/home/trungty/ws_moveit2/install/moveit_visual_tools:/home/trungty/ws_moveit2/install/moveit_task_constructor_visualization:/home/trungty/ws_moveit2/install/moveit_task_constructor_demo:/home/trungty/ws_moveit2/install/moveit_task_constructor_capabilities:/home/trungty/ws_moveit2/install/moveit_task_constructor_core:/home/trungty/ws_moveit2/install/moveit_ros_control_interface:/home/trungty/ws_moveit2/install/moveit_plugins:/home/trungty/ws_moveit2/install/moveit_simple_controller_manager:/home/trungty/ws_moveit2/install/moveit_setup_assistant:/home/trungty/ws_moveit2/install/moveit_setup_srdf_plugins:/home/trungty/ws_moveit2/install/moveit_setup_core_plugins:/home/trungty/ws_moveit2/install/moveit_setup_controllers:/home/trungty/ws_moveit2/install/moveit_setup_app_plugins:/home/trungty/ws_moveit2/install/moveit_setup_framework:/home/trungty/ws_moveit2/install/moveit_servo:/home/trungty/ws_moveit2/install/moveit_ros:/home/trungty/ws_moveit2/install/moveit_ros_visualization:/home/trungty/ws_moveit2/install/moveit_hybrid_planning:/home/trungty/ws_moveit2/install/hello_moveit:/home/trungty/ws_moveit2/install/moveit_ros_planning_interface:/home/trungty/ws_moveit2/install/moveit_ros_benchmarks:/home/trungty/ws_moveit2/install/moveit_ros_warehouse:/home/trungty/ws_moveit2/install/moveit_ros_robot_interaction:/home/trungty/ws_moveit2/install/moveit_ros_perception:/home/trungty/ws_moveit2/install/moveit_resources_prbt_pg70_support:/home/trungty/ws_moveit2/install/moveit_resources_prbt_moveit_config:/home/trungty/ws_moveit2/install/moveit_ros_move_group:/home/trungty/ws_moveit2/install/moveit_planners_ompl:/home/trungty/ws_moveit2/install/moveit_ros_planning:/home/trungty/ws_moveit2/install/moveit_ros_occupancy_map_monitor:/home/trungty/ws_moveit2/install/moveit_resources_prbt_ikfast_manipulator_plugin:/home/trungty/ws_moveit2/install/moveit_planners_chomp:/home/trungty/ws_moveit2/install/moveit_kinematics:/home/trungty/ws_moveit2/install/moveit_chomp_optimizer_adapter:/home/trungty/ws_moveit2/install/chomp_motion_planner:/home/trungty/ws_moveit2/install/moveit_core:/home/trungty/ws_moveit2/install/srdfdom:/home/trungty/ws_moveit2/install/rviz_marker_tools:/home/trungty/ws_moveit2/install/rosparam_shortcuts:/home/trungty/ws_moveit2/install/moveit_task_constructor_msgs:/home/trungty/ws_moveit2/install/moveit_resources_prbt_support:/home/trungty/ws_moveit2/install/moveit_resources:/home/trungty/ws_moveit2/install/moveit_resources_pr2_description:/home/trungty/ws_moveit2/install/moveit_resources_panda_moveit_config:/home/trungty/ws_moveit2/install/moveit_resources_panda_description:/home/trungty/ws_moveit2/install/moveit_resources_fanuc_moveit_config:/home/trungty/ws_moveit2/install/moveit_resources_fanuc_description:/home/trungty/ws_moveit2/install/moveit_common:/home/trungty/colcon_ws/install/ur_simulation_gazebo:/home/trungty/colcon_ws/install/moveit_test:/home/trungty/colcon_ws/install/ur_description:/home/trungty/colcon_ws/install/ur5_pick_and_place:/home/trungty/colcon_ws/install/panda_test:/home/trungty/colcon_ws/install/panda_kashif:/home/trungty/colcon_ws/install/package_kansari:/home/trungty/colcon_ws/install/mtc_tutorial:/home/trungty/colcon_ws/install/moveit_resources_panda_description:/home/trungty/colcon_ws/install/motion_program:/home/trungty/colcon_ws/install/hello_moveit:/home/trungty/Downloads/moveit2_UR5/install/camera_viewer:/home/trungty/Downloads/moveit2_UR5/install/ball_detector:/home/trungty/ws_moveit2/install/moveit_configs_utils:/home/trungty/ws_moveit2/install/launch_param_builder:/opt/ros/humble CONDA_PROMPT_MODIFIER=(base) /usr/bin/cmake --install /home/trungty/Downloads/moveit2_UR5/build/ur5_moveit_config
[0.677s] Level 1:colcon.colcon_core.environment:checking '/home/trungty/Downloads/moveit2_UR5/install/ur5_moveit_config' for CMake config files
[0.677s] Level 1:colcon.colcon_core.shell:create_environment_hook('ur5_moveit_config', 'cmake_prefix_path')
[0.677s] INFO:colcon.colcon_core.shell:Creating environment hook '/home/trungty/Downloads/moveit2_UR5/install/ur5_moveit_config/share/ur5_moveit_config/hook/cmake_prefix_path.ps1'
[0.677s] INFO:colcon.colcon_core.shell:Creating environment descriptor '/home/trungty/Downloads/moveit2_UR5/install/ur5_moveit_config/share/ur5_moveit_config/hook/cmake_prefix_path.dsv'
[0.678s] INFO:colcon.colcon_core.shell:Creating environment hook '/home/trungty/Downloads/moveit2_UR5/install/ur5_moveit_config/share/ur5_moveit_config/hook/cmake_prefix_path.sh'
[0.678s] Level 1:colcon.colcon_core.environment:checking '/home/trungty/Downloads/moveit2_UR5/install/ur5_moveit_config/bin'
[0.678s] Level 1:colcon.colcon_core.environment:checking '/home/trungty/Downloads/moveit2_UR5/install/ur5_moveit_config/lib/pkgconfig/ur5_moveit_config.pc'
[0.678s] Level 1:colcon.colcon_core.environment:checking '/home/trungty/Downloads/moveit2_UR5/install/ur5_moveit_config/lib/python3.10/site-packages'
[0.678s] Level 1:colcon.colcon_core.environment:checking '/home/trungty/Downloads/moveit2_UR5/install/ur5_moveit_config/bin'
[0.678s] INFO:colcon.colcon_core.shell:Creating package script '/home/trungty/Downloads/moveit2_UR5/install/ur5_moveit_config/share/ur5_moveit_config/package.ps1'
[0.679s] INFO:colcon.colcon_core.shell:Creating package descriptor '/home/trungty/Downloads/moveit2_UR5/install/ur5_moveit_config/share/ur5_moveit_config/package.dsv'
[0.679s] INFO:colcon.colcon_core.shell:Creating package script '/home/trungty/Downloads/moveit2_UR5/install/ur5_moveit_config/share/ur5_moveit_config/package.sh'
[0.679s] INFO:colcon.colcon_core.shell:Creating package script '/home/trungty/Downloads/moveit2_UR5/install/ur5_moveit_config/share/ur5_moveit_config/package.bash'
[0.679s] INFO:colcon.colcon_core.shell:Creating package script '/home/trungty/Downloads/moveit2_UR5/install/ur5_moveit_config/share/ur5_moveit_config/package.zsh'
[0.679s] Level 1:colcon.colcon_core.environment:create_file_with_runtime_dependencies(/home/trungty/Downloads/moveit2_UR5/install/ur5_moveit_config/share/colcon-core/packages/ur5_moveit_config)
[0.680s] Level 1:colcon.colcon_core.environment:create_environment_scripts_only(ur5_moveit_config)
[0.680s] Level 1:colcon.colcon_core.environment:checking '/home/trungty/Downloads/moveit2_UR5/install/ur5_moveit_config' for CMake module files
[0.680s] Level 1:colcon.colcon_core.environment:checking '/home/trungty/Downloads/moveit2_UR5/install/ur5_moveit_config' for CMake config files
[0.680s] Level 1:colcon.colcon_core.shell:create_environment_hook('ur5_moveit_config', 'cmake_prefix_path')
[0.680s] INFO:colcon.colcon_core.shell:Creating environment hook '/home/trungty/Downloads/moveit2_UR5/install/ur5_moveit_config/share/ur5_moveit_config/hook/cmake_prefix_path.ps1'
[0.681s] INFO:colcon.colcon_core.shell:Creating environment descriptor '/home/trungty/Downloads/moveit2_UR5/install/ur5_moveit_config/share/ur5_moveit_config/hook/cmake_prefix_path.dsv'
[0.681s] INFO:colcon.colcon_core.shell:Creating environment hook '/home/trungty/Downloads/moveit2_UR5/install/ur5_moveit_config/share/ur5_moveit_config/hook/cmake_prefix_path.sh'
[0.681s] Level 1:colcon.colcon_core.environment:checking '/home/trungty/Downloads/moveit2_UR5/install/ur5_moveit_config/bin'
[0.681s] Level 1:colcon.colcon_core.environment:checking '/home/trungty/Downloads/moveit2_UR5/install/ur5_moveit_config/lib/pkgconfig/ur5_moveit_config.pc'
[0.681s] Level 1:colcon.colcon_core.environment:checking '/home/trungty/Downloads/moveit2_UR5/install/ur5_moveit_config/lib/python3.10/site-packages'
[0.681s] Level 1:colcon.colcon_core.environment:checking '/home/trungty/Downloads/moveit2_UR5/install/ur5_moveit_config/bin'
[0.682s] INFO:colcon.colcon_core.shell:Creating package script '/home/trungty/Downloads/moveit2_UR5/install/ur5_moveit_config/share/ur5_moveit_config/package.ps1'
[0.682s] INFO:colcon.colcon_core.shell:Creating package descriptor '/home/trungty/Downloads/moveit2_UR5/install/ur5_moveit_config/share/ur5_moveit_config/package.dsv'
[0.682s] INFO:colcon.colcon_core.shell:Creating package script '/home/trungty/Downloads/moveit2_UR5/install/ur5_moveit_config/share/ur5_moveit_config/package.sh'
[0.682s] INFO:colcon.colcon_core.shell:Creating package script '/home/trungty/Downloads/moveit2_UR5/install/ur5_moveit_config/share/ur5_moveit_config/package.bash'
[0.683s] INFO:colcon.colcon_core.shell:Creating package script '/home/trungty/Downloads/moveit2_UR5/install/ur5_moveit_config/share/ur5_moveit_config/package.zsh'
[0.683s] Level 1:colcon.colcon_core.environment:create_file_with_runtime_dependencies(/home/trungty/Downloads/moveit2_UR5/install/ur5_moveit_config/share/colcon-core/packages/ur5_moveit_config)
[0.835s] DEBUG:colcon.colcon_core.event_handler.log_command:Invoking command in '/home/trungty/Downloads/moveit2_UR5/src/camera_viewer': CONDA_PROMPT_MODIFIER=(base) PYTHONPATH=/home/trungty/Downloads/moveit2_UR5/build/camera_viewer/prefix_override:/usr/lib/python3/dist-packages/colcon_core/task/python/colcon_distutils_commands:/home/trungty/Downloads/moveit2_UR5/install/camera_viewer/lib/python3.10/site-packages:${PYTHONPATH} /usr/bin/python3 -W ignore:setup.py install is deprecated -W ignore:easy_install command is deprecated setup.py egg_info --egg-base ../../build/camera_viewer build --build-base /home/trungty/Downloads/moveit2_UR5/build/camera_viewer/build install --record /home/trungty/Downloads/moveit2_UR5/build/camera_viewer/install.log --single-version-externally-managed install_data
[0.843s] DEBUG:colcon.colcon_core.event_handler.log_command:Invoking command in '/home/trungty/Downloads/moveit2_UR5/src/ball_detector': CONDA_PROMPT_MODIFIER=(base) PYTHONPATH=/home/trungty/Downloads/moveit2_UR5/build/ball_detector/prefix_override:/usr/lib/python3/dist-packages/colcon_core/task/python/colcon_distutils_commands:/home/trungty/Downloads/moveit2_UR5/install/ball_detector/lib/python3.10/site-packages:${PYTHONPATH} /usr/bin/python3 -W ignore:setup.py install is deprecated -W ignore:easy_install command is deprecated setup.py egg_info --egg-base ../../build/ball_detector build --build-base /home/trungty/Downloads/moveit2_UR5/build/ball_detector/build install --record /home/trungty/Downloads/moveit2_UR5/build/ball_detector/install.log --single-version-externally-managed install_data
[1.033s] Level 1:colcon.colcon_core.environment:checking '/home/trungty/Downloads/moveit2_UR5/install/ball_detector' for CMake module files
[1.034s] DEBUG:colcon.colcon_core.event_handler.log_command:Invoked command in '/home/trungty/Downloads/moveit2_UR5/src/ball_detector' returned '0': CONDA_PROMPT_MODIFIER=(base) PYTHONPATH=/home/trungty/Downloads/moveit2_UR5/build/ball_detector/prefix_override:/usr/lib/python3/dist-packages/colcon_core/task/python/colcon_distutils_commands:/home/trungty/Downloads/moveit2_UR5/install/ball_detector/lib/python3.10/site-packages:${PYTHONPATH} /usr/bin/python3 -W ignore:setup.py install is deprecated -W ignore:easy_install command is deprecated setup.py egg_info --egg-base ../../build/ball_detector build --build-base /home/trungty/Downloads/moveit2_UR5/build/ball_detector/build install --record /home/trungty/Downloads/moveit2_UR5/build/ball_detector/install.log --single-version-externally-managed install_data
[1.034s] Level 1:colcon.colcon_core.environment:checking '/home/trungty/Downloads/moveit2_UR5/install/ball_detector' for CMake config files
[1.034s] Level 1:colcon.colcon_core.environment:checking '/home/trungty/Downloads/moveit2_UR5/install/ball_detector/lib'
[1.034s] Level 1:colcon.colcon_core.environment:checking '/home/trungty/Downloads/moveit2_UR5/install/ball_detector/bin'
[1.034s] Level 1:colcon.colcon_core.environment:checking '/home/trungty/Downloads/moveit2_UR5/install/ball_detector/lib/pkgconfig/ball_detector.pc'
[1.035s] Level 1:colcon.colcon_core.environment:checking '/home/trungty/Downloads/moveit2_UR5/install/ball_detector/lib/python3.10/site-packages'
[1.035s] Level 1:colcon.colcon_core.shell:create_environment_hook('ball_detector', 'pythonpath')
[1.035s] INFO:colcon.colcon_core.shell:Creating environment hook '/home/trungty/Downloads/moveit2_UR5/install/ball_detector/share/ball_detector/hook/pythonpath.ps1'
[1.035s] INFO:colcon.colcon_core.shell:Creating environment descriptor '/home/trungty/Downloads/moveit2_UR5/install/ball_detector/share/ball_detector/hook/pythonpath.dsv'
[1.035s] INFO:colcon.colcon_core.shell:Creating environment hook '/home/trungty/Downloads/moveit2_UR5/install/ball_detector/share/ball_detector/hook/pythonpath.sh'
[1.036s] Level 1:colcon.colcon_core.environment:checking '/home/trungty/Downloads/moveit2_UR5/install/ball_detector/bin'
[1.036s] Level 1:colcon.colcon_core.environment:create_environment_scripts_only(ball_detector)
[1.036s] INFO:colcon.colcon_core.shell:Creating package script '/home/trungty/Downloads/moveit2_UR5/install/ball_detector/share/ball_detector/package.ps1'
[1.036s] INFO:colcon.colcon_core.shell:Creating package descriptor '/home/trungty/Downloads/moveit2_UR5/install/ball_detector/share/ball_detector/package.dsv'
[1.036s] INFO:colcon.colcon_core.shell:Creating package script '/home/trungty/Downloads/moveit2_UR5/install/ball_detector/share/ball_detector/package.sh'
[1.037s] INFO:colcon.colcon_core.shell:Creating package script '/home/trungty/Downloads/moveit2_UR5/install/ball_detector/share/ball_detector/package.bash'
[1.037s] INFO:colcon.colcon_core.shell:Creating package script '/home/trungty/Downloads/moveit2_UR5/install/ball_detector/share/ball_detector/package.zsh'
[1.038s] Level 1:colcon.colcon_core.environment:create_file_with_runtime_dependencies(/home/trungty/Downloads/moveit2_UR5/install/ball_detector/share/colcon-core/packages/ball_detector)
[1.081s] Level 1:colcon.colcon_core.environment:checking '/home/trungty/Downloads/moveit2_UR5/install/camera_viewer' for CMake module files
[1.081s] DEBUG:colcon.colcon_core.event_handler.log_command:Invoked command in '/home/trungty/Downloads/moveit2_UR5/src/camera_viewer' returned '0': CONDA_PROMPT_MODIFIER=(base) PYTHONPATH=/home/trungty/Downloads/moveit2_UR5/build/camera_viewer/prefix_override:/usr/lib/python3/dist-packages/colcon_core/task/python/colcon_distutils_commands:/home/trungty/Downloads/moveit2_UR5/install/camera_viewer/lib/python3.10/site-packages:${PYTHONPATH} /usr/bin/python3 -W ignore:setup.py install is deprecated -W ignore:easy_install command is deprecated setup.py egg_info --egg-base ../../build/camera_viewer build --build-base /home/trungty/Downloads/moveit2_UR5/build/camera_viewer/build install --record /home/trungty/Downloads/moveit2_UR5/build/camera_viewer/install.log --single-version-externally-managed install_data
[1.081s] Level 1:colcon.colcon_core.environment:checking '/home/trungty/Downloads/moveit2_UR5/install/camera_viewer' for CMake config files
[1.082s] Level 1:colcon.colcon_core.environment:checking '/home/trungty/Downloads/moveit2_UR5/install/camera_viewer/lib'
[1.082s] Level 1:colcon.colcon_core.environment:checking '/home/trungty/Downloads/moveit2_UR5/install/camera_viewer/bin'
[1.082s] Level 1:colcon.colcon_core.environment:checking '/home/trungty/Downloads/moveit2_UR5/install/camera_viewer/lib/pkgconfig/camera_viewer.pc'
[1.082s] Level 1:colcon.colcon_core.environment:checking '/home/trungty/Downloads/moveit2_UR5/install/camera_viewer/lib/python3.10/site-packages'
[1.082s] Level 1:colcon.colcon_core.shell:create_environment_hook('camera_viewer', 'pythonpath')
[1.082s] INFO:colcon.colcon_core.shell:Creating environment hook '/home/trungty/Downloads/moveit2_UR5/install/camera_viewer/share/camera_viewer/hook/pythonpath.ps1'
[1.083s] INFO:colcon.colcon_core.shell:Creating environment descriptor '/home/trungty/Downloads/moveit2_UR5/install/camera_viewer/share/camera_viewer/hook/pythonpath.dsv'
[1.083s] INFO:colcon.colcon_core.shell:Creating environment hook '/home/trungty/Downloads/moveit2_UR5/install/camera_viewer/share/camera_viewer/hook/pythonpath.sh'
[1.083s] Level 1:colcon.colcon_core.environment:checking '/home/trungty/Downloads/moveit2_UR5/install/camera_viewer/bin'
[1.083s] Level 1:colcon.colcon_core.environment:create_environment_scripts_only(camera_viewer)
[1.083s] INFO:colcon.colcon_core.shell:Creating package script '/home/trungty/Downloads/moveit2_UR5/install/camera_viewer/share/camera_viewer/package.ps1'
[1.084s] INFO:colcon.colcon_core.shell:Creating package descriptor '/home/trungty/Downloads/moveit2_UR5/install/camera_viewer/share/camera_viewer/package.dsv'
[1.084s] INFO:colcon.colcon_core.shell:Creating package script '/home/trungty/Downloads/moveit2_UR5/install/camera_viewer/share/camera_viewer/package.sh'
[1.084s] INFO:colcon.colcon_core.shell:Creating package script '/home/trungty/Downloads/moveit2_UR5/install/camera_viewer/share/camera_viewer/package.bash'
[1.084s] INFO:colcon.colcon_core.shell:Creating package script '/home/trungty/Downloads/moveit2_UR5/install/camera_viewer/share/camera_viewer/package.zsh'
[1.085s] Level 1:colcon.colcon_core.environment:create_file_with_runtime_dependencies(/home/trungty/Downloads/moveit2_UR5/install/camera_viewer/share/colcon-core/packages/camera_viewer)
[1.085s] DEBUG:colcon.colcon_parallel_executor.executor.parallel:closing loop
[1.085s] DEBUG:colcon.colcon_parallel_executor.executor.parallel:loop closed
[1.085s] DEBUG:colcon.colcon_parallel_executor.executor.parallel:run_until_complete finished with '0'
[1.085s] DEBUG:colcon.colcon_core.event_reactor:joining thread
[1.088s] INFO:colcon.colcon_core.plugin_system:Skipping extension 'colcon_notification.desktop_notification.terminal_notifier': Not used on non-Darwin systems
[1.089s] INFO:colcon.colcon_core.plugin_system:Skipping extension 'colcon_notification.desktop_notification.win32': Not used on non-Windows systems
[1.089s] INFO:colcon.colcon_notification.desktop_notification:Sending desktop notification using 'notify2'
[1.095s] DEBUG:colcon.colcon_core.event_reactor:joined thread
[1.095s] INFO:colcon.colcon_core.shell:Creating prefix script '/home/trungty/Downloads/moveit2_UR5/install/local_setup.ps1'
[1.096s] INFO:colcon.colcon_core.shell:Creating prefix util module '/home/trungty/Downloads/moveit2_UR5/install/_local_setup_util_ps1.py'
[1.096s] INFO:colcon.colcon_core.shell:Creating prefix chain script '/home/trungty/Downloads/moveit2_UR5/install/setup.ps1'
[1.098s] INFO:colcon.colcon_core.shell:Creating prefix script '/home/trungty/Downloads/moveit2_UR5/install/local_setup.sh'
[1.099s] INFO:colcon.colcon_core.shell:Creating prefix util module '/home/trungty/Downloads/moveit2_UR5/install/_local_setup_util_sh.py'
[1.099s] INFO:colcon.colcon_core.shell:Creating prefix chain script '/home/trungty/Downloads/moveit2_UR5/install/setup.sh'
[1.101s] INFO:colcon.colcon_core.shell:Creating prefix script '/home/trungty/Downloads/moveit2_UR5/install/local_setup.bash'
[1.101s] INFO:colcon.colcon_core.shell:Creating prefix chain script '/home/trungty/Downloads/moveit2_UR5/install/setup.bash'
[1.103s] INFO:colcon.colcon_core.shell:Creating prefix script '/home/trungty/Downloads/moveit2_UR5/install/local_setup.zsh'
[1.103s] INFO:colcon.colcon_core.shell:Creating prefix chain script '/home/trungty/Downloads/moveit2_UR5/install/setup.zsh'
