[35m[1mConsolidate compiler generated dependencies of target motion_program[0m
[ 50%] [32mBuilding CXX object CMakeFiles/motion_program.dir/src/motion_program.cpp.o[0m
[100%] [32m[1mLinking CXX executable motion_program[0m
[100%] Built target motion_program
-- Install configuration: ""
-- Installing: /home/trungty/Downloads/moveit2_UR5/install/motion_program/lib/motion_program/motion_program
-- Set runtime path of "/home/trungty/Downloads/moveit2_UR5/install/motion_program/lib/motion_program/motion_program" to ""
-- Installing: /home/trungty/Downloads/moveit2_UR5/install/motion_program/share/ament_index/resource_index/package_run_dependencies/motion_program
-- Up-to-date: /home/trungty/Downloads/moveit2_UR5/install/motion_program/share/ament_index/resource_index/parent_prefix_path/motion_program
-- Up-to-date: /home/trungty/Downloads/moveit2_UR5/install/motion_program/share/motion_program/environment/ament_prefix_path.sh
-- Installing: /home/trungty/Downloads/moveit2_UR5/install/motion_program/share/motion_program/environment/ament_prefix_path.dsv
-- Up-to-date: /home/trungty/Downloads/moveit2_UR5/install/motion_program/share/motion_program/environment/path.sh
-- Installing: /home/trungty/Downloads/moveit2_UR5/install/motion_program/share/motion_program/environment/path.dsv
-- Up-to-date: /home/trungty/Downloads/moveit2_UR5/install/motion_program/share/motion_program/local_setup.bash
-- Up-to-date: /home/trungty/Downloads/moveit2_UR5/install/motion_program/share/motion_program/local_setup.sh
-- Up-to-date: /home/trungty/Downloads/moveit2_UR5/install/motion_program/share/motion_program/local_setup.zsh
-- Installing: /home/trungty/Downloads/moveit2_UR5/install/motion_program/share/motion_program/local_setup.dsv
-- Installing: /home/trungty/Downloads/moveit2_UR5/install/motion_program/share/motion_program/package.dsv
-- Up-to-date: /home/trungty/Downloads/moveit2_UR5/install/motion_program/share/ament_index/resource_index/packages/motion_program
-- Up-to-date: /home/trungty/Downloads/moveit2_UR5/install/motion_program/share/motion_program/cmake/motion_programConfig.cmake
-- Up-to-date: /home/trungty/Downloads/moveit2_UR5/install/motion_program/share/motion_program/cmake/motion_programConfig-version.cmake
-- Installing: /home/trungty/Downloads/moveit2_UR5/install/motion_program/share/motion_program/package.xml
