[0.205s] Invoking command in '/home/trungty/Downloads/moveit2_UR5/build/motion_program': CMAKE_PREFIX_PATH=${CMAKE_PREFIX_PATH}:/home/trungty/Downloads/moveit2_UR5/install/camera_viewer:/home/trungty/Downloads/moveit2_UR5/install/ball_detector:/home/trungty/ws_moveit2/install/moveit_configs_utils:/home/trungty/ws_moveit2/install/launch_param_builder:/opt/ros/humble CONDA_PROMPT_MODIFIER=(base) /usr/bin/cmake /home/trungty/Downloads/moveit2_UR5/src/motion_program -DCMAKE_INSTALL_PREFIX=/home/trungty/Downloads/moveit2_UR5/install/motion_program
[0.250s] -- The C compiler identification is GNU 11.4.0
[0.290s] -- The CXX compiler identification is GNU 11.4.0
[0.296s] -- Detecting C compiler ABI info
[0.349s] -- Detecting C compiler ABI info - done
[0.354s] -- Check for working C compiler: /usr/bin/cc - skipped
[0.354s] -- Detecting C compile features
[0.355s] -- Detecting C compile features - done
[0.357s] -- Detecting CXX compiler ABI info
[0.422s] -- Detecting CXX compiler ABI info - done
[0.430s] -- Check for working CXX compiler: /usr/bin/c++ - skipped
[0.431s] -- Detecting CXX compile features
[0.431s] -- Detecting CXX compile features - done
[0.437s] -- Found ament_cmake: 1.3.11 (/opt/ros/humble/share/ament_cmake/cmake)
[0.737s] -- Found Python3: /home/trungty/anaconda3/bin/python3 (found version "3.12.7") found components: Interpreter 
[0.867s] -- Found rclcpp: 16.0.12 (/opt/ros/humble/share/rclcpp/cmake)
[0.930s] -- Found rosidl_generator_c: 3.1.6 (/opt/ros/humble/share/rosidl_generator_c/cmake)
[0.941s] -- Found rosidl_adapter: 3.1.6 (/opt/ros/humble/share/rosidl_adapter/cmake)
[0.955s] -- Found rosidl_generator_cpp: 3.1.6 (/opt/ros/humble/share/rosidl_generator_cpp/cmake)
[0.970s] -- Using all available rosidl_typesupport_c: rosidl_typesupport_fastrtps_c;rosidl_typesupport_introspection_c
[0.992s] -- Using all available rosidl_typesupport_cpp: rosidl_typesupport_fastrtps_cpp;rosidl_typesupport_introspection_cpp
[1.053s] -- Found rmw_implementation_cmake: 6.1.2 (/opt/ros/humble/share/rmw_implementation_cmake/cmake)
[1.059s] -- Found rmw_fastrtps_cpp: 6.2.7 (/opt/ros/humble/share/rmw_fastrtps_cpp/cmake)
[1.155s] -- Found OpenSSL: /usr/lib/x86_64-linux-gnu/libcrypto.so (found version "3.0.2")  
[1.179s] -- Found FastRTPS: /opt/ros/humble/include  
[1.218s] -- Using RMW implementation 'rmw_fastrtps_cpp' as default
[1.234s] -- Looking for pthread.h
[1.287s] -- Looking for pthread.h - found
[1.288s] -- Performing Test CMAKE_HAVE_LIBC_PTHREAD
[1.344s] -- Performing Test CMAKE_HAVE_LIBC_PTHREAD - Success
[1.345s] -- Found Threads: TRUE  
[1.400s] [31mCMake Error at CMakeLists.txt:11 (find_package):
[1.400s]   By not providing "Findmoveit_task_constructor.cmake" in CMAKE_MODULE_PATH
[1.400s]   this project has asked CMake to find a package configuration file provided
[1.400s]   by "moveit_task_constructor", but CMake did not find one.
[1.400s] 
[1.400s]   Could not find a package configuration file provided by
[1.400s]   "moveit_task_constructor" with any of the following names:
[1.400s] 
[1.400s]     moveit_task_constructorConfig.cmake
[1.400s]     moveit_task_constructor-config.cmake
[1.400s] 
[1.400s]   Add the installation prefix of "moveit_task_constructor" to
[1.400s]   CMAKE_PREFIX_PATH or set "moveit_task_constructor_DIR" to a directory
[1.400s]   containing one of the above files.  If "moveit_task_constructor" provides a
[1.400s]   separate development package or SDK, be sure it has been installed.
[1.400s] 
[1.400s] [0m
[1.400s] -- Configuring incomplete, errors occurred!
[1.400s] See also "/home/trungty/Downloads/moveit2_UR5/build/motion_program/CMakeFiles/CMakeOutput.log".
