-- Found ament_cmake: 1.3.11 (/opt/ros/humble/share/ament_cmake/cmake)
-- Found moveit_ros_planning_interface: 2.5.9 (/home/trungty/ws_moveit2/install/moveit_ros_planning_interface/share/moveit_ros_planning_interface/cmake)
-- Found Boost: /home/trungty/anaconda3/lib/cmake/Boost-1.82.0/BoostConfig.cmake (found version "1.82.0") found components: date_time filesystem program_options system thread 
-- Found rosidl_generator_c: 3.1.6 (/opt/ros/humble/share/rosidl_generator_c/cmake)
-- Found rosidl_adapter: 3.1.6 (/opt/ros/humble/share/rosidl_adapter/cmake)
-- Found rosidl_generator_cpp: 3.1.6 (/opt/ros/humble/share/rosidl_generator_cpp/cmake)
-- Using all available rosidl_typesupport_c: rosidl_typesupport_fastrtps_c;rosidl_typesupport_introspection_c
-- Using all available rosidl_typesupport_cpp: rosidl_typesupport_fastrtps_cpp;rosidl_typesupport_introspection_cpp
-- Found Boost: /home/trungty/anaconda3/lib/cmake/Boost-1.82.0/BoostConfig.cmake (found version "1.82.0") found components: chrono date_time filesystem iostreams program_options regex serialization system thread 
-- Found parameter_traits: 0.4.0 (/opt/ros/humble/share/parameter_traits/cmake)
-- Found rmw_implementation_cmake: 6.1.2 (/opt/ros/humble/share/rmw_implementation_cmake/cmake)
-- Found rmw_fastrtps_cpp: 6.2.7 (/opt/ros/humble/share/rmw_fastrtps_cpp/cmake)
-- Using RMW implementation 'rmw_fastrtps_cpp' as default
-- Found Eigen3: TRUE (found version "3.4.0") 
-- Found rclcpp_lifecycle: 16.0.12 (/opt/ros/humble/share/rclcpp_lifecycle/cmake)
-- Found Boost: /home/trungty/anaconda3/lib/cmake/Boost-1.82.0/BoostConfig.cmake (found version "1.82.0") found components: filesystem 
-- library: /usr/lib/x86_64-linux-gnu/libcurl.so
-- Ensuring Eigen3 include directory is part of orocos-kdl CMake target
-- Found Boost: /home/trungty/anaconda3/lib/cmake/Boost-1.82.0/BoostConfig.cmake (found version "1.82.0") found components: system filesystem date_time program_options thread chrono 
-- Found Boost: /home/trungty/anaconda3/lib/cmake/Boost-1.82.0/BoostConfig.cmake (found version "1.82.0") found components: thread system filesystem regex date_time program_options 
-- Found Boost: /home/trungty/anaconda3/lib/cmake/Boost-1.82.0/BoostConfig.cmake (found version "1.82.0") found components: system filesystem date_time program_options thread 
-- Found ament_lint_auto: 0.12.12 (/opt/ros/humble/share/ament_lint_auto/cmake)
-- Added test 'cppcheck' to perform static code analysis on C / C++ code
-- Configured cppcheck include dirs: $<BUILD_INTERFACE:/home/trungty/Downloads/moveit2_UR5/src/motion_program/include>
-- Configured cppcheck exclude dirs and/or files: 
-- Added test 'lint_cmake' to check CMake code style
-- Added test 'uncrustify' to check C / C++ code style
-- Configured uncrustify additional arguments: 
-- Added test 'xmllint' to check XML markup files
-- Configuring done
[33mCMake Warning at CMakeLists.txt:13 (add_executable):
  Cannot generate a safe runtime search path for target motion_program
  because files in some directories may conflict with libraries in implicit
  directories:

    runtime library [libcurl.so.4] in /usr/lib/x86_64-linux-gnu may be hidden by files in:
      /home/trungty/anaconda3/lib
    runtime library [libcrypto.so.3] in /usr/lib/x86_64-linux-gnu may be hidden by files in:
      /home/trungty/anaconda3/lib

  Some of these libraries may not be found correctly.

[0m
-- Generating done
-- Build files have been written to: /home/trungty/Downloads/moveit2_UR5/build/motion_program
[ 50%] [32mBuilding CXX object CMakeFiles/motion_program.dir/src/motion_program.cpp.o[0m
[100%] [32m[1mLinking CXX executable motion_program[0m
[100%] Built target motion_program
-- Install configuration: ""
-- Installing: /home/trungty/Downloads/moveit2_UR5/install/motion_program/lib/motion_program/motion_program
-- Set runtime path of "/home/trungty/Downloads/moveit2_UR5/install/motion_program/lib/motion_program/motion_program" to ""
-- Installing: /home/trungty/Downloads/moveit2_UR5/install/motion_program/share/ament_index/resource_index/package_run_dependencies/motion_program
-- Installing: /home/trungty/Downloads/moveit2_UR5/install/motion_program/share/ament_index/resource_index/parent_prefix_path/motion_program
-- Installing: /home/trungty/Downloads/moveit2_UR5/install/motion_program/share/motion_program/environment/ament_prefix_path.sh
-- Installing: /home/trungty/Downloads/moveit2_UR5/install/motion_program/share/motion_program/environment/ament_prefix_path.dsv
-- Installing: /home/trungty/Downloads/moveit2_UR5/install/motion_program/share/motion_program/environment/path.sh
-- Installing: /home/trungty/Downloads/moveit2_UR5/install/motion_program/share/motion_program/environment/path.dsv
-- Installing: /home/trungty/Downloads/moveit2_UR5/install/motion_program/share/motion_program/local_setup.bash
-- Installing: /home/trungty/Downloads/moveit2_UR5/install/motion_program/share/motion_program/local_setup.sh
-- Installing: /home/trungty/Downloads/moveit2_UR5/install/motion_program/share/motion_program/local_setup.zsh
-- Installing: /home/trungty/Downloads/moveit2_UR5/install/motion_program/share/motion_program/local_setup.dsv
-- Installing: /home/trungty/Downloads/moveit2_UR5/install/motion_program/share/motion_program/package.dsv
-- Installing: /home/trungty/Downloads/moveit2_UR5/install/motion_program/share/ament_index/resource_index/packages/motion_program
-- Installing: /home/trungty/Downloads/moveit2_UR5/install/motion_program/share/motion_program/cmake/motion_programConfig.cmake
-- Installing: /home/trungty/Downloads/moveit2_UR5/install/motion_program/share/motion_program/cmake/motion_programConfig-version.cmake
-- Installing: /home/trungty/Downloads/moveit2_UR5/install/motion_program/share/motion_program/package.xml
