[0.178s] Invoking command in '/home/trungty/Downloads/moveit2_UR5/build/motion_program': CMAKE_PREFIX_PATH=${CMAKE_PREFIX_PATH}:/home/trungty/Downloads/moveit2_UR5/install/camera_viewer:/home/trungty/ws_moveit2/install/moveit_configs_utils:/home/trungty/ws_moveit2/install/launch_param_builder:/opt/ros/humble CONDA_PROMPT_MODIFIER=(base) /usr/bin/cmake /home/trungty/Downloads/moveit2_UR5/src/motion_program -DCMAKE_INSTALL_PREFIX=/home/trungty/Downloads/moveit2_UR5/install/motion_program
[0.187s] -- Found ament_cmake: 1.3.11 (/opt/ros/humble/share/ament_cmake/cmake)
[0.293s] -- Found moveit_ros_planning_interface: 2.5.9 (/home/trungty/ws_moveit2/install/moveit_ros_planning_interface/share/moveit_ros_planning_interface/cmake)
[0.341s] -- Found Boost: /home/trungty/anaconda3/lib/cmake/Boost-1.82.0/BoostConfig.cmake (found version "1.82.0") found components: date_time filesystem program_options system thread 
[0.364s] -- Found rosidl_generator_c: 3.1.6 (/opt/ros/humble/share/rosidl_generator_c/cmake)
[0.366s] -- Found rosidl_adapter: 3.1.6 (/opt/ros/humble/share/rosidl_adapter/cmake)
[0.369s] -- Found rosidl_generator_cpp: 3.1.6 (/opt/ros/humble/share/rosidl_generator_cpp/cmake)
[0.377s] -- Using all available rosidl_typesupport_c: rosidl_typesupport_fastrtps_c;rosidl_typesupport_introspection_c
[0.387s] -- Using all available rosidl_typesupport_cpp: rosidl_typesupport_fastrtps_cpp;rosidl_typesupport_introspection_cpp
[0.566s] -- Found Boost: /home/trungty/anaconda3/lib/cmake/Boost-1.82.0/BoostConfig.cmake (found version "1.82.0") found components: chrono date_time filesystem iostreams program_options regex serialization system thread 
[0.635s] -- Found parameter_traits: 0.4.0 (/opt/ros/humble/share/parameter_traits/cmake)
[0.654s] -- Found rmw_implementation_cmake: 6.1.2 (/opt/ros/humble/share/rmw_implementation_cmake/cmake)
[0.656s] -- Found rmw_fastrtps_cpp: 6.2.7 (/opt/ros/humble/share/rmw_fastrtps_cpp/cmake)
[0.740s] -- Using RMW implementation 'rmw_fastrtps_cpp' as default
[0.782s] -- Found Eigen3: TRUE (found version "3.4.0") 
[0.787s] -- Found rclcpp_lifecycle: 16.0.12 (/opt/ros/humble/share/rclcpp_lifecycle/cmake)
[0.815s] -- Found Boost: /home/trungty/anaconda3/lib/cmake/Boost-1.82.0/BoostConfig.cmake (found version "1.82.0") found components: filesystem 
[0.909s] -- library: /usr/lib/x86_64-linux-gnu/libcurl.so
[0.946s] -- Ensuring Eigen3 include directory is part of orocos-kdl CMake target
[1.111s] -- Found Boost: /home/trungty/anaconda3/lib/cmake/Boost-1.82.0/BoostConfig.cmake (found version "1.82.0") found components: system filesystem date_time program_options thread chrono 
[1.135s] -- Found Boost: /home/trungty/anaconda3/lib/cmake/Boost-1.82.0/BoostConfig.cmake (found version "1.82.0") found components: thread system filesystem regex date_time program_options 
[1.155s] -- Found Boost: /home/trungty/anaconda3/lib/cmake/Boost-1.82.0/BoostConfig.cmake (found version "1.82.0") found components: system filesystem date_time program_options thread 
[1.184s] -- Found ament_lint_auto: 0.12.12 (/opt/ros/humble/share/ament_lint_auto/cmake)
[1.282s] -- Added test 'cppcheck' to perform static code analysis on C / C++ code
[1.282s] -- Configured cppcheck include dirs: $<BUILD_INTERFACE:/home/trungty/Downloads/moveit2_UR5/src/motion_program/include>
[1.282s] -- Configured cppcheck exclude dirs and/or files: 
[1.283s] -- Added test 'lint_cmake' to check CMake code style
[1.284s] -- Added test 'uncrustify' to check C / C++ code style
[1.284s] -- Configured uncrustify additional arguments: 
[1.285s] -- Added test 'xmllint' to check XML markup files
[1.286s] -- Configuring done
[1.303s] [33mCMake Warning at CMakeLists.txt:13 (add_executable):
[1.303s]   Cannot generate a safe runtime search path for target motion_program
[1.303s]   because files in some directories may conflict with libraries in implicit
[1.303s]   directories:
[1.303s] 
[1.303s]     runtime library [libcurl.so.4] in /usr/lib/x86_64-linux-gnu may be hidden by files in:
[1.303s]       /home/trungty/anaconda3/lib
[1.303s]     runtime library [libcrypto.so.3] in /usr/lib/x86_64-linux-gnu may be hidden by files in:
[1.303s]       /home/trungty/anaconda3/lib
[1.303s] 
[1.303s]   Some of these libraries may not be found correctly.
[1.304s] 
[1.304s] [0m
[1.304s] -- Generating done
[1.309s] -- Build files have been written to: /home/trungty/Downloads/moveit2_UR5/build/motion_program
[1.316s] Invoked command in '/home/trungty/Downloads/moveit2_UR5/build/motion_program' returned '0': CMAKE_PREFIX_PATH=${CMAKE_PREFIX_PATH}:/home/trungty/Downloads/moveit2_UR5/install/camera_viewer:/home/trungty/ws_moveit2/install/moveit_configs_utils:/home/trungty/ws_moveit2/install/launch_param_builder:/opt/ros/humble CONDA_PROMPT_MODIFIER=(base) /usr/bin/cmake /home/trungty/Downloads/moveit2_UR5/src/motion_program -DCMAKE_INSTALL_PREFIX=/home/trungty/Downloads/moveit2_UR5/install/motion_program
[1.318s] Invoking command in '/home/trungty/Downloads/moveit2_UR5/build/motion_program': CMAKE_PREFIX_PATH=${CMAKE_PREFIX_PATH}:/home/trungty/Downloads/moveit2_UR5/install/camera_viewer:/home/trungty/ws_moveit2/install/moveit_configs_utils:/home/trungty/ws_moveit2/install/launch_param_builder:/opt/ros/humble CONDA_PROMPT_MODIFIER=(base) /usr/bin/cmake --build /home/trungty/Downloads/moveit2_UR5/build/motion_program -- -j12 -l12
[1.380s] [ 50%] [32mBuilding CXX object CMakeFiles/motion_program.dir/src/motion_program.cpp.o[0m
[5.741s] [100%] [32m[1mLinking CXX executable motion_program[0m
[5.969s] [100%] Built target motion_program
[5.978s] Invoked command in '/home/trungty/Downloads/moveit2_UR5/build/motion_program' returned '0': CMAKE_PREFIX_PATH=${CMAKE_PREFIX_PATH}:/home/trungty/Downloads/moveit2_UR5/install/camera_viewer:/home/trungty/ws_moveit2/install/moveit_configs_utils:/home/trungty/ws_moveit2/install/launch_param_builder:/opt/ros/humble CONDA_PROMPT_MODIFIER=(base) /usr/bin/cmake --build /home/trungty/Downloads/moveit2_UR5/build/motion_program -- -j12 -l12
[5.979s] Invoking command in '/home/trungty/Downloads/moveit2_UR5/build/motion_program': CMAKE_PREFIX_PATH=${CMAKE_PREFIX_PATH}:/home/trungty/Downloads/moveit2_UR5/install/camera_viewer:/home/trungty/ws_moveit2/install/moveit_configs_utils:/home/trungty/ws_moveit2/install/launch_param_builder:/opt/ros/humble CONDA_PROMPT_MODIFIER=(base) /usr/bin/cmake --install /home/trungty/Downloads/moveit2_UR5/build/motion_program
[5.985s] -- Install configuration: ""
[5.985s] -- Installing: /home/trungty/Downloads/moveit2_UR5/install/motion_program/lib/motion_program/motion_program
[5.986s] -- Set runtime path of "/home/trungty/Downloads/moveit2_UR5/install/motion_program/lib/motion_program/motion_program" to ""
[5.986s] -- Installing: /home/trungty/Downloads/moveit2_UR5/install/motion_program/share/ament_index/resource_index/package_run_dependencies/motion_program
[5.986s] -- Installing: /home/trungty/Downloads/moveit2_UR5/install/motion_program/share/ament_index/resource_index/parent_prefix_path/motion_program
[5.986s] -- Installing: /home/trungty/Downloads/moveit2_UR5/install/motion_program/share/motion_program/environment/ament_prefix_path.sh
[5.986s] -- Installing: /home/trungty/Downloads/moveit2_UR5/install/motion_program/share/motion_program/environment/ament_prefix_path.dsv
[5.986s] -- Installing: /home/trungty/Downloads/moveit2_UR5/install/motion_program/share/motion_program/environment/path.sh
[5.986s] -- Installing: /home/trungty/Downloads/moveit2_UR5/install/motion_program/share/motion_program/environment/path.dsv
[5.986s] -- Installing: /home/trungty/Downloads/moveit2_UR5/install/motion_program/share/motion_program/local_setup.bash
[5.986s] -- Installing: /home/trungty/Downloads/moveit2_UR5/install/motion_program/share/motion_program/local_setup.sh
[5.986s] -- Installing: /home/trungty/Downloads/moveit2_UR5/install/motion_program/share/motion_program/local_setup.zsh
[5.986s] -- Installing: /home/trungty/Downloads/moveit2_UR5/install/motion_program/share/motion_program/local_setup.dsv
[5.986s] -- Installing: /home/trungty/Downloads/moveit2_UR5/install/motion_program/share/motion_program/package.dsv
[5.986s] -- Installing: /home/trungty/Downloads/moveit2_UR5/install/motion_program/share/ament_index/resource_index/packages/motion_program
[5.986s] -- Installing: /home/trungty/Downloads/moveit2_UR5/install/motion_program/share/motion_program/cmake/motion_programConfig.cmake
[5.986s] -- Installing: /home/trungty/Downloads/moveit2_UR5/install/motion_program/share/motion_program/cmake/motion_programConfig-version.cmake
[5.986s] -- Installing: /home/trungty/Downloads/moveit2_UR5/install/motion_program/share/motion_program/package.xml
[5.988s] Invoked command in '/home/trungty/Downloads/moveit2_UR5/build/motion_program' returned '0': CMAKE_PREFIX_PATH=${CMAKE_PREFIX_PATH}:/home/trungty/Downloads/moveit2_UR5/install/camera_viewer:/home/trungty/ws_moveit2/install/moveit_configs_utils:/home/trungty/ws_moveit2/install/launch_param_builder:/opt/ros/humble CONDA_PROMPT_MODIFIER=(base) /usr/bin/cmake --install /home/trungty/Downloads/moveit2_UR5/build/motion_program
