[0.218s] Invoking command in '/home/trungty/Downloads/moveit2_UR5/build/mtc_task': CMAKE_PREFIX_PATH=${CMAKE_PREFIX_PATH}:/home/trungty/Downloads/moveit2_UR5/install/camera_viewer:/home/trungty/Downloads/moveit2_UR5/install/ball_detector:/home/trungty/ws_moveit2/install/moveit_configs_utils:/home/trungty/ws_moveit2/install/launch_param_builder:/opt/ros/humble CONDA_PROMPT_MODIFIER=(base) /usr/bin/cmake /home/trungty/Downloads/moveit2_UR5/src/motion_program -DCMAKE_INSTALL_PREFIX=/home/trungty/Downloads/moveit2_UR5/install/mtc_task
[0.286s] -- The C compiler identification is GNU 11.4.0
[0.333s] -- The CXX compiler identification is GNU 11.4.0
[0.344s] -- Detecting C compiler ABI info
[0.401s] -- Detecting C compiler ABI info - done
[0.406s] -- Check for working C compiler: /usr/bin/cc - skipped
[0.406s] -- Detecting C compile features
[0.407s] -- Detecting C compile features - done
[0.410s] -- Detecting CXX compiler ABI info
[0.471s] -- Detecting CXX compiler ABI info - done
[0.476s] -- Check for working CXX compiler: /usr/bin/c++ - skipped
[0.476s] -- Detecting CXX compile features
[0.477s] -- Detecting CXX compile features - done
[0.496s] -- Found ament_cmake: 1.3.11 (/opt/ros/humble/share/ament_cmake/cmake)
[0.820s] -- Found Python3: /home/trungty/anaconda3/bin/python3 (found version "3.12.7") found components: Interpreter 
[0.970s] -- Found rclcpp: 16.0.12 (/opt/ros/humble/share/rclcpp/cmake)
[1.055s] -- Found rosidl_generator_c: 3.1.6 (/opt/ros/humble/share/rosidl_generator_c/cmake)
[1.067s] -- Found rosidl_adapter: 3.1.6 (/opt/ros/humble/share/rosidl_adapter/cmake)
[1.082s] -- Found rosidl_generator_cpp: 3.1.6 (/opt/ros/humble/share/rosidl_generator_cpp/cmake)
[1.106s] -- Using all available rosidl_typesupport_c: rosidl_typesupport_fastrtps_c;rosidl_typesupport_introspection_c
[1.135s] -- Using all available rosidl_typesupport_cpp: rosidl_typesupport_fastrtps_cpp;rosidl_typesupport_introspection_cpp
[1.215s] -- Found rmw_implementation_cmake: 6.1.2 (/opt/ros/humble/share/rmw_implementation_cmake/cmake)
[1.223s] -- Found rmw_fastrtps_cpp: 6.2.7 (/opt/ros/humble/share/rmw_fastrtps_cpp/cmake)
[1.330s] -- Found OpenSSL: /usr/lib/x86_64-linux-gnu/libcrypto.so (found version "3.0.2")  
[1.357s] -- Found FastRTPS: /opt/ros/humble/include  
[1.406s] -- Using RMW implementation 'rmw_fastrtps_cpp' as default
[1.427s] -- Looking for pthread.h
[1.482s] -- Looking for pthread.h - found
[1.482s] -- Performing Test CMAKE_HAVE_LIBC_PTHREAD
[1.539s] -- Performing Test CMAKE_HAVE_LIBC_PTHREAD - Success
[1.540s] -- Found Threads: TRUE  
[1.634s] [31mCMake Error at CMakeLists.txt:11 (find_package):
[1.634s]   By not providing "Findmoveit_task_constructor.cmake" in CMAKE_MODULE_PATH
[1.634s]   this project has asked CMake to find a package configuration file provided
[1.634s]   by "moveit_task_constructor", but CMake did not find one.
[1.634s] 
[1.634s]   Could not find a package configuration file provided by
[1.634s]   "moveit_task_constructor" with any of the following names:
[1.634s] 
[1.634s]     moveit_task_constructorConfig.cmake
[1.634s]     moveit_task_constructor-config.cmake
[1.634s] 
[1.634s]   Add the installation prefix of "moveit_task_constructor" to
[1.634s]   CMAKE_PREFIX_PATH or set "moveit_task_constructor_DIR" to a directory
[1.634s]   containing one of the above files.  If "moveit_task_constructor" provides a
[1.634s]   separate development package or SDK, be sure it has been installed.
[1.634s] 
[1.634s] [0m
[1.634s] -- Configuring incomplete, errors occurred!
[1.634s] See also "/home/trungty/Downloads/moveit2_UR5/build/mtc_task/CMakeFiles/CMakeOutput.log".
[1.642s] Invoked command in '/home/trungty/Downloads/moveit2_UR5/build/mtc_task' returned '1': CMAKE_PREFIX_PATH=${CMAKE_PREFIX_PATH}:/home/trungty/Downloads/moveit2_UR5/install/camera_viewer:/home/trungty/Downloads/moveit2_UR5/install/ball_detector:/home/trungty/ws_moveit2/install/moveit_configs_utils:/home/trungty/ws_moveit2/install/launch_param_builder:/opt/ros/humble CONDA_PROMPT_MODIFIER=(base) /usr/bin/cmake /home/trungty/Downloads/moveit2_UR5/src/motion_program -DCMAKE_INSTALL_PREFIX=/home/trungty/Downloads/moveit2_UR5/install/mtc_task
