[0.204s] Invoking command in '/home/trungty/Downloads/moveit2_UR5/build/ur5_pick_and_place': CMAKE_PREFIX_PATH=${CMAKE_PREFIX_PATH}:/home/trungty/Downloads/moveit2_UR5/install/camera_viewer:/home/trungty/Downloads/moveit2_UR5/install/ball_detector:/home/trungty/ws_moveit2/install/moveit_configs_utils:/home/trungty/ws_moveit2/install/launch_param_builder:/opt/ros/humble CONDA_PROMPT_MODIFIER=(base) /usr/bin/cmake /home/trungty/Downloads/moveit2_UR5/src/ur5_pick_and_place -DCMAKE_INSTALL_PREFIX=/home/trungty/Downloads/moveit2_UR5/install/ur5_pick_and_place
[0.246s] -- The C compiler identification is GNU 11.4.0
[0.286s] -- The CXX compiler identification is GNU 11.4.0
[0.291s] -- Detecting C compiler ABI info
[0.345s] -- Detecting C compiler ABI info - done
[0.350s] -- Check for working C compiler: /usr/bin/cc - skipped
[0.350s] -- Detecting C compile features
[0.351s] -- Detecting C compile features - done
[0.353s] -- Detecting CXX compiler ABI info
[0.416s] -- Detecting CXX compiler ABI info - done
[0.422s] -- Check for working CXX compiler: /usr/bin/c++ - skipped
[0.422s] -- Detecting CXX compile features
[0.422s] -- Detecting CXX compile features - done
[0.430s] -- Found ament_cmake: 1.3.11 (/opt/ros/humble/share/ament_cmake/cmake)
[0.747s] -- Found Python3: /home/trungty/anaconda3/bin/python3 (found version "3.12.7") found components: Interpreter 
[0.872s] -- Found moveit_task_constructor_core: 0.1.3 (/home/trungty/ws_moveit2/install/moveit_task_constructor_core/share/moveit_task_constructor_core/cmake)
[0.947s] -- Found rosidl_generator_c: 3.1.6 (/opt/ros/humble/share/rosidl_generator_c/cmake)
[0.956s] -- Found rosidl_adapter: 3.1.6 (/opt/ros/humble/share/rosidl_adapter/cmake)
[0.968s] -- Found rosidl_generator_cpp: 3.1.6 (/opt/ros/humble/share/rosidl_generator_cpp/cmake)
[0.984s] -- Using all available rosidl_typesupport_c: rosidl_typesupport_fastrtps_c;rosidl_typesupport_introspection_c
[1.005s] -- Using all available rosidl_typesupport_cpp: rosidl_typesupport_fastrtps_cpp;rosidl_typesupport_introspection_cpp
[1.213s] -- Found Boost: /home/trungty/anaconda3/lib/cmake/Boost-1.82.0/BoostConfig.cmake (found version "1.82.0") found components: chrono date_time filesystem iostreams program_options regex serialization system thread 
[1.290s] -- Found parameter_traits: 0.4.0 (/opt/ros/humble/share/parameter_traits/cmake)
[1.355s] -- Found rmw_implementation_cmake: 6.1.2 (/opt/ros/humble/share/rmw_implementation_cmake/cmake)
[1.362s] -- Found rmw_fastrtps_cpp: 6.2.7 (/opt/ros/humble/share/rmw_fastrtps_cpp/cmake)
[1.448s] -- Found OpenSSL: /usr/lib/x86_64-linux-gnu/libcrypto.so (found version "3.0.2")  
[1.473s] -- Found FastRTPS: /opt/ros/humble/include  
[1.513s] -- Using RMW implementation 'rmw_fastrtps_cpp' as default
[1.529s] -- Found Threads: TRUE  
[1.577s] -- Found Eigen3: TRUE (found version "3.4.0") 
[1.583s] -- Found rclcpp_lifecycle: 16.0.12 (/opt/ros/humble/share/rclcpp_lifecycle/cmake)
[1.610s] -- Found Boost: /home/trungty/anaconda3/lib/cmake/Boost-1.82.0/BoostConfig.cmake (found version "1.82.0") found components: filesystem 
[1.697s] -- library: /usr/lib/x86_64-linux-gnu/libcurl.so
[1.761s] -- Ensuring Eigen3 include directory is part of orocos-kdl CMake target
[2.042s] -- Found Boost: /home/trungty/anaconda3/lib/cmake/Boost-1.82.0/BoostConfig.cmake (found version "1.82.0") found components: system filesystem date_time program_options thread chrono 
[2.066s] -- Found Boost: /home/trungty/anaconda3/lib/cmake/Boost-1.82.0/BoostConfig.cmake (found version "1.82.0") found components: date_time filesystem program_options system thread 
[2.077s] -- Found Boost: /home/trungty/anaconda3/lib/cmake/Boost-1.82.0/BoostConfig.cmake (found version "1.82.0") found components: thread system filesystem regex date_time program_options 
[2.098s] -- Found Boost: /home/trungty/anaconda3/lib/cmake/Boost-1.82.0/BoostConfig.cmake (found version "1.82.0") found components: system filesystem date_time program_options thread 
[2.162s] -- Found ament_lint_auto: 0.12.12 (/opt/ros/humble/share/ament_lint_auto/cmake)
[2.179s] Traceback (most recent call last):
[2.179s]   File "/opt/ros/humble/share/ament_cmake_core/cmake/core/package_xml_2_cmake.py", line 22, in <module>
[2.179s]     from catkin_pkg.package import parse_package_string
[2.179s] ModuleNotFoundError: No module named 'catkin_pkg'
[2.182s] [31mCMake Error at /opt/ros/humble/share/ament_cmake_core/cmake/core/ament_package_xml.cmake:95 (message):
[2.182s]   execute_process(/home/trungty/anaconda3/bin/python3
[2.182s]   /opt/ros/humble/share/ament_cmake_core/cmake/core/package_xml_2_cmake.py
[2.182s]   /home/trungty/Downloads/moveit2_UR5/src/ur5_pick_and_place/package.xml
[2.182s]   /home/trungty/Downloads/moveit2_UR5/build/ur5_pick_and_place/ament_cmake_core/package.cmake)
[2.182s]   returned error code 1
[2.182s] Call Stack (most recent call first):
[2.182s]   /opt/ros/humble/share/ament_cmake_core/cmake/core/ament_package_xml.cmake:49 (_ament_package_xml)
[2.182s]   /opt/ros/humble/share/ament_lint_auto/cmake/ament_lint_auto_find_test_dependencies.cmake:31 (ament_package_xml)
[2.182s]   CMakeLists.txt:36 (ament_lint_auto_find_test_dependencies)
[2.182s] 
[2.182s] [0m
[2.182s] -- Configuring incomplete, errors occurred!
[2.182s] See also "/home/trungty/Downloads/moveit2_UR5/build/ur5_pick_and_place/CMakeFiles/CMakeOutput.log".
