[0.592s] Invoking command in '/home/trungty/Downloads/moveit2_UR5/src/ball_detector': CONDA_PROMPT_MODIFIER=(base) PYTHONPATH=/home/trungty/Downloads/moveit2_UR5/build/ball_detector/prefix_override:/usr/lib/python3/dist-packages/colcon_core/task/python/colcon_distutils_commands:/home/trungty/Downloads/moveit2_UR5/install/ball_detector/lib/python3.10/site-packages:${PYTHONPATH} /usr/bin/python3 -W ignore:setup.py install is deprecated -W ignore:easy_install command is deprecated setup.py egg_info --egg-base ../../build/ball_detector build --build-base /home/trungty/Downloads/moveit2_UR5/build/ball_detector/build install --record /home/trungty/Downloads/moveit2_UR5/build/ball_detector/install.log --single-version-externally-managed install_data
[0.745s] running egg_info
[0.746s] writing ../../build/ball_detector/ball_detector.egg-info/PKG-INFO
[0.746s] writing dependency_links to ../../build/ball_detector/ball_detector.egg-info/dependency_links.txt
[0.746s] writing entry points to ../../build/ball_detector/ball_detector.egg-info/entry_points.txt
[0.746s] writing requirements to ../../build/ball_detector/ball_detector.egg-info/requires.txt
[0.746s] writing top-level names to ../../build/ball_detector/ball_detector.egg-info/top_level.txt
[0.747s] reading manifest file '../../build/ball_detector/ball_detector.egg-info/SOURCES.txt'
[0.747s] writing manifest file '../../build/ball_detector/ball_detector.egg-info/SOURCES.txt'
[0.747s] running build
[0.748s] running build_py
[0.748s] running install
[0.748s] running install_lib
[0.749s] running install_data
[0.749s] running install_egg_info
[0.750s] removing '/home/trungty/Downloads/moveit2_UR5/install/ball_detector/lib/python3.10/site-packages/ball_detector-0.0.0-py3.10.egg-info' (and everything under it)
[0.750s] Copying ../../build/ball_detector/ball_detector.egg-info to /home/trungty/Downloads/moveit2_UR5/install/ball_detector/lib/python3.10/site-packages/ball_detector-0.0.0-py3.10.egg-info
[0.750s] running install_scripts
[0.765s] Installing detect_ball script to /home/trungty/Downloads/moveit2_UR5/install/ball_detector/lib/ball_detector
[0.765s] writing list of installed files to '/home/trungty/Downloads/moveit2_UR5/build/ball_detector/install.log'
[0.785s] Invoked command in '/home/trungty/Downloads/moveit2_UR5/src/ball_detector' returned '0': CONDA_PROMPT_MODIFIER=(base) PYTHONPATH=/home/trungty/Downloads/moveit2_UR5/build/ball_detector/prefix_override:/usr/lib/python3/dist-packages/colcon_core/task/python/colcon_distutils_commands:/home/trungty/Downloads/moveit2_UR5/install/ball_detector/lib/python3.10/site-packages:${PYTHONPATH} /usr/bin/python3 -W ignore:setup.py install is deprecated -W ignore:easy_install command is deprecated setup.py egg_info --egg-base ../../build/ball_detector build --build-base /home/trungty/Downloads/moveit2_UR5/build/ball_detector/build install --record /home/trungty/Downloads/moveit2_UR5/build/ball_detector/install.log --single-version-externally-managed install_data
