[0.075s] DEBUG:colcon:Command line arguments: ['/usr/bin/colcon', 'build']
[0.075s] DEBUG:colcon:Parsed command line arguments: Namespace(log_base=None, log_level=None, verb_name='build', build_base='build', install_base='install', merge_install=False, symlink_install=False, test_result_base=None, continue_on_error=False, executor='parallel', parallel_workers=12, event_handlers=None, ignore_user_meta=False, metas=['./colcon.meta'], base_paths=['.'], packages_ignore=None, packages_ignore_regex=None, paths=None, packages_up_to=None, packages_up_to_regex=None, packages_above=None, packages_above_and_dependencies=None, packages_above_depth=None, packages_select_by_dep=None, packages_skip_by_dep=None, packages_skip_up_to=None, packages_select_build_failed=False, packages_skip_build_finished=False, packages_select_test_failures=False, packages_skip_test_passed=False, packages_select=None, packages_skip=None, packages_select_regex=None, packages_skip_regex=None, packages_start=None, packages_end=None, allow_overriding=[], cmake_args=None, cmake_target=None, cmake_target_skip_unavailable=False, cmake_clean_cache=False, cmake_clean_first=False, cmake_force_configure=False, ament_cmake_args=None, catkin_cmake_args=None, catkin_skip_building_tests=False, mixin_files=None, mixin=None, verb_parser=<colcon_mixin.mixin.mixin_argument.MixinArgumentDecorator object at 0x703dd1723010>, verb_extension=<colcon_core.verb.build.BuildVerb object at 0x703dd1722800>, main=<bound method BuildVerb.main of <colcon_core.verb.build.BuildVerb object at 0x703dd1722800>>, mixin_verb=('build',))
[0.169s] Level 1:colcon.colcon_core.package_discovery:discover_packages(colcon_meta) check parameters
[0.169s] Level 1:colcon.colcon_core.package_discovery:discover_packages(recursive) check parameters
[0.170s] Level 1:colcon.colcon_core.package_discovery:discover_packages(ignore) check parameters
[0.170s] Level 1:colcon.colcon_core.package_discovery:discover_packages(path) check parameters
[0.170s] Level 1:colcon.colcon_core.package_discovery:discover_packages(colcon_meta) discover
[0.170s] Level 1:colcon.colcon_core.package_discovery:discover_packages(recursive) discover
[0.170s] INFO:colcon.colcon_core.package_discovery:Crawling recursively for packages in '/home/trungty/Downloads/moveit2_UR5'
[0.170s] Level 1:colcon.colcon_core.package_identification:_identify(.) by extensions ['ignore', 'ignore_ament_install']
[0.170s] Level 1:colcon.colcon_core.package_identification:_identify(.) by extension 'ignore'
[0.170s] Level 1:colcon.colcon_core.package_identification:_identify(.) by extension 'ignore_ament_install'
[0.170s] Level 1:colcon.colcon_core.package_identification:_identify(.) by extensions ['colcon_pkg']
[0.170s] Level 1:colcon.colcon_core.package_identification:_identify(.) by extension 'colcon_pkg'
[0.170s] Level 1:colcon.colcon_core.package_identification:_identify(.) by extensions ['colcon_meta']
[0.170s] Level 1:colcon.colcon_core.package_identification:_identify(.) by extension 'colcon_meta'
[0.170s] Level 1:colcon.colcon_core.package_identification:_identify(.) by extensions ['ros']
[0.170s] Level 1:colcon.colcon_core.package_identification:_identify(.) by extension 'ros'
[0.177s] Level 1:colcon.colcon_core.package_identification:_identify(.) by extensions ['cmake', 'python']
[0.177s] Level 1:colcon.colcon_core.package_identification:_identify(.) by extension 'cmake'
[0.177s] Level 1:colcon.colcon_core.package_identification:_identify(.) by extension 'python'
[0.177s] Level 1:colcon.colcon_core.package_identification:_identify(.) by extensions ['python_setup_py']
[0.177s] Level 1:colcon.colcon_core.package_identification:_identify(.) by extension 'python_setup_py'
[0.177s] Level 1:colcon.colcon_core.package_identification:_identify(build) by extensions ['ignore', 'ignore_ament_install']
[0.177s] Level 1:colcon.colcon_core.package_identification:_identify(build) by extension 'ignore'
[0.177s] Level 1:colcon.colcon_core.package_identification:_identify(build) ignored
[0.177s] Level 1:colcon.colcon_core.package_identification:_identify(datasets) by extensions ['ignore', 'ignore_ament_install']
[0.177s] Level 1:colcon.colcon_core.package_identification:_identify(datasets) by extension 'ignore'
[0.177s] Level 1:colcon.colcon_core.package_identification:_identify(datasets) by extension 'ignore_ament_install'
[0.177s] Level 1:colcon.colcon_core.package_identification:_identify(datasets) by extensions ['colcon_pkg']
[0.177s] Level 1:colcon.colcon_core.package_identification:_identify(datasets) by extension 'colcon_pkg'
[0.177s] Level 1:colcon.colcon_core.package_identification:_identify(datasets) by extensions ['colcon_meta']
[0.177s] Level 1:colcon.colcon_core.package_identification:_identify(datasets) by extension 'colcon_meta'
[0.177s] Level 1:colcon.colcon_core.package_identification:_identify(datasets) by extensions ['ros']
[0.177s] Level 1:colcon.colcon_core.package_identification:_identify(datasets) by extension 'ros'
[0.178s] Level 1:colcon.colcon_core.package_identification:_identify(datasets) by extensions ['cmake', 'python']
[0.178s] Level 1:colcon.colcon_core.package_identification:_identify(datasets) by extension 'cmake'
[0.178s] Level 1:colcon.colcon_core.package_identification:_identify(datasets) by extension 'python'
[0.178s] Level 1:colcon.colcon_core.package_identification:_identify(datasets) by extensions ['python_setup_py']
[0.178s] Level 1:colcon.colcon_core.package_identification:_identify(datasets) by extension 'python_setup_py'
[0.178s] Level 1:colcon.colcon_core.package_identification:_identify(datasets/coco8) by extensions ['ignore', 'ignore_ament_install']
[0.178s] Level 1:colcon.colcon_core.package_identification:_identify(datasets/coco8) by extension 'ignore'
[0.178s] Level 1:colcon.colcon_core.package_identification:_identify(datasets/coco8) by extension 'ignore_ament_install'
[0.178s] Level 1:colcon.colcon_core.package_identification:_identify(datasets/coco8) by extensions ['colcon_pkg']
[0.178s] Level 1:colcon.colcon_core.package_identification:_identify(datasets/coco8) by extension 'colcon_pkg'
[0.178s] Level 1:colcon.colcon_core.package_identification:_identify(datasets/coco8) by extensions ['colcon_meta']
[0.178s] Level 1:colcon.colcon_core.package_identification:_identify(datasets/coco8) by extension 'colcon_meta'
[0.178s] Level 1:colcon.colcon_core.package_identification:_identify(datasets/coco8) by extensions ['ros']
[0.178s] Level 1:colcon.colcon_core.package_identification:_identify(datasets/coco8) by extension 'ros'
[0.178s] Level 1:colcon.colcon_core.package_identification:_identify(datasets/coco8) by extensions ['cmake', 'python']
[0.178s] Level 1:colcon.colcon_core.package_identification:_identify(datasets/coco8) by extension 'cmake'
[0.178s] Level 1:colcon.colcon_core.package_identification:_identify(datasets/coco8) by extension 'python'
[0.178s] Level 1:colcon.colcon_core.package_identification:_identify(datasets/coco8) by extensions ['python_setup_py']
[0.178s] Level 1:colcon.colcon_core.package_identification:_identify(datasets/coco8) by extension 'python_setup_py'
[0.178s] Level 1:colcon.colcon_core.package_identification:_identify(datasets/coco8/images) by extensions ['ignore', 'ignore_ament_install']
[0.178s] Level 1:colcon.colcon_core.package_identification:_identify(datasets/coco8/images) by extension 'ignore'
[0.178s] Level 1:colcon.colcon_core.package_identification:_identify(datasets/coco8/images) by extension 'ignore_ament_install'
[0.178s] Level 1:colcon.colcon_core.package_identification:_identify(datasets/coco8/images) by extensions ['colcon_pkg']
[0.178s] Level 1:colcon.colcon_core.package_identification:_identify(datasets/coco8/images) by extension 'colcon_pkg'
[0.178s] Level 1:colcon.colcon_core.package_identification:_identify(datasets/coco8/images) by extensions ['colcon_meta']
[0.178s] Level 1:colcon.colcon_core.package_identification:_identify(datasets/coco8/images) by extension 'colcon_meta'
[0.178s] Level 1:colcon.colcon_core.package_identification:_identify(datasets/coco8/images) by extensions ['ros']
[0.178s] Level 1:colcon.colcon_core.package_identification:_identify(datasets/coco8/images) by extension 'ros'
[0.178s] Level 1:colcon.colcon_core.package_identification:_identify(datasets/coco8/images) by extensions ['cmake', 'python']
[0.178s] Level 1:colcon.colcon_core.package_identification:_identify(datasets/coco8/images) by extension 'cmake'
[0.178s] Level 1:colcon.colcon_core.package_identification:_identify(datasets/coco8/images) by extension 'python'
[0.178s] Level 1:colcon.colcon_core.package_identification:_identify(datasets/coco8/images) by extensions ['python_setup_py']
[0.178s] Level 1:colcon.colcon_core.package_identification:_identify(datasets/coco8/images) by extension 'python_setup_py'
[0.178s] Level 1:colcon.colcon_core.package_identification:_identify(datasets/coco8/images/train) by extensions ['ignore', 'ignore_ament_install']
[0.178s] Level 1:colcon.colcon_core.package_identification:_identify(datasets/coco8/images/train) by extension 'ignore'
[0.178s] Level 1:colcon.colcon_core.package_identification:_identify(datasets/coco8/images/train) by extension 'ignore_ament_install'
[0.179s] Level 1:colcon.colcon_core.package_identification:_identify(datasets/coco8/images/train) by extensions ['colcon_pkg']
[0.179s] Level 1:colcon.colcon_core.package_identification:_identify(datasets/coco8/images/train) by extension 'colcon_pkg'
[0.179s] Level 1:colcon.colcon_core.package_identification:_identify(datasets/coco8/images/train) by extensions ['colcon_meta']
[0.179s] Level 1:colcon.colcon_core.package_identification:_identify(datasets/coco8/images/train) by extension 'colcon_meta'
[0.179s] Level 1:colcon.colcon_core.package_identification:_identify(datasets/coco8/images/train) by extensions ['ros']
[0.179s] Level 1:colcon.colcon_core.package_identification:_identify(datasets/coco8/images/train) by extension 'ros'
[0.179s] Level 1:colcon.colcon_core.package_identification:_identify(datasets/coco8/images/train) by extensions ['cmake', 'python']
[0.179s] Level 1:colcon.colcon_core.package_identification:_identify(datasets/coco8/images/train) by extension 'cmake'
[0.179s] Level 1:colcon.colcon_core.package_identification:_identify(datasets/coco8/images/train) by extension 'python'
[0.179s] Level 1:colcon.colcon_core.package_identification:_identify(datasets/coco8/images/train) by extensions ['python_setup_py']
[0.179s] Level 1:colcon.colcon_core.package_identification:_identify(datasets/coco8/images/train) by extension 'python_setup_py'
[0.179s] Level 1:colcon.colcon_core.package_identification:_identify(datasets/coco8/images/val) by extensions ['ignore', 'ignore_ament_install']
[0.179s] Level 1:colcon.colcon_core.package_identification:_identify(datasets/coco8/images/val) by extension 'ignore'
[0.179s] Level 1:colcon.colcon_core.package_identification:_identify(datasets/coco8/images/val) by extension 'ignore_ament_install'
[0.179s] Level 1:colcon.colcon_core.package_identification:_identify(datasets/coco8/images/val) by extensions ['colcon_pkg']
[0.179s] Level 1:colcon.colcon_core.package_identification:_identify(datasets/coco8/images/val) by extension 'colcon_pkg'
[0.179s] Level 1:colcon.colcon_core.package_identification:_identify(datasets/coco8/images/val) by extensions ['colcon_meta']
[0.179s] Level 1:colcon.colcon_core.package_identification:_identify(datasets/coco8/images/val) by extension 'colcon_meta'
[0.179s] Level 1:colcon.colcon_core.package_identification:_identify(datasets/coco8/images/val) by extensions ['ros']
[0.179s] Level 1:colcon.colcon_core.package_identification:_identify(datasets/coco8/images/val) by extension 'ros'
[0.179s] Level 1:colcon.colcon_core.package_identification:_identify(datasets/coco8/images/val) by extensions ['cmake', 'python']
[0.179s] Level 1:colcon.colcon_core.package_identification:_identify(datasets/coco8/images/val) by extension 'cmake'
[0.179s] Level 1:colcon.colcon_core.package_identification:_identify(datasets/coco8/images/val) by extension 'python'
[0.179s] Level 1:colcon.colcon_core.package_identification:_identify(datasets/coco8/images/val) by extensions ['python_setup_py']
[0.179s] Level 1:colcon.colcon_core.package_identification:_identify(datasets/coco8/images/val) by extension 'python_setup_py'
[0.179s] Level 1:colcon.colcon_core.package_identification:_identify(datasets/coco8/labels) by extensions ['ignore', 'ignore_ament_install']
[0.179s] Level 1:colcon.colcon_core.package_identification:_identify(datasets/coco8/labels) by extension 'ignore'
[0.179s] Level 1:colcon.colcon_core.package_identification:_identify(datasets/coco8/labels) by extension 'ignore_ament_install'
[0.179s] Level 1:colcon.colcon_core.package_identification:_identify(datasets/coco8/labels) by extensions ['colcon_pkg']
[0.179s] Level 1:colcon.colcon_core.package_identification:_identify(datasets/coco8/labels) by extension 'colcon_pkg'
[0.179s] Level 1:colcon.colcon_core.package_identification:_identify(datasets/coco8/labels) by extensions ['colcon_meta']
[0.179s] Level 1:colcon.colcon_core.package_identification:_identify(datasets/coco8/labels) by extension 'colcon_meta'
[0.179s] Level 1:colcon.colcon_core.package_identification:_identify(datasets/coco8/labels) by extensions ['ros']
[0.179s] Level 1:colcon.colcon_core.package_identification:_identify(datasets/coco8/labels) by extension 'ros'
[0.179s] Level 1:colcon.colcon_core.package_identification:_identify(datasets/coco8/labels) by extensions ['cmake', 'python']
[0.179s] Level 1:colcon.colcon_core.package_identification:_identify(datasets/coco8/labels) by extension 'cmake'
[0.179s] Level 1:colcon.colcon_core.package_identification:_identify(datasets/coco8/labels) by extension 'python'
[0.179s] Level 1:colcon.colcon_core.package_identification:_identify(datasets/coco8/labels) by extensions ['python_setup_py']
[0.179s] Level 1:colcon.colcon_core.package_identification:_identify(datasets/coco8/labels) by extension 'python_setup_py'
[0.179s] Level 1:colcon.colcon_core.package_identification:_identify(datasets/coco8/labels/train) by extensions ['ignore', 'ignore_ament_install']
[0.179s] Level 1:colcon.colcon_core.package_identification:_identify(datasets/coco8/labels/train) by extension 'ignore'
[0.180s] Level 1:colcon.colcon_core.package_identification:_identify(datasets/coco8/labels/train) by extension 'ignore_ament_install'
[0.180s] Level 1:colcon.colcon_core.package_identification:_identify(datasets/coco8/labels/train) by extensions ['colcon_pkg']
[0.180s] Level 1:colcon.colcon_core.package_identification:_identify(datasets/coco8/labels/train) by extension 'colcon_pkg'
[0.180s] Level 1:colcon.colcon_core.package_identification:_identify(datasets/coco8/labels/train) by extensions ['colcon_meta']
[0.180s] Level 1:colcon.colcon_core.package_identification:_identify(datasets/coco8/labels/train) by extension 'colcon_meta'
[0.180s] Level 1:colcon.colcon_core.package_identification:_identify(datasets/coco8/labels/train) by extensions ['ros']
[0.180s] Level 1:colcon.colcon_core.package_identification:_identify(datasets/coco8/labels/train) by extension 'ros'
[0.180s] Level 1:colcon.colcon_core.package_identification:_identify(datasets/coco8/labels/train) by extensions ['cmake', 'python']
[0.180s] Level 1:colcon.colcon_core.package_identification:_identify(datasets/coco8/labels/train) by extension 'cmake'
[0.180s] Level 1:colcon.colcon_core.package_identification:_identify(datasets/coco8/labels/train) by extension 'python'
[0.180s] Level 1:colcon.colcon_core.package_identification:_identify(datasets/coco8/labels/train) by extensions ['python_setup_py']
[0.180s] Level 1:colcon.colcon_core.package_identification:_identify(datasets/coco8/labels/train) by extension 'python_setup_py'
[0.180s] Level 1:colcon.colcon_core.package_identification:_identify(datasets/coco8/labels/val) by extensions ['ignore', 'ignore_ament_install']
[0.180s] Level 1:colcon.colcon_core.package_identification:_identify(datasets/coco8/labels/val) by extension 'ignore'
[0.180s] Level 1:colcon.colcon_core.package_identification:_identify(datasets/coco8/labels/val) by extension 'ignore_ament_install'
[0.180s] Level 1:colcon.colcon_core.package_identification:_identify(datasets/coco8/labels/val) by extensions ['colcon_pkg']
[0.180s] Level 1:colcon.colcon_core.package_identification:_identify(datasets/coco8/labels/val) by extension 'colcon_pkg'
[0.180s] Level 1:colcon.colcon_core.package_identification:_identify(datasets/coco8/labels/val) by extensions ['colcon_meta']
[0.180s] Level 1:colcon.colcon_core.package_identification:_identify(datasets/coco8/labels/val) by extension 'colcon_meta'
[0.180s] Level 1:colcon.colcon_core.package_identification:_identify(datasets/coco8/labels/val) by extensions ['ros']
[0.180s] Level 1:colcon.colcon_core.package_identification:_identify(datasets/coco8/labels/val) by extension 'ros'
[0.180s] Level 1:colcon.colcon_core.package_identification:_identify(datasets/coco8/labels/val) by extensions ['cmake', 'python']
[0.180s] Level 1:colcon.colcon_core.package_identification:_identify(datasets/coco8/labels/val) by extension 'cmake'
[0.180s] Level 1:colcon.colcon_core.package_identification:_identify(datasets/coco8/labels/val) by extension 'python'
[0.180s] Level 1:colcon.colcon_core.package_identification:_identify(datasets/coco8/labels/val) by extensions ['python_setup_py']
[0.180s] Level 1:colcon.colcon_core.package_identification:_identify(datasets/coco8/labels/val) by extension 'python_setup_py'
[0.180s] Level 1:colcon.colcon_core.package_identification:_identify(install) by extensions ['ignore', 'ignore_ament_install']
[0.180s] Level 1:colcon.colcon_core.package_identification:_identify(install) by extension 'ignore'
[0.180s] Level 1:colcon.colcon_core.package_identification:_identify(install) ignored
[0.180s] Level 1:colcon.colcon_core.package_identification:_identify(log) by extensions ['ignore', 'ignore_ament_install']
[0.180s] Level 1:colcon.colcon_core.package_identification:_identify(log) by extension 'ignore'
[0.180s] Level 1:colcon.colcon_core.package_identification:_identify(log) ignored
[0.180s] Level 1:colcon.colcon_core.package_identification:_identify(src) by extensions ['ignore', 'ignore_ament_install']
[0.180s] Level 1:colcon.colcon_core.package_identification:_identify(src) by extension 'ignore'
[0.180s] Level 1:colcon.colcon_core.package_identification:_identify(src) by extension 'ignore_ament_install'
[0.180s] Level 1:colcon.colcon_core.package_identification:_identify(src) by extensions ['colcon_pkg']
[0.181s] Level 1:colcon.colcon_core.package_identification:_identify(src) by extension 'colcon_pkg'
[0.181s] Level 1:colcon.colcon_core.package_identification:_identify(src) by extensions ['colcon_meta']
[0.181s] Level 1:colcon.colcon_core.package_identification:_identify(src) by extension 'colcon_meta'
[0.181s] Level 1:colcon.colcon_core.package_identification:_identify(src) by extensions ['ros']
[0.181s] Level 1:colcon.colcon_core.package_identification:_identify(src) by extension 'ros'
[0.181s] Level 1:colcon.colcon_core.package_identification:_identify(src) by extensions ['cmake', 'python']
[0.181s] Level 1:colcon.colcon_core.package_identification:_identify(src) by extension 'cmake'
[0.181s] Level 1:colcon.colcon_core.package_identification:_identify(src) by extension 'python'
[0.181s] Level 1:colcon.colcon_core.package_identification:_identify(src) by extensions ['python_setup_py']
[0.181s] Level 1:colcon.colcon_core.package_identification:_identify(src) by extension 'python_setup_py'
[0.181s] Level 1:colcon.colcon_core.package_identification:_identify(src/camera_viewer) by extensions ['ignore', 'ignore_ament_install']
[0.181s] Level 1:colcon.colcon_core.package_identification:_identify(src/camera_viewer) by extension 'ignore'
[0.181s] Level 1:colcon.colcon_core.package_identification:_identify(src/camera_viewer) by extension 'ignore_ament_install'
[0.181s] Level 1:colcon.colcon_core.package_identification:_identify(src/camera_viewer) by extensions ['colcon_pkg']
[0.181s] Level 1:colcon.colcon_core.package_identification:_identify(src/camera_viewer) by extension 'colcon_pkg'
[0.181s] Level 1:colcon.colcon_core.package_identification:_identify(src/camera_viewer) by extensions ['colcon_meta']
[0.181s] Level 1:colcon.colcon_core.package_identification:_identify(src/camera_viewer) by extension 'colcon_meta'
[0.181s] Level 1:colcon.colcon_core.package_identification:_identify(src/camera_viewer) by extensions ['ros']
[0.181s] Level 1:colcon.colcon_core.package_identification:_identify(src/camera_viewer) by extension 'ros'
[0.183s] DEBUG:colcon.colcon_core.package_identification:Package 'src/camera_viewer' with type 'ros.ament_python' and name 'camera_viewer'
[0.183s] Level 1:colcon.colcon_core.package_identification:_identify(src/motion_program) by extensions ['ignore', 'ignore_ament_install']
[0.183s] Level 1:colcon.colcon_core.package_identification:_identify(src/motion_program) by extension 'ignore'
[0.183s] Level 1:colcon.colcon_core.package_identification:_identify(src/motion_program) by extension 'ignore_ament_install'
[0.183s] Level 1:colcon.colcon_core.package_identification:_identify(src/motion_program) by extensions ['colcon_pkg']
[0.183s] Level 1:colcon.colcon_core.package_identification:_identify(src/motion_program) by extension 'colcon_pkg'
[0.183s] Level 1:colcon.colcon_core.package_identification:_identify(src/motion_program) by extensions ['colcon_meta']
[0.183s] Level 1:colcon.colcon_core.package_identification:_identify(src/motion_program) by extension 'colcon_meta'
[0.183s] Level 1:colcon.colcon_core.package_identification:_identify(src/motion_program) by extensions ['ros']
[0.183s] Level 1:colcon.colcon_core.package_identification:_identify(src/motion_program) by extension 'ros'
[0.183s] DEBUG:colcon.colcon_core.package_identification:Package 'src/motion_program' with type 'ros.ament_cmake' and name 'motion_program'
[0.183s] Level 1:colcon.colcon_core.package_identification:_identify(src/robot_description) by extensions ['ignore', 'ignore_ament_install']
[0.183s] Level 1:colcon.colcon_core.package_identification:_identify(src/robot_description) by extension 'ignore'
[0.183s] Level 1:colcon.colcon_core.package_identification:_identify(src/robot_description) by extension 'ignore_ament_install'
[0.184s] Level 1:colcon.colcon_core.package_identification:_identify(src/robot_description) by extensions ['colcon_pkg']
[0.184s] Level 1:colcon.colcon_core.package_identification:_identify(src/robot_description) by extension 'colcon_pkg'
[0.184s] Level 1:colcon.colcon_core.package_identification:_identify(src/robot_description) by extensions ['colcon_meta']
[0.184s] Level 1:colcon.colcon_core.package_identification:_identify(src/robot_description) by extension 'colcon_meta'
[0.184s] Level 1:colcon.colcon_core.package_identification:_identify(src/robot_description) by extensions ['ros']
[0.184s] Level 1:colcon.colcon_core.package_identification:_identify(src/robot_description) by extension 'ros'
[0.184s] DEBUG:colcon.colcon_core.package_identification:Package 'src/robot_description' with type 'ros.ament_cmake' and name 'robot_description'
[0.184s] Level 1:colcon.colcon_core.package_identification:_identify(src/ur5_moveit_config) by extensions ['ignore', 'ignore_ament_install']
[0.184s] Level 1:colcon.colcon_core.package_identification:_identify(src/ur5_moveit_config) by extension 'ignore'
[0.184s] Level 1:colcon.colcon_core.package_identification:_identify(src/ur5_moveit_config) by extension 'ignore_ament_install'
[0.184s] Level 1:colcon.colcon_core.package_identification:_identify(src/ur5_moveit_config) by extensions ['colcon_pkg']
[0.184s] Level 1:colcon.colcon_core.package_identification:_identify(src/ur5_moveit_config) by extension 'colcon_pkg'
[0.184s] Level 1:colcon.colcon_core.package_identification:_identify(src/ur5_moveit_config) by extensions ['colcon_meta']
[0.184s] Level 1:colcon.colcon_core.package_identification:_identify(src/ur5_moveit_config) by extension 'colcon_meta'
[0.184s] Level 1:colcon.colcon_core.package_identification:_identify(src/ur5_moveit_config) by extensions ['ros']
[0.184s] Level 1:colcon.colcon_core.package_identification:_identify(src/ur5_moveit_config) by extension 'ros'
[0.185s] DEBUG:colcon.colcon_core.package_identification:Package 'src/ur5_moveit_config' with type 'ros.ament_cmake' and name 'ur5_moveit_config'
[0.185s] Level 1:colcon.colcon_core.package_identification:_identify(src/ur_motion) by extensions ['ignore', 'ignore_ament_install']
[0.185s] Level 1:colcon.colcon_core.package_identification:_identify(src/ur_motion) by extension 'ignore'
[0.185s] Level 1:colcon.colcon_core.package_identification:_identify(src/ur_motion) by extension 'ignore_ament_install'
[0.185s] Level 1:colcon.colcon_core.package_identification:_identify(src/ur_motion) by extensions ['colcon_pkg']
[0.185s] Level 1:colcon.colcon_core.package_identification:_identify(src/ur_motion) by extension 'colcon_pkg'
[0.185s] Level 1:colcon.colcon_core.package_identification:_identify(src/ur_motion) by extensions ['colcon_meta']
[0.185s] Level 1:colcon.colcon_core.package_identification:_identify(src/ur_motion) by extension 'colcon_meta'
[0.185s] Level 1:colcon.colcon_core.package_identification:_identify(src/ur_motion) by extensions ['ros']
[0.185s] Level 1:colcon.colcon_core.package_identification:_identify(src/ur_motion) by extension 'ros'
[0.185s] DEBUG:colcon.colcon_core.package_identification:Package 'src/ur_motion' with type 'ros.ament_cmake' and name 'ur_motion'
[0.185s] Level 1:colcon.colcon_core.package_discovery:discover_packages(recursive) using defaults
[0.185s] Level 1:colcon.colcon_core.package_discovery:discover_packages(ignore) discover
[0.185s] Level 1:colcon.colcon_core.package_discovery:discover_packages(ignore) using defaults
[0.185s] Level 1:colcon.colcon_core.package_discovery:discover_packages(path) discover
[0.185s] Level 1:colcon.colcon_core.package_discovery:discover_packages(path) using defaults
[0.205s] Level 1:colcon.colcon_core.package_discovery:discover_packages(prefix_path) check parameters
[0.205s] Level 1:colcon.colcon_core.package_discovery:discover_packages(prefix_path) discover
[0.208s] DEBUG:colcon.colcon_installed_package_information.package_discovery:Found 9 installed packages in /home/trungty/Downloads/moveit2_UR5/install
[0.209s] DEBUG:colcon.colcon_installed_package_information.package_discovery:Found 56 installed packages in /home/trungty/ws_moveit2/install
[0.210s] DEBUG:colcon.colcon_installed_package_information.package_discovery:Found 315 installed packages in /opt/ros/humble
[0.211s] Level 1:colcon.colcon_core.package_discovery:discover_packages(prefix_path) using defaults
[0.238s] Level 5:colcon.colcon_core.verb:set package 'camera_viewer' build argument 'cmake_args' from command line to 'None'
[0.238s] Level 5:colcon.colcon_core.verb:set package 'camera_viewer' build argument 'cmake_target' from command line to 'None'
[0.238s] Level 5:colcon.colcon_core.verb:set package 'camera_viewer' build argument 'cmake_target_skip_unavailable' from command line to 'False'
[0.238s] Level 5:colcon.colcon_core.verb:set package 'camera_viewer' build argument 'cmake_clean_cache' from command line to 'False'
[0.238s] Level 5:colcon.colcon_core.verb:set package 'camera_viewer' build argument 'cmake_clean_first' from command line to 'False'
[0.238s] Level 5:colcon.colcon_core.verb:set package 'camera_viewer' build argument 'cmake_force_configure' from command line to 'False'
[0.238s] Level 5:colcon.colcon_core.verb:set package 'camera_viewer' build argument 'ament_cmake_args' from command line to 'None'
[0.238s] Level 5:colcon.colcon_core.verb:set package 'camera_viewer' build argument 'catkin_cmake_args' from command line to 'None'
[0.238s] Level 5:colcon.colcon_core.verb:set package 'camera_viewer' build argument 'catkin_skip_building_tests' from command line to 'False'
[0.238s] DEBUG:colcon.colcon_core.verb:Building package 'camera_viewer' with the following arguments: {'ament_cmake_args': None, 'build_base': '/home/trungty/Downloads/moveit2_UR5/build/camera_viewer', 'catkin_cmake_args': None, 'catkin_skip_building_tests': False, 'cmake_args': None, 'cmake_clean_cache': False, 'cmake_clean_first': False, 'cmake_force_configure': False, 'cmake_target': None, 'cmake_target_skip_unavailable': False, 'install_base': '/home/trungty/Downloads/moveit2_UR5/install/camera_viewer', 'merge_install': False, 'path': '/home/trungty/Downloads/moveit2_UR5/src/camera_viewer', 'symlink_install': False, 'test_result_base': None}
[0.238s] Level 5:colcon.colcon_core.verb:set package 'motion_program' build argument 'cmake_args' from command line to 'None'
[0.238s] Level 5:colcon.colcon_core.verb:set package 'motion_program' build argument 'cmake_target' from command line to 'None'
[0.238s] Level 5:colcon.colcon_core.verb:set package 'motion_program' build argument 'cmake_target_skip_unavailable' from command line to 'False'
[0.239s] Level 5:colcon.colcon_core.verb:set package 'motion_program' build argument 'cmake_clean_cache' from command line to 'False'
[0.239s] Level 5:colcon.colcon_core.verb:set package 'motion_program' build argument 'cmake_clean_first' from command line to 'False'
[0.239s] Level 5:colcon.colcon_core.verb:set package 'motion_program' build argument 'cmake_force_configure' from command line to 'False'
[0.239s] Level 5:colcon.colcon_core.verb:set package 'motion_program' build argument 'ament_cmake_args' from command line to 'None'
[0.239s] Level 5:colcon.colcon_core.verb:set package 'motion_program' build argument 'catkin_cmake_args' from command line to 'None'
[0.239s] Level 5:colcon.colcon_core.verb:set package 'motion_program' build argument 'catkin_skip_building_tests' from command line to 'False'
[0.239s] DEBUG:colcon.colcon_core.verb:Building package 'motion_program' with the following arguments: {'ament_cmake_args': None, 'build_base': '/home/trungty/Downloads/moveit2_UR5/build/motion_program', 'catkin_cmake_args': None, 'catkin_skip_building_tests': False, 'cmake_args': None, 'cmake_clean_cache': False, 'cmake_clean_first': False, 'cmake_force_configure': False, 'cmake_target': None, 'cmake_target_skip_unavailable': False, 'install_base': '/home/trungty/Downloads/moveit2_UR5/install/motion_program', 'merge_install': False, 'path': '/home/trungty/Downloads/moveit2_UR5/src/motion_program', 'symlink_install': False, 'test_result_base': None}
[0.239s] Level 5:colcon.colcon_core.verb:set package 'robot_description' build argument 'cmake_args' from command line to 'None'
[0.239s] Level 5:colcon.colcon_core.verb:set package 'robot_description' build argument 'cmake_target' from command line to 'None'
[0.239s] Level 5:colcon.colcon_core.verb:set package 'robot_description' build argument 'cmake_target_skip_unavailable' from command line to 'False'
[0.239s] Level 5:colcon.colcon_core.verb:set package 'robot_description' build argument 'cmake_clean_cache' from command line to 'False'
[0.239s] Level 5:colcon.colcon_core.verb:set package 'robot_description' build argument 'cmake_clean_first' from command line to 'False'
[0.239s] Level 5:colcon.colcon_core.verb:set package 'robot_description' build argument 'cmake_force_configure' from command line to 'False'
[0.239s] Level 5:colcon.colcon_core.verb:set package 'robot_description' build argument 'ament_cmake_args' from command line to 'None'
[0.239s] Level 5:colcon.colcon_core.verb:set package 'robot_description' build argument 'catkin_cmake_args' from command line to 'None'
[0.239s] Level 5:colcon.colcon_core.verb:set package 'robot_description' build argument 'catkin_skip_building_tests' from command line to 'False'
[0.239s] DEBUG:colcon.colcon_core.verb:Building package 'robot_description' with the following arguments: {'ament_cmake_args': None, 'build_base': '/home/trungty/Downloads/moveit2_UR5/build/robot_description', 'catkin_cmake_args': None, 'catkin_skip_building_tests': False, 'cmake_args': None, 'cmake_clean_cache': False, 'cmake_clean_first': False, 'cmake_force_configure': False, 'cmake_target': None, 'cmake_target_skip_unavailable': False, 'install_base': '/home/trungty/Downloads/moveit2_UR5/install/robot_description', 'merge_install': False, 'path': '/home/trungty/Downloads/moveit2_UR5/src/robot_description', 'symlink_install': False, 'test_result_base': None}
[0.239s] Level 5:colcon.colcon_core.verb:set package 'ur_motion' build argument 'cmake_args' from command line to 'None'
[0.239s] Level 5:colcon.colcon_core.verb:set package 'ur_motion' build argument 'cmake_target' from command line to 'None'
[0.239s] Level 5:colcon.colcon_core.verb:set package 'ur_motion' build argument 'cmake_target_skip_unavailable' from command line to 'False'
[0.239s] Level 5:colcon.colcon_core.verb:set package 'ur_motion' build argument 'cmake_clean_cache' from command line to 'False'
[0.239s] Level 5:colcon.colcon_core.verb:set package 'ur_motion' build argument 'cmake_clean_first' from command line to 'False'
[0.239s] Level 5:colcon.colcon_core.verb:set package 'ur_motion' build argument 'cmake_force_configure' from command line to 'False'
[0.239s] Level 5:colcon.colcon_core.verb:set package 'ur_motion' build argument 'ament_cmake_args' from command line to 'None'
[0.239s] Level 5:colcon.colcon_core.verb:set package 'ur_motion' build argument 'catkin_cmake_args' from command line to 'None'
[0.239s] Level 5:colcon.colcon_core.verb:set package 'ur_motion' build argument 'catkin_skip_building_tests' from command line to 'False'
[0.239s] DEBUG:colcon.colcon_core.verb:Building package 'ur_motion' with the following arguments: {'ament_cmake_args': None, 'build_base': '/home/trungty/Downloads/moveit2_UR5/build/ur_motion', 'catkin_cmake_args': None, 'catkin_skip_building_tests': False, 'cmake_args': None, 'cmake_clean_cache': False, 'cmake_clean_first': False, 'cmake_force_configure': False, 'cmake_target': None, 'cmake_target_skip_unavailable': False, 'install_base': '/home/trungty/Downloads/moveit2_UR5/install/ur_motion', 'merge_install': False, 'path': '/home/trungty/Downloads/moveit2_UR5/src/ur_motion', 'symlink_install': False, 'test_result_base': None}
[0.239s] Level 5:colcon.colcon_core.verb:set package 'ur5_moveit_config' build argument 'cmake_args' from command line to 'None'
[0.239s] Level 5:colcon.colcon_core.verb:set package 'ur5_moveit_config' build argument 'cmake_target' from command line to 'None'
[0.239s] Level 5:colcon.colcon_core.verb:set package 'ur5_moveit_config' build argument 'cmake_target_skip_unavailable' from command line to 'False'
[0.239s] Level 5:colcon.colcon_core.verb:set package 'ur5_moveit_config' build argument 'cmake_clean_cache' from command line to 'False'
[0.240s] Level 5:colcon.colcon_core.verb:set package 'ur5_moveit_config' build argument 'cmake_clean_first' from command line to 'False'
[0.240s] Level 5:colcon.colcon_core.verb:set package 'ur5_moveit_config' build argument 'cmake_force_configure' from command line to 'False'
[0.240s] Level 5:colcon.colcon_core.verb:set package 'ur5_moveit_config' build argument 'ament_cmake_args' from command line to 'None'
[0.240s] Level 5:colcon.colcon_core.verb:set package 'ur5_moveit_config' build argument 'catkin_cmake_args' from command line to 'None'
[0.240s] Level 5:colcon.colcon_core.verb:set package 'ur5_moveit_config' build argument 'catkin_skip_building_tests' from command line to 'False'
[0.240s] DEBUG:colcon.colcon_core.verb:Building package 'ur5_moveit_config' with the following arguments: {'ament_cmake_args': None, 'build_base': '/home/trungty/Downloads/moveit2_UR5/build/ur5_moveit_config', 'catkin_cmake_args': None, 'catkin_skip_building_tests': False, 'cmake_args': None, 'cmake_clean_cache': False, 'cmake_clean_first': False, 'cmake_force_configure': False, 'cmake_target': None, 'cmake_target_skip_unavailable': False, 'install_base': '/home/trungty/Downloads/moveit2_UR5/install/ur5_moveit_config', 'merge_install': False, 'path': '/home/trungty/Downloads/moveit2_UR5/src/ur5_moveit_config', 'symlink_install': False, 'test_result_base': None}
[0.240s] INFO:colcon.colcon_core.executor:Executing jobs using 'parallel' executor
[0.240s] DEBUG:colcon.colcon_parallel_executor.executor.parallel:run_until_complete
[0.240s] INFO:colcon.colcon_ros.task.ament_cmake.build:Building ROS package in '/home/trungty/Downloads/moveit2_UR5/src/robot_description' with build type 'ament_cmake'
[0.241s] INFO:colcon.colcon_cmake.task.cmake.build:Building CMake package in '/home/trungty/Downloads/moveit2_UR5/src/robot_description'
[0.242s] INFO:colcon.colcon_core.plugin_system:Skipping extension 'colcon_core.shell.bat': Not used on non-Windows systems
[0.242s] INFO:colcon.colcon_core.shell:Skip shell extension 'powershell' for command environment: Not usable outside of PowerShell
[0.242s] DEBUG:colcon.colcon_core.shell:Skip shell extension 'dsv' for command environment
[0.246s] INFO:colcon.colcon_ros.task.ament_python.build:Building ROS package in '/home/trungty/Downloads/moveit2_UR5/src/camera_viewer' with build type 'ament_python'
[0.246s] Level 1:colcon.colcon_core.shell:create_environment_hook('camera_viewer', 'ament_prefix_path')
[0.247s] INFO:colcon.colcon_core.shell:Creating environment hook '/home/trungty/Downloads/moveit2_UR5/install/camera_viewer/share/camera_viewer/hook/ament_prefix_path.ps1'
[0.247s] INFO:colcon.colcon_core.shell:Creating environment descriptor '/home/trungty/Downloads/moveit2_UR5/install/camera_viewer/share/camera_viewer/hook/ament_prefix_path.dsv'
[0.247s] INFO:colcon.colcon_core.shell:Creating environment hook '/home/trungty/Downloads/moveit2_UR5/install/camera_viewer/share/camera_viewer/hook/ament_prefix_path.sh'
[0.248s] INFO:colcon.colcon_core.shell:Skip shell extension 'powershell' for command environment: Not usable outside of PowerShell
[0.248s] DEBUG:colcon.colcon_core.shell:Skip shell extension 'dsv' for command environment
[0.252s] INFO:colcon.colcon_ros.task.ament_cmake.build:Building ROS package in '/home/trungty/Downloads/moveit2_UR5/src/motion_program' with build type 'ament_cmake'
[0.252s] INFO:colcon.colcon_cmake.task.cmake.build:Building CMake package in '/home/trungty/Downloads/moveit2_UR5/src/motion_program'
[0.252s] INFO:colcon.colcon_core.shell:Skip shell extension 'powershell' for command environment: Not usable outside of PowerShell
[0.252s] DEBUG:colcon.colcon_core.shell:Skip shell extension 'dsv' for command environment
[0.256s] INFO:colcon.colcon_ros.task.ament_cmake.build:Building ROS package in '/home/trungty/Downloads/moveit2_UR5/src/ur_motion' with build type 'ament_cmake'
[0.257s] INFO:colcon.colcon_cmake.task.cmake.build:Building CMake package in '/home/trungty/Downloads/moveit2_UR5/src/ur_motion'
[0.257s] INFO:colcon.colcon_core.shell:Skip shell extension 'powershell' for command environment: Not usable outside of PowerShell
[0.257s] DEBUG:colcon.colcon_core.shell:Skip shell extension 'dsv' for command environment
[0.264s] DEBUG:colcon.colcon_core.event_handler.log_command:Invoking command in '/home/trungty/Downloads/moveit2_UR5/build/robot_description': CMAKE_PREFIX_PATH=${CMAKE_PREFIX_PATH}:/home/trungty/Downloads/moveit2_UR5/install/camera_viewer:/home/trungty/ws_moveit2/install/moveit_configs_utils:/home/trungty/ws_moveit2/install/launch_param_builder:/opt/ros/humble CONDA_PROMPT_MODIFIER=(base) /usr/bin/cmake --build /home/trungty/Downloads/moveit2_UR5/build/robot_description -- -j12 -l12
[0.422s] INFO:colcon.colcon_core.task.python.build:Building Python package in '/home/trungty/Downloads/moveit2_UR5/src/camera_viewer'
[0.422s] INFO:colcon.colcon_core.shell:Skip shell extension 'powershell' for command environment: Not usable outside of PowerShell
[0.422s] DEBUG:colcon.colcon_core.shell:Skip shell extension 'dsv' for command environment
[0.429s] DEBUG:colcon.colcon_core.event_handler.log_command:Invoking command in '/home/trungty/Downloads/moveit2_UR5/build/motion_program': CMAKE_PREFIX_PATH=${CMAKE_PREFIX_PATH}:/home/trungty/Downloads/moveit2_UR5/install/camera_viewer:/home/trungty/ws_moveit2/install/moveit_configs_utils:/home/trungty/ws_moveit2/install/launch_param_builder:/opt/ros/humble CONDA_PROMPT_MODIFIER=(base) /usr/bin/cmake --build /home/trungty/Downloads/moveit2_UR5/build/motion_program -- -j12 -l12
[0.430s] DEBUG:colcon.colcon_core.event_handler.log_command:Invoked command in '/home/trungty/Downloads/moveit2_UR5/build/robot_description' returned '0': CMAKE_PREFIX_PATH=${CMAKE_PREFIX_PATH}:/home/trungty/Downloads/moveit2_UR5/install/camera_viewer:/home/trungty/ws_moveit2/install/moveit_configs_utils:/home/trungty/ws_moveit2/install/launch_param_builder:/opt/ros/humble CONDA_PROMPT_MODIFIER=(base) /usr/bin/cmake --build /home/trungty/Downloads/moveit2_UR5/build/robot_description -- -j12 -l12
[0.438s] DEBUG:colcon.colcon_core.event_handler.log_command:Invoking command in '/home/trungty/Downloads/moveit2_UR5/build/robot_description': CMAKE_PREFIX_PATH=${CMAKE_PREFIX_PATH}:/home/trungty/Downloads/moveit2_UR5/install/camera_viewer:/home/trungty/ws_moveit2/install/moveit_configs_utils:/home/trungty/ws_moveit2/install/launch_param_builder:/opt/ros/humble CONDA_PROMPT_MODIFIER=(base) /usr/bin/cmake --install /home/trungty/Downloads/moveit2_UR5/build/robot_description
[0.441s] DEBUG:colcon.colcon_core.event_handler.log_command:Invoking command in '/home/trungty/Downloads/moveit2_UR5/build/ur_motion': CMAKE_PREFIX_PATH=${CMAKE_PREFIX_PATH}:/home/trungty/Downloads/moveit2_UR5/install/camera_viewer:/home/trungty/ws_moveit2/install/moveit_configs_utils:/home/trungty/ws_moveit2/install/launch_param_builder:/opt/ros/humble CONDA_PROMPT_MODIFIER=(base) /usr/bin/cmake --build /home/trungty/Downloads/moveit2_UR5/build/ur_motion -- -j12 -l12
[0.446s] Level 1:colcon.colcon_core.environment:create_environment_scripts_only(robot_description)
[0.447s] DEBUG:colcon.colcon_core.event_handler.log_command:Invoked command in '/home/trungty/Downloads/moveit2_UR5/build/robot_description' returned '0': CMAKE_PREFIX_PATH=${CMAKE_PREFIX_PATH}:/home/trungty/Downloads/moveit2_UR5/install/camera_viewer:/home/trungty/ws_moveit2/install/moveit_configs_utils:/home/trungty/ws_moveit2/install/launch_param_builder:/opt/ros/humble CONDA_PROMPT_MODIFIER=(base) /usr/bin/cmake --install /home/trungty/Downloads/moveit2_UR5/build/robot_description
[0.448s] Level 1:colcon.colcon_core.environment:checking '/home/trungty/Downloads/moveit2_UR5/install/robot_description' for CMake module files
[0.449s] Level 1:colcon.colcon_core.environment:checking '/home/trungty/Downloads/moveit2_UR5/install/robot_description' for CMake config files
[0.449s] Level 1:colcon.colcon_core.shell:create_environment_hook('robot_description', 'cmake_prefix_path')
[0.449s] INFO:colcon.colcon_core.shell:Creating environment hook '/home/trungty/Downloads/moveit2_UR5/install/robot_description/share/robot_description/hook/cmake_prefix_path.ps1'
[0.449s] INFO:colcon.colcon_core.shell:Creating environment descriptor '/home/trungty/Downloads/moveit2_UR5/install/robot_description/share/robot_description/hook/cmake_prefix_path.dsv'
[0.449s] INFO:colcon.colcon_core.shell:Creating environment hook '/home/trungty/Downloads/moveit2_UR5/install/robot_description/share/robot_description/hook/cmake_prefix_path.sh'
[0.450s] Level 1:colcon.colcon_core.environment:checking '/home/trungty/Downloads/moveit2_UR5/install/robot_description/bin'
[0.450s] Level 1:colcon.colcon_core.environment:checking '/home/trungty/Downloads/moveit2_UR5/install/robot_description/lib/pkgconfig/robot_description.pc'
[0.450s] Level 1:colcon.colcon_core.environment:checking '/home/trungty/Downloads/moveit2_UR5/install/robot_description/lib/python3.10/site-packages'
[0.450s] Level 1:colcon.colcon_core.environment:checking '/home/trungty/Downloads/moveit2_UR5/install/robot_description/bin'
[0.450s] INFO:colcon.colcon_core.shell:Creating package script '/home/trungty/Downloads/moveit2_UR5/install/robot_description/share/robot_description/package.ps1'
[0.451s] INFO:colcon.colcon_core.shell:Creating package descriptor '/home/trungty/Downloads/moveit2_UR5/install/robot_description/share/robot_description/package.dsv'
[0.451s] INFO:colcon.colcon_core.shell:Creating package script '/home/trungty/Downloads/moveit2_UR5/install/robot_description/share/robot_description/package.sh'
[0.452s] INFO:colcon.colcon_core.shell:Creating package script '/home/trungty/Downloads/moveit2_UR5/install/robot_description/share/robot_description/package.bash'
[0.453s] INFO:colcon.colcon_core.shell:Creating package script '/home/trungty/Downloads/moveit2_UR5/install/robot_description/share/robot_description/package.zsh'
[0.453s] Level 1:colcon.colcon_core.environment:create_file_with_runtime_dependencies(/home/trungty/Downloads/moveit2_UR5/install/robot_description/share/colcon-core/packages/robot_description)
[0.454s] Level 1:colcon.colcon_core.environment:create_environment_scripts_only(robot_description)
[0.454s] Level 1:colcon.colcon_core.environment:checking '/home/trungty/Downloads/moveit2_UR5/install/robot_description' for CMake module files
[0.454s] Level 1:colcon.colcon_core.environment:checking '/home/trungty/Downloads/moveit2_UR5/install/robot_description' for CMake config files
[0.454s] Level 1:colcon.colcon_core.shell:create_environment_hook('robot_description', 'cmake_prefix_path')
[0.454s] INFO:colcon.colcon_core.shell:Creating environment hook '/home/trungty/Downloads/moveit2_UR5/install/robot_description/share/robot_description/hook/cmake_prefix_path.ps1'
[0.455s] INFO:colcon.colcon_core.shell:Creating environment descriptor '/home/trungty/Downloads/moveit2_UR5/install/robot_description/share/robot_description/hook/cmake_prefix_path.dsv'
[0.455s] INFO:colcon.colcon_core.shell:Creating environment hook '/home/trungty/Downloads/moveit2_UR5/install/robot_description/share/robot_description/hook/cmake_prefix_path.sh'
[0.455s] Level 1:colcon.colcon_core.environment:checking '/home/trungty/Downloads/moveit2_UR5/install/robot_description/bin'
[0.455s] Level 1:colcon.colcon_core.environment:checking '/home/trungty/Downloads/moveit2_UR5/install/robot_description/lib/pkgconfig/robot_description.pc'
[0.455s] Level 1:colcon.colcon_core.environment:checking '/home/trungty/Downloads/moveit2_UR5/install/robot_description/lib/python3.10/site-packages'
[0.456s] Level 1:colcon.colcon_core.environment:checking '/home/trungty/Downloads/moveit2_UR5/install/robot_description/bin'
[0.456s] INFO:colcon.colcon_core.shell:Creating package script '/home/trungty/Downloads/moveit2_UR5/install/robot_description/share/robot_description/package.ps1'
[0.456s] INFO:colcon.colcon_core.shell:Creating package descriptor '/home/trungty/Downloads/moveit2_UR5/install/robot_description/share/robot_description/package.dsv'
[0.456s] INFO:colcon.colcon_core.shell:Creating package script '/home/trungty/Downloads/moveit2_UR5/install/robot_description/share/robot_description/package.sh'
[0.457s] INFO:colcon.colcon_core.shell:Creating package script '/home/trungty/Downloads/moveit2_UR5/install/robot_description/share/robot_description/package.bash'
[0.457s] INFO:colcon.colcon_core.shell:Creating package script '/home/trungty/Downloads/moveit2_UR5/install/robot_description/share/robot_description/package.zsh'
[0.457s] Level 1:colcon.colcon_core.environment:create_file_with_runtime_dependencies(/home/trungty/Downloads/moveit2_UR5/install/robot_description/share/colcon-core/packages/robot_description)
[0.457s] INFO:colcon.colcon_ros.task.ament_cmake.build:Building ROS package in '/home/trungty/Downloads/moveit2_UR5/src/ur5_moveit_config' with build type 'ament_cmake'
[0.457s] INFO:colcon.colcon_cmake.task.cmake.build:Building CMake package in '/home/trungty/Downloads/moveit2_UR5/src/ur5_moveit_config'
[0.457s] INFO:colcon.colcon_core.shell:Skip shell extension 'powershell' for command environment: Not usable outside of PowerShell
[0.458s] DEBUG:colcon.colcon_core.shell:Skip shell extension 'dsv' for command environment
[0.468s] DEBUG:colcon.colcon_core.event_handler.log_command:Invoking command in '/home/trungty/Downloads/moveit2_UR5/build/ur5_moveit_config': CMAKE_PREFIX_PATH=/home/trungty/Downloads/moveit2_UR5/install/robot_description:/home/trungty/Downloads/moveit2_UR5/install/motion_program:/home/trungty/Downloads/moveit2_UR5/install/ur_motion:/home/trungty/Downloads/moveit2_UR5/install/ur5_pick_place:/home/trungty/Downloads/moveit2_UR5/install/ur5_moveit_config:/home/trungty/Downloads/moveit2_UR5/install/rviz_marker_tools:/home/trungty/ws_moveit2/install/mtc_tutorial:/home/trungty/ws_moveit2/install/pilz_industrial_motion_planner_testutils:/home/trungty/ws_moveit2/install/moveit_runtime:/home/trungty/ws_moveit2/install/moveit2_tutorials:/home/trungty/ws_moveit2/install/moveit:/home/trungty/ws_moveit2/install/moveit_planners:/home/trungty/ws_moveit2/install/pilz_industrial_motion_planner:/home/trungty/ws_moveit2/install/moveit_visual_tools:/home/trungty/ws_moveit2/install/moveit_task_constructor_visualization:/home/trungty/ws_moveit2/install/moveit_task_constructor_demo:/home/trungty/ws_moveit2/install/moveit_task_constructor_capabilities:/home/trungty/ws_moveit2/install/moveit_task_constructor_core:/home/trungty/ws_moveit2/install/moveit_ros_control_interface:/home/trungty/ws_moveit2/install/moveit_plugins:/home/trungty/ws_moveit2/install/moveit_simple_controller_manager:/home/trungty/ws_moveit2/install/moveit_setup_assistant:/home/trungty/ws_moveit2/install/moveit_setup_srdf_plugins:/home/trungty/ws_moveit2/install/moveit_setup_core_plugins:/home/trungty/ws_moveit2/install/moveit_setup_controllers:/home/trungty/ws_moveit2/install/moveit_setup_app_plugins:/home/trungty/ws_moveit2/install/moveit_setup_framework:/home/trungty/ws_moveit2/install/moveit_servo:/home/trungty/ws_moveit2/install/moveit_ros:/home/trungty/ws_moveit2/install/moveit_ros_visualization:/home/trungty/ws_moveit2/install/moveit_hybrid_planning:/home/trungty/ws_moveit2/install/moveit_ros_planning_interface:/home/trungty/ws_moveit2/install/moveit_ros_benchmarks:/home/trungty/ws_moveit2/install/moveit_ros_warehouse:/home/trungty/ws_moveit2/install/moveit_ros_robot_interaction:/home/trungty/ws_moveit2/install/moveit_ros_perception:/home/trungty/ws_moveit2/install/moveit_resources_prbt_pg70_support:/home/trungty/ws_moveit2/install/moveit_resources_prbt_moveit_config:/home/trungty/ws_moveit2/install/moveit_ros_move_group:/home/trungty/ws_moveit2/install/moveit_planners_ompl:/home/trungty/ws_moveit2/install/moveit_ros_planning:/home/trungty/ws_moveit2/install/moveit_ros_occupancy_map_monitor:/home/trungty/ws_moveit2/install/moveit_resources_prbt_ikfast_manipulator_plugin:/home/trungty/ws_moveit2/install/moveit_planners_chomp:/home/trungty/ws_moveit2/install/moveit_kinematics:/home/trungty/ws_moveit2/install/moveit_chomp_optimizer_adapter:/home/trungty/ws_moveit2/install/chomp_motion_planner:/home/trungty/ws_moveit2/install/moveit_core:/home/trungty/ws_moveit2/install/srdfdom:/home/trungty/ws_moveit2/install/rviz_marker_tools:/home/trungty/ws_moveit2/install/rosparam_shortcuts:/home/trungty/ws_moveit2/install/moveit_task_constructor_msgs:/home/trungty/ws_moveit2/install/moveit_resources_prbt_support:/home/trungty/ws_moveit2/install/moveit_resources:/home/trungty/ws_moveit2/install/moveit_resources_pr2_description:/home/trungty/ws_moveit2/install/moveit_resources_panda_moveit_config:/home/trungty/ws_moveit2/install/moveit_resources_panda_description:/home/trungty/ws_moveit2/install/moveit_resources_fanuc_moveit_config:/home/trungty/ws_moveit2/install/moveit_resources_fanuc_description:/home/trungty/ws_moveit2/install/moveit_common:/home/trungty/Downloads/moveit2_UR5/install/camera_viewer:/home/trungty/ws_moveit2/install/moveit_configs_utils:/home/trungty/ws_moveit2/install/launch_param_builder:/opt/ros/humble CONDA_PROMPT_MODIFIER=(base) /usr/bin/cmake --build /home/trungty/Downloads/moveit2_UR5/build/ur5_moveit_config -- -j12 -l12
[0.500s] DEBUG:colcon.colcon_core.event_handler.log_command:Invoked command in '/home/trungty/Downloads/moveit2_UR5/build/ur5_moveit_config' returned '0': CMAKE_PREFIX_PATH=/home/trungty/Downloads/moveit2_UR5/install/robot_description:/home/trungty/Downloads/moveit2_UR5/install/motion_program:/home/trungty/Downloads/moveit2_UR5/install/ur_motion:/home/trungty/Downloads/moveit2_UR5/install/ur5_pick_place:/home/trungty/Downloads/moveit2_UR5/install/ur5_moveit_config:/home/trungty/Downloads/moveit2_UR5/install/rviz_marker_tools:/home/trungty/ws_moveit2/install/mtc_tutorial:/home/trungty/ws_moveit2/install/pilz_industrial_motion_planner_testutils:/home/trungty/ws_moveit2/install/moveit_runtime:/home/trungty/ws_moveit2/install/moveit2_tutorials:/home/trungty/ws_moveit2/install/moveit:/home/trungty/ws_moveit2/install/moveit_planners:/home/trungty/ws_moveit2/install/pilz_industrial_motion_planner:/home/trungty/ws_moveit2/install/moveit_visual_tools:/home/trungty/ws_moveit2/install/moveit_task_constructor_visualization:/home/trungty/ws_moveit2/install/moveit_task_constructor_demo:/home/trungty/ws_moveit2/install/moveit_task_constructor_capabilities:/home/trungty/ws_moveit2/install/moveit_task_constructor_core:/home/trungty/ws_moveit2/install/moveit_ros_control_interface:/home/trungty/ws_moveit2/install/moveit_plugins:/home/trungty/ws_moveit2/install/moveit_simple_controller_manager:/home/trungty/ws_moveit2/install/moveit_setup_assistant:/home/trungty/ws_moveit2/install/moveit_setup_srdf_plugins:/home/trungty/ws_moveit2/install/moveit_setup_core_plugins:/home/trungty/ws_moveit2/install/moveit_setup_controllers:/home/trungty/ws_moveit2/install/moveit_setup_app_plugins:/home/trungty/ws_moveit2/install/moveit_setup_framework:/home/trungty/ws_moveit2/install/moveit_servo:/home/trungty/ws_moveit2/install/moveit_ros:/home/trungty/ws_moveit2/install/moveit_ros_visualization:/home/trungty/ws_moveit2/install/moveit_hybrid_planning:/home/trungty/ws_moveit2/install/moveit_ros_planning_interface:/home/trungty/ws_moveit2/install/moveit_ros_benchmarks:/home/trungty/ws_moveit2/install/moveit_ros_warehouse:/home/trungty/ws_moveit2/install/moveit_ros_robot_interaction:/home/trungty/ws_moveit2/install/moveit_ros_perception:/home/trungty/ws_moveit2/install/moveit_resources_prbt_pg70_support:/home/trungty/ws_moveit2/install/moveit_resources_prbt_moveit_config:/home/trungty/ws_moveit2/install/moveit_ros_move_group:/home/trungty/ws_moveit2/install/moveit_planners_ompl:/home/trungty/ws_moveit2/install/moveit_ros_planning:/home/trungty/ws_moveit2/install/moveit_ros_occupancy_map_monitor:/home/trungty/ws_moveit2/install/moveit_resources_prbt_ikfast_manipulator_plugin:/home/trungty/ws_moveit2/install/moveit_planners_chomp:/home/trungty/ws_moveit2/install/moveit_kinematics:/home/trungty/ws_moveit2/install/moveit_chomp_optimizer_adapter:/home/trungty/ws_moveit2/install/chomp_motion_planner:/home/trungty/ws_moveit2/install/moveit_core:/home/trungty/ws_moveit2/install/srdfdom:/home/trungty/ws_moveit2/install/rviz_marker_tools:/home/trungty/ws_moveit2/install/rosparam_shortcuts:/home/trungty/ws_moveit2/install/moveit_task_constructor_msgs:/home/trungty/ws_moveit2/install/moveit_resources_prbt_support:/home/trungty/ws_moveit2/install/moveit_resources:/home/trungty/ws_moveit2/install/moveit_resources_pr2_description:/home/trungty/ws_moveit2/install/moveit_resources_panda_moveit_config:/home/trungty/ws_moveit2/install/moveit_resources_panda_description:/home/trungty/ws_moveit2/install/moveit_resources_fanuc_moveit_config:/home/trungty/ws_moveit2/install/moveit_resources_fanuc_description:/home/trungty/ws_moveit2/install/moveit_common:/home/trungty/Downloads/moveit2_UR5/install/camera_viewer:/home/trungty/ws_moveit2/install/moveit_configs_utils:/home/trungty/ws_moveit2/install/launch_param_builder:/opt/ros/humble CONDA_PROMPT_MODIFIER=(base) /usr/bin/cmake --build /home/trungty/Downloads/moveit2_UR5/build/ur5_moveit_config -- -j12 -l12
[0.501s] DEBUG:colcon.colcon_core.event_handler.log_command:Invoking command in '/home/trungty/Downloads/moveit2_UR5/build/ur5_moveit_config': CMAKE_PREFIX_PATH=/home/trungty/Downloads/moveit2_UR5/install/robot_description:/home/trungty/Downloads/moveit2_UR5/install/motion_program:/home/trungty/Downloads/moveit2_UR5/install/ur_motion:/home/trungty/Downloads/moveit2_UR5/install/ur5_pick_place:/home/trungty/Downloads/moveit2_UR5/install/ur5_moveit_config:/home/trungty/Downloads/moveit2_UR5/install/rviz_marker_tools:/home/trungty/ws_moveit2/install/mtc_tutorial:/home/trungty/ws_moveit2/install/pilz_industrial_motion_planner_testutils:/home/trungty/ws_moveit2/install/moveit_runtime:/home/trungty/ws_moveit2/install/moveit2_tutorials:/home/trungty/ws_moveit2/install/moveit:/home/trungty/ws_moveit2/install/moveit_planners:/home/trungty/ws_moveit2/install/pilz_industrial_motion_planner:/home/trungty/ws_moveit2/install/moveit_visual_tools:/home/trungty/ws_moveit2/install/moveit_task_constructor_visualization:/home/trungty/ws_moveit2/install/moveit_task_constructor_demo:/home/trungty/ws_moveit2/install/moveit_task_constructor_capabilities:/home/trungty/ws_moveit2/install/moveit_task_constructor_core:/home/trungty/ws_moveit2/install/moveit_ros_control_interface:/home/trungty/ws_moveit2/install/moveit_plugins:/home/trungty/ws_moveit2/install/moveit_simple_controller_manager:/home/trungty/ws_moveit2/install/moveit_setup_assistant:/home/trungty/ws_moveit2/install/moveit_setup_srdf_plugins:/home/trungty/ws_moveit2/install/moveit_setup_core_plugins:/home/trungty/ws_moveit2/install/moveit_setup_controllers:/home/trungty/ws_moveit2/install/moveit_setup_app_plugins:/home/trungty/ws_moveit2/install/moveit_setup_framework:/home/trungty/ws_moveit2/install/moveit_servo:/home/trungty/ws_moveit2/install/moveit_ros:/home/trungty/ws_moveit2/install/moveit_ros_visualization:/home/trungty/ws_moveit2/install/moveit_hybrid_planning:/home/trungty/ws_moveit2/install/moveit_ros_planning_interface:/home/trungty/ws_moveit2/install/moveit_ros_benchmarks:/home/trungty/ws_moveit2/install/moveit_ros_warehouse:/home/trungty/ws_moveit2/install/moveit_ros_robot_interaction:/home/trungty/ws_moveit2/install/moveit_ros_perception:/home/trungty/ws_moveit2/install/moveit_resources_prbt_pg70_support:/home/trungty/ws_moveit2/install/moveit_resources_prbt_moveit_config:/home/trungty/ws_moveit2/install/moveit_ros_move_group:/home/trungty/ws_moveit2/install/moveit_planners_ompl:/home/trungty/ws_moveit2/install/moveit_ros_planning:/home/trungty/ws_moveit2/install/moveit_ros_occupancy_map_monitor:/home/trungty/ws_moveit2/install/moveit_resources_prbt_ikfast_manipulator_plugin:/home/trungty/ws_moveit2/install/moveit_planners_chomp:/home/trungty/ws_moveit2/install/moveit_kinematics:/home/trungty/ws_moveit2/install/moveit_chomp_optimizer_adapter:/home/trungty/ws_moveit2/install/chomp_motion_planner:/home/trungty/ws_moveit2/install/moveit_core:/home/trungty/ws_moveit2/install/srdfdom:/home/trungty/ws_moveit2/install/rviz_marker_tools:/home/trungty/ws_moveit2/install/rosparam_shortcuts:/home/trungty/ws_moveit2/install/moveit_task_constructor_msgs:/home/trungty/ws_moveit2/install/moveit_resources_prbt_support:/home/trungty/ws_moveit2/install/moveit_resources:/home/trungty/ws_moveit2/install/moveit_resources_pr2_description:/home/trungty/ws_moveit2/install/moveit_resources_panda_moveit_config:/home/trungty/ws_moveit2/install/moveit_resources_panda_description:/home/trungty/ws_moveit2/install/moveit_resources_fanuc_moveit_config:/home/trungty/ws_moveit2/install/moveit_resources_fanuc_description:/home/trungty/ws_moveit2/install/moveit_common:/home/trungty/Downloads/moveit2_UR5/install/camera_viewer:/home/trungty/ws_moveit2/install/moveit_configs_utils:/home/trungty/ws_moveit2/install/launch_param_builder:/opt/ros/humble CONDA_PROMPT_MODIFIER=(base) /usr/bin/cmake --install /home/trungty/Downloads/moveit2_UR5/build/ur5_moveit_config
[0.509s] DEBUG:colcon.colcon_core.event_handler.log_command:Invoked command in '/home/trungty/Downloads/moveit2_UR5/build/ur_motion' returned '0': CMAKE_PREFIX_PATH=${CMAKE_PREFIX_PATH}:/home/trungty/Downloads/moveit2_UR5/install/camera_viewer:/home/trungty/ws_moveit2/install/moveit_configs_utils:/home/trungty/ws_moveit2/install/launch_param_builder:/opt/ros/humble CONDA_PROMPT_MODIFIER=(base) /usr/bin/cmake --build /home/trungty/Downloads/moveit2_UR5/build/ur_motion -- -j12 -l12
[0.510s] DEBUG:colcon.colcon_core.event_handler.log_command:Invoking command in '/home/trungty/Downloads/moveit2_UR5/build/ur_motion': CMAKE_PREFIX_PATH=${CMAKE_PREFIX_PATH}:/home/trungty/Downloads/moveit2_UR5/install/camera_viewer:/home/trungty/ws_moveit2/install/moveit_configs_utils:/home/trungty/ws_moveit2/install/launch_param_builder:/opt/ros/humble CONDA_PROMPT_MODIFIER=(base) /usr/bin/cmake --install /home/trungty/Downloads/moveit2_UR5/build/ur_motion
[0.510s] Level 1:colcon.colcon_core.environment:create_environment_scripts_only(ur5_moveit_config)
[0.511s] Level 1:colcon.colcon_core.environment:checking '/home/trungty/Downloads/moveit2_UR5/install/ur5_moveit_config' for CMake module files
[0.511s] DEBUG:colcon.colcon_core.event_handler.log_command:Invoked command in '/home/trungty/Downloads/moveit2_UR5/build/ur5_moveit_config' returned '0': CMAKE_PREFIX_PATH=/home/trungty/Downloads/moveit2_UR5/install/robot_description:/home/trungty/Downloads/moveit2_UR5/install/motion_program:/home/trungty/Downloads/moveit2_UR5/install/ur_motion:/home/trungty/Downloads/moveit2_UR5/install/ur5_pick_place:/home/trungty/Downloads/moveit2_UR5/install/ur5_moveit_config:/home/trungty/Downloads/moveit2_UR5/install/rviz_marker_tools:/home/trungty/ws_moveit2/install/mtc_tutorial:/home/trungty/ws_moveit2/install/pilz_industrial_motion_planner_testutils:/home/trungty/ws_moveit2/install/moveit_runtime:/home/trungty/ws_moveit2/install/moveit2_tutorials:/home/trungty/ws_moveit2/install/moveit:/home/trungty/ws_moveit2/install/moveit_planners:/home/trungty/ws_moveit2/install/pilz_industrial_motion_planner:/home/trungty/ws_moveit2/install/moveit_visual_tools:/home/trungty/ws_moveit2/install/moveit_task_constructor_visualization:/home/trungty/ws_moveit2/install/moveit_task_constructor_demo:/home/trungty/ws_moveit2/install/moveit_task_constructor_capabilities:/home/trungty/ws_moveit2/install/moveit_task_constructor_core:/home/trungty/ws_moveit2/install/moveit_ros_control_interface:/home/trungty/ws_moveit2/install/moveit_plugins:/home/trungty/ws_moveit2/install/moveit_simple_controller_manager:/home/trungty/ws_moveit2/install/moveit_setup_assistant:/home/trungty/ws_moveit2/install/moveit_setup_srdf_plugins:/home/trungty/ws_moveit2/install/moveit_setup_core_plugins:/home/trungty/ws_moveit2/install/moveit_setup_controllers:/home/trungty/ws_moveit2/install/moveit_setup_app_plugins:/home/trungty/ws_moveit2/install/moveit_setup_framework:/home/trungty/ws_moveit2/install/moveit_servo:/home/trungty/ws_moveit2/install/moveit_ros:/home/trungty/ws_moveit2/install/moveit_ros_visualization:/home/trungty/ws_moveit2/install/moveit_hybrid_planning:/home/trungty/ws_moveit2/install/moveit_ros_planning_interface:/home/trungty/ws_moveit2/install/moveit_ros_benchmarks:/home/trungty/ws_moveit2/install/moveit_ros_warehouse:/home/trungty/ws_moveit2/install/moveit_ros_robot_interaction:/home/trungty/ws_moveit2/install/moveit_ros_perception:/home/trungty/ws_moveit2/install/moveit_resources_prbt_pg70_support:/home/trungty/ws_moveit2/install/moveit_resources_prbt_moveit_config:/home/trungty/ws_moveit2/install/moveit_ros_move_group:/home/trungty/ws_moveit2/install/moveit_planners_ompl:/home/trungty/ws_moveit2/install/moveit_ros_planning:/home/trungty/ws_moveit2/install/moveit_ros_occupancy_map_monitor:/home/trungty/ws_moveit2/install/moveit_resources_prbt_ikfast_manipulator_plugin:/home/trungty/ws_moveit2/install/moveit_planners_chomp:/home/trungty/ws_moveit2/install/moveit_kinematics:/home/trungty/ws_moveit2/install/moveit_chomp_optimizer_adapter:/home/trungty/ws_moveit2/install/chomp_motion_planner:/home/trungty/ws_moveit2/install/moveit_core:/home/trungty/ws_moveit2/install/srdfdom:/home/trungty/ws_moveit2/install/rviz_marker_tools:/home/trungty/ws_moveit2/install/rosparam_shortcuts:/home/trungty/ws_moveit2/install/moveit_task_constructor_msgs:/home/trungty/ws_moveit2/install/moveit_resources_prbt_support:/home/trungty/ws_moveit2/install/moveit_resources:/home/trungty/ws_moveit2/install/moveit_resources_pr2_description:/home/trungty/ws_moveit2/install/moveit_resources_panda_moveit_config:/home/trungty/ws_moveit2/install/moveit_resources_panda_description:/home/trungty/ws_moveit2/install/moveit_resources_fanuc_moveit_config:/home/trungty/ws_moveit2/install/moveit_resources_fanuc_description:/home/trungty/ws_moveit2/install/moveit_common:/home/trungty/Downloads/moveit2_UR5/install/camera_viewer:/home/trungty/ws_moveit2/install/moveit_configs_utils:/home/trungty/ws_moveit2/install/launch_param_builder:/opt/ros/humble CONDA_PROMPT_MODIFIER=(base) /usr/bin/cmake --install /home/trungty/Downloads/moveit2_UR5/build/ur5_moveit_config
[0.511s] Level 1:colcon.colcon_core.environment:checking '/home/trungty/Downloads/moveit2_UR5/install/ur5_moveit_config' for CMake config files
[0.512s] Level 1:colcon.colcon_core.shell:create_environment_hook('ur5_moveit_config', 'cmake_prefix_path')
[0.512s] INFO:colcon.colcon_core.shell:Creating environment hook '/home/trungty/Downloads/moveit2_UR5/install/ur5_moveit_config/share/ur5_moveit_config/hook/cmake_prefix_path.ps1'
[0.512s] INFO:colcon.colcon_core.shell:Creating environment descriptor '/home/trungty/Downloads/moveit2_UR5/install/ur5_moveit_config/share/ur5_moveit_config/hook/cmake_prefix_path.dsv'
[0.513s] INFO:colcon.colcon_core.shell:Creating environment hook '/home/trungty/Downloads/moveit2_UR5/install/ur5_moveit_config/share/ur5_moveit_config/hook/cmake_prefix_path.sh'
[0.513s] Level 1:colcon.colcon_core.environment:checking '/home/trungty/Downloads/moveit2_UR5/install/ur5_moveit_config/bin'
[0.513s] Level 1:colcon.colcon_core.environment:checking '/home/trungty/Downloads/moveit2_UR5/install/ur5_moveit_config/lib/pkgconfig/ur5_moveit_config.pc'
[0.513s] Level 1:colcon.colcon_core.environment:checking '/home/trungty/Downloads/moveit2_UR5/install/ur5_moveit_config/lib/python3.10/site-packages'
[0.513s] Level 1:colcon.colcon_core.environment:checking '/home/trungty/Downloads/moveit2_UR5/install/ur5_moveit_config/bin'
[0.514s] INFO:colcon.colcon_core.shell:Creating package script '/home/trungty/Downloads/moveit2_UR5/install/ur5_moveit_config/share/ur5_moveit_config/package.ps1'
[0.514s] INFO:colcon.colcon_core.shell:Creating package descriptor '/home/trungty/Downloads/moveit2_UR5/install/ur5_moveit_config/share/ur5_moveit_config/package.dsv'
[0.514s] INFO:colcon.colcon_core.shell:Creating package script '/home/trungty/Downloads/moveit2_UR5/install/ur5_moveit_config/share/ur5_moveit_config/package.sh'
[0.515s] INFO:colcon.colcon_core.shell:Creating package script '/home/trungty/Downloads/moveit2_UR5/install/ur5_moveit_config/share/ur5_moveit_config/package.bash'
[0.515s] INFO:colcon.colcon_core.shell:Creating package script '/home/trungty/Downloads/moveit2_UR5/install/ur5_moveit_config/share/ur5_moveit_config/package.zsh'
[0.515s] Level 1:colcon.colcon_core.environment:create_file_with_runtime_dependencies(/home/trungty/Downloads/moveit2_UR5/install/ur5_moveit_config/share/colcon-core/packages/ur5_moveit_config)
[0.516s] Level 1:colcon.colcon_core.environment:create_environment_scripts_only(ur5_moveit_config)
[0.516s] Level 1:colcon.colcon_core.environment:checking '/home/trungty/Downloads/moveit2_UR5/install/ur5_moveit_config' for CMake module files
[0.517s] Level 1:colcon.colcon_core.environment:checking '/home/trungty/Downloads/moveit2_UR5/install/ur5_moveit_config' for CMake config files
[0.517s] Level 1:colcon.colcon_core.shell:create_environment_hook('ur5_moveit_config', 'cmake_prefix_path')
[0.517s] INFO:colcon.colcon_core.shell:Creating environment hook '/home/trungty/Downloads/moveit2_UR5/install/ur5_moveit_config/share/ur5_moveit_config/hook/cmake_prefix_path.ps1'
[0.517s] INFO:colcon.colcon_core.shell:Creating environment descriptor '/home/trungty/Downloads/moveit2_UR5/install/ur5_moveit_config/share/ur5_moveit_config/hook/cmake_prefix_path.dsv'
[0.518s] INFO:colcon.colcon_core.shell:Creating environment hook '/home/trungty/Downloads/moveit2_UR5/install/ur5_moveit_config/share/ur5_moveit_config/hook/cmake_prefix_path.sh'
[0.518s] Level 1:colcon.colcon_core.environment:checking '/home/trungty/Downloads/moveit2_UR5/install/ur5_moveit_config/bin'
[0.518s] Level 1:colcon.colcon_core.environment:checking '/home/trungty/Downloads/moveit2_UR5/install/ur5_moveit_config/lib/pkgconfig/ur5_moveit_config.pc'
[0.518s] Level 1:colcon.colcon_core.environment:checking '/home/trungty/Downloads/moveit2_UR5/install/ur5_moveit_config/lib/python3.10/site-packages'
[0.518s] Level 1:colcon.colcon_core.environment:checking '/home/trungty/Downloads/moveit2_UR5/install/ur5_moveit_config/bin'
[0.519s] INFO:colcon.colcon_core.shell:Creating package script '/home/trungty/Downloads/moveit2_UR5/install/ur5_moveit_config/share/ur5_moveit_config/package.ps1'
[0.519s] INFO:colcon.colcon_core.shell:Creating package descriptor '/home/trungty/Downloads/moveit2_UR5/install/ur5_moveit_config/share/ur5_moveit_config/package.dsv'
[0.519s] INFO:colcon.colcon_core.shell:Creating package script '/home/trungty/Downloads/moveit2_UR5/install/ur5_moveit_config/share/ur5_moveit_config/package.sh'
[0.519s] INFO:colcon.colcon_core.shell:Creating package script '/home/trungty/Downloads/moveit2_UR5/install/ur5_moveit_config/share/ur5_moveit_config/package.bash'
[0.520s] INFO:colcon.colcon_core.shell:Creating package script '/home/trungty/Downloads/moveit2_UR5/install/ur5_moveit_config/share/ur5_moveit_config/package.zsh'
[0.520s] Level 1:colcon.colcon_core.environment:create_file_with_runtime_dependencies(/home/trungty/Downloads/moveit2_UR5/install/ur5_moveit_config/share/colcon-core/packages/ur5_moveit_config)
[0.520s] Level 1:colcon.colcon_core.environment:create_environment_scripts_only(ur_motion)
[0.520s] Level 1:colcon.colcon_core.environment:checking '/home/trungty/Downloads/moveit2_UR5/install/ur_motion' for CMake module files
[0.521s] DEBUG:colcon.colcon_core.event_handler.log_command:Invoked command in '/home/trungty/Downloads/moveit2_UR5/build/ur_motion' returned '0': CMAKE_PREFIX_PATH=${CMAKE_PREFIX_PATH}:/home/trungty/Downloads/moveit2_UR5/install/camera_viewer:/home/trungty/ws_moveit2/install/moveit_configs_utils:/home/trungty/ws_moveit2/install/launch_param_builder:/opt/ros/humble CONDA_PROMPT_MODIFIER=(base) /usr/bin/cmake --install /home/trungty/Downloads/moveit2_UR5/build/ur_motion
[0.521s] Level 1:colcon.colcon_core.environment:checking '/home/trungty/Downloads/moveit2_UR5/install/ur_motion' for CMake config files
[0.521s] Level 1:colcon.colcon_core.shell:create_environment_hook('ur_motion', 'cmake_prefix_path')
[0.521s] INFO:colcon.colcon_core.shell:Creating environment hook '/home/trungty/Downloads/moveit2_UR5/install/ur_motion/share/ur_motion/hook/cmake_prefix_path.ps1'
[0.522s] INFO:colcon.colcon_core.shell:Creating environment descriptor '/home/trungty/Downloads/moveit2_UR5/install/ur_motion/share/ur_motion/hook/cmake_prefix_path.dsv'
[0.522s] INFO:colcon.colcon_core.shell:Creating environment hook '/home/trungty/Downloads/moveit2_UR5/install/ur_motion/share/ur_motion/hook/cmake_prefix_path.sh'
[0.522s] Level 1:colcon.colcon_core.environment:checking '/home/trungty/Downloads/moveit2_UR5/install/ur_motion/lib'
[0.522s] Level 1:colcon.colcon_core.environment:checking '/home/trungty/Downloads/moveit2_UR5/install/ur_motion/bin'
[0.522s] Level 1:colcon.colcon_core.environment:checking '/home/trungty/Downloads/moveit2_UR5/install/ur_motion/lib/pkgconfig/ur_motion.pc'
[0.522s] Level 1:colcon.colcon_core.environment:checking '/home/trungty/Downloads/moveit2_UR5/install/ur_motion/lib/python3.10/site-packages'
[0.523s] Level 1:colcon.colcon_core.environment:checking '/home/trungty/Downloads/moveit2_UR5/install/ur_motion/bin'
[0.523s] INFO:colcon.colcon_core.shell:Creating package script '/home/trungty/Downloads/moveit2_UR5/install/ur_motion/share/ur_motion/package.ps1'
[0.523s] INFO:colcon.colcon_core.shell:Creating package descriptor '/home/trungty/Downloads/moveit2_UR5/install/ur_motion/share/ur_motion/package.dsv'
[0.523s] INFO:colcon.colcon_core.shell:Creating package script '/home/trungty/Downloads/moveit2_UR5/install/ur_motion/share/ur_motion/package.sh'
[0.523s] INFO:colcon.colcon_core.shell:Creating package script '/home/trungty/Downloads/moveit2_UR5/install/ur_motion/share/ur_motion/package.bash'
[0.524s] INFO:colcon.colcon_core.shell:Creating package script '/home/trungty/Downloads/moveit2_UR5/install/ur_motion/share/ur_motion/package.zsh'
[0.524s] Level 1:colcon.colcon_core.environment:create_file_with_runtime_dependencies(/home/trungty/Downloads/moveit2_UR5/install/ur_motion/share/colcon-core/packages/ur_motion)
[0.524s] Level 1:colcon.colcon_core.environment:create_environment_scripts_only(ur_motion)
[0.524s] Level 1:colcon.colcon_core.environment:checking '/home/trungty/Downloads/moveit2_UR5/install/ur_motion' for CMake module files
[0.524s] Level 1:colcon.colcon_core.environment:checking '/home/trungty/Downloads/moveit2_UR5/install/ur_motion' for CMake config files
[0.525s] Level 1:colcon.colcon_core.shell:create_environment_hook('ur_motion', 'cmake_prefix_path')
[0.525s] INFO:colcon.colcon_core.shell:Creating environment hook '/home/trungty/Downloads/moveit2_UR5/install/ur_motion/share/ur_motion/hook/cmake_prefix_path.ps1'
[0.525s] INFO:colcon.colcon_core.shell:Creating environment descriptor '/home/trungty/Downloads/moveit2_UR5/install/ur_motion/share/ur_motion/hook/cmake_prefix_path.dsv'
[0.525s] INFO:colcon.colcon_core.shell:Creating environment hook '/home/trungty/Downloads/moveit2_UR5/install/ur_motion/share/ur_motion/hook/cmake_prefix_path.sh'
[0.525s] Level 1:colcon.colcon_core.environment:checking '/home/trungty/Downloads/moveit2_UR5/install/ur_motion/lib'
[0.525s] Level 1:colcon.colcon_core.environment:checking '/home/trungty/Downloads/moveit2_UR5/install/ur_motion/bin'
[0.526s] Level 1:colcon.colcon_core.environment:checking '/home/trungty/Downloads/moveit2_UR5/install/ur_motion/lib/pkgconfig/ur_motion.pc'
[0.526s] Level 1:colcon.colcon_core.environment:checking '/home/trungty/Downloads/moveit2_UR5/install/ur_motion/lib/python3.10/site-packages'
[0.526s] Level 1:colcon.colcon_core.environment:checking '/home/trungty/Downloads/moveit2_UR5/install/ur_motion/bin'
[0.526s] INFO:colcon.colcon_core.shell:Creating package script '/home/trungty/Downloads/moveit2_UR5/install/ur_motion/share/ur_motion/package.ps1'
[0.526s] INFO:colcon.colcon_core.shell:Creating package descriptor '/home/trungty/Downloads/moveit2_UR5/install/ur_motion/share/ur_motion/package.dsv'
[0.527s] INFO:colcon.colcon_core.shell:Creating package script '/home/trungty/Downloads/moveit2_UR5/install/ur_motion/share/ur_motion/package.sh'
[0.527s] INFO:colcon.colcon_core.shell:Creating package script '/home/trungty/Downloads/moveit2_UR5/install/ur_motion/share/ur_motion/package.bash'
[0.527s] INFO:colcon.colcon_core.shell:Creating package script '/home/trungty/Downloads/moveit2_UR5/install/ur_motion/share/ur_motion/package.zsh'
[0.527s] Level 1:colcon.colcon_core.environment:create_file_with_runtime_dependencies(/home/trungty/Downloads/moveit2_UR5/install/ur_motion/share/colcon-core/packages/ur_motion)
[0.693s] DEBUG:colcon.colcon_core.event_handler.log_command:Invoking command in '/home/trungty/Downloads/moveit2_UR5/src/camera_viewer': CONDA_PROMPT_MODIFIER=(base) PYTHONPATH=/home/trungty/Downloads/moveit2_UR5/build/camera_viewer/prefix_override:/usr/lib/python3/dist-packages/colcon_core/task/python/colcon_distutils_commands:/home/trungty/Downloads/moveit2_UR5/install/camera_viewer/lib/python3.10/site-packages:${PYTHONPATH} /usr/bin/python3 -W ignore:setup.py install is deprecated -W ignore:easy_install command is deprecated setup.py egg_info --egg-base ../../build/camera_viewer build --build-base /home/trungty/Downloads/moveit2_UR5/build/camera_viewer/build install --record /home/trungty/Downloads/moveit2_UR5/build/camera_viewer/install.log --single-version-externally-managed install_data
[0.813s] DEBUG:colcon.colcon_core.event_handler.log_command:Invoked command in '/home/trungty/Downloads/moveit2_UR5/build/motion_program' returned '2': CMAKE_PREFIX_PATH=${CMAKE_PREFIX_PATH}:/home/trungty/Downloads/moveit2_UR5/install/camera_viewer:/home/trungty/ws_moveit2/install/moveit_configs_utils:/home/trungty/ws_moveit2/install/launch_param_builder:/opt/ros/humble CONDA_PROMPT_MODIFIER=(base) /usr/bin/cmake --build /home/trungty/Downloads/moveit2_UR5/build/motion_program -- -j12 -l12
[0.814s] Level 1:colcon.colcon_core.environment:create_environment_scripts_only(motion_program)
[0.814s] Level 1:colcon.colcon_core.environment:checking '/home/trungty/Downloads/moveit2_UR5/install/motion_program' for CMake module files
[0.814s] Level 1:colcon.colcon_core.environment:checking '/home/trungty/Downloads/moveit2_UR5/install/motion_program' for CMake config files
[0.814s] Level 1:colcon.colcon_core.shell:create_environment_hook('motion_program', 'cmake_prefix_path')
[0.814s] INFO:colcon.colcon_core.shell:Creating environment hook '/home/trungty/Downloads/moveit2_UR5/install/motion_program/share/motion_program/hook/cmake_prefix_path.ps1'
[0.815s] INFO:colcon.colcon_core.shell:Creating environment descriptor '/home/trungty/Downloads/moveit2_UR5/install/motion_program/share/motion_program/hook/cmake_prefix_path.dsv'
[0.815s] INFO:colcon.colcon_core.shell:Creating environment hook '/home/trungty/Downloads/moveit2_UR5/install/motion_program/share/motion_program/hook/cmake_prefix_path.sh'
[0.815s] Level 1:colcon.colcon_core.environment:checking '/home/trungty/Downloads/moveit2_UR5/install/motion_program/lib'
[0.815s] Level 1:colcon.colcon_core.environment:checking '/home/trungty/Downloads/moveit2_UR5/install/motion_program/bin'
[0.815s] Level 1:colcon.colcon_core.environment:checking '/home/trungty/Downloads/moveit2_UR5/install/motion_program/lib/pkgconfig/motion_program.pc'
[0.815s] Level 1:colcon.colcon_core.environment:checking '/home/trungty/Downloads/moveit2_UR5/install/motion_program/lib/python3.10/site-packages'
[0.815s] Level 1:colcon.colcon_core.environment:checking '/home/trungty/Downloads/moveit2_UR5/install/motion_program/bin'
[0.816s] INFO:colcon.colcon_core.shell:Creating package script '/home/trungty/Downloads/moveit2_UR5/install/motion_program/share/motion_program/package.ps1'
[0.816s] INFO:colcon.colcon_core.shell:Creating package descriptor '/home/trungty/Downloads/moveit2_UR5/install/motion_program/share/motion_program/package.dsv'
[0.816s] INFO:colcon.colcon_core.shell:Creating package script '/home/trungty/Downloads/moveit2_UR5/install/motion_program/share/motion_program/package.sh'
[0.816s] INFO:colcon.colcon_core.shell:Creating package script '/home/trungty/Downloads/moveit2_UR5/install/motion_program/share/motion_program/package.bash'
[0.817s] INFO:colcon.colcon_core.shell:Creating package script '/home/trungty/Downloads/moveit2_UR5/install/motion_program/share/motion_program/package.zsh'
[0.817s] Level 1:colcon.colcon_core.environment:create_file_with_runtime_dependencies(/home/trungty/Downloads/moveit2_UR5/install/motion_program/share/colcon-core/packages/motion_program)
[0.890s] DEBUG:colcon.colcon_parallel_executor.executor.parallel:closing loop
[0.890s] DEBUG:colcon.colcon_parallel_executor.executor.parallel:loop closed
[0.890s] DEBUG:colcon.colcon_parallel_executor.executor.parallel:run_until_complete finished with '2'
[0.890s] DEBUG:colcon.colcon_core.event_reactor:joining thread
[0.894s] INFO:colcon.colcon_core.plugin_system:Skipping extension 'colcon_notification.desktop_notification.terminal_notifier': Not used on non-Darwin systems
[0.894s] INFO:colcon.colcon_core.plugin_system:Skipping extension 'colcon_notification.desktop_notification.win32': Not used on non-Windows systems
[0.894s] INFO:colcon.colcon_notification.desktop_notification:Sending desktop notification using 'notify2'
[0.901s] DEBUG:colcon.colcon_core.event_reactor:joined thread
[0.901s] INFO:colcon.colcon_core.shell:Creating prefix script '/home/trungty/Downloads/moveit2_UR5/install/local_setup.ps1'
[0.902s] INFO:colcon.colcon_core.shell:Creating prefix util module '/home/trungty/Downloads/moveit2_UR5/install/_local_setup_util_ps1.py'
[0.903s] INFO:colcon.colcon_core.shell:Creating prefix chain script '/home/trungty/Downloads/moveit2_UR5/install/setup.ps1'
[0.905s] INFO:colcon.colcon_core.shell:Creating prefix script '/home/trungty/Downloads/moveit2_UR5/install/local_setup.sh'
[0.905s] INFO:colcon.colcon_core.shell:Creating prefix util module '/home/trungty/Downloads/moveit2_UR5/install/_local_setup_util_sh.py'
[0.906s] INFO:colcon.colcon_core.shell:Creating prefix chain script '/home/trungty/Downloads/moveit2_UR5/install/setup.sh'
[0.908s] INFO:colcon.colcon_core.shell:Creating prefix script '/home/trungty/Downloads/moveit2_UR5/install/local_setup.bash'
[0.908s] INFO:colcon.colcon_core.shell:Creating prefix chain script '/home/trungty/Downloads/moveit2_UR5/install/setup.bash'
[0.911s] INFO:colcon.colcon_core.shell:Creating prefix script '/home/trungty/Downloads/moveit2_UR5/install/local_setup.zsh'
[0.911s] INFO:colcon.colcon_core.shell:Creating prefix chain script '/home/trungty/Downloads/moveit2_UR5/install/setup.zsh'
