[0.018s] Invoking command in '/home/trungty/Downloads/moveit2_UR5/build/rviz_marker_tools': CMAKE_PREFIX_PATH=${CMAKE_PREFIX_PATH}:/home/trungty/ws_moveit2/install/moveit_configs_utils:/home/trungty/ws_moveit2/install/launch_param_builder:/opt/ros/humble CONDA_PROMPT_MODIFIER=(base) /usr/bin/cmake --build /home/trungty/Downloads/moveit2_UR5/build/rviz_marker_tools -- -j12 -l12
[0.062s] [35m[1mConsolidate compiler generated dependencies of target rviz_marker_tools[0m
[0.076s] [100%] Built target rviz_marker_tools
[0.189s] Invoked command in '/home/trungty/Downloads/moveit2_UR5/build/rviz_marker_tools' returned '0': CMAKE_PREFIX_PATH=${CMAKE_PREFIX_PATH}:/home/trungty/ws_moveit2/install/moveit_configs_utils:/home/trungty/ws_moveit2/install/launch_param_builder:/opt/ros/humble CONDA_PROMPT_MODIFIER=(base) /usr/bin/cmake --build /home/trungty/Downloads/moveit2_UR5/build/rviz_marker_tools -- -j12 -l12
[0.190s] Invoking command in '/home/trungty/Downloads/moveit2_UR5/build/rviz_marker_tools': CMAKE_PREFIX_PATH=${CMAKE_PREFIX_PATH}:/home/trungty/ws_moveit2/install/moveit_configs_utils:/home/trungty/ws_moveit2/install/launch_param_builder:/opt/ros/humble CONDA_PROMPT_MODIFIER=(base) /usr/bin/cmake --install /home/trungty/Downloads/moveit2_UR5/build/rviz_marker_tools
[0.197s] -- Install configuration: "Release"
[0.197s] -- Installing: /home/trungty/Downloads/moveit2_UR5/install/rviz_marker_tools/include
[0.197s] -- Installing: /home/trungty/Downloads/moveit2_UR5/install/rviz_marker_tools/include/rviz_marker_tools
[0.197s] -- Installing: /home/trungty/Downloads/moveit2_UR5/install/rviz_marker_tools/include/rviz_marker_tools/marker_creation.h
[0.197s] -- Installing: /home/trungty/Downloads/moveit2_UR5/install/rviz_marker_tools/lib/librviz_marker_tools.so
[0.197s] -- Set runtime path of "/home/trungty/Downloads/moveit2_UR5/install/rviz_marker_tools/lib/librviz_marker_tools.so" to ""
[0.197s] -- Installing: /home/trungty/Downloads/moveit2_UR5/install/rviz_marker_tools/share/rviz_marker_tools/environment/library_path.sh
[0.197s] -- Installing: /home/trungty/Downloads/moveit2_UR5/install/rviz_marker_tools/share/rviz_marker_tools/environment/library_path.dsv
[0.197s] -- Installing: /home/trungty/Downloads/moveit2_UR5/install/rviz_marker_tools/share/ament_index/resource_index/package_run_dependencies/rviz_marker_tools
[0.197s] -- Installing: /home/trungty/Downloads/moveit2_UR5/install/rviz_marker_tools/share/ament_index/resource_index/parent_prefix_path/rviz_marker_tools
[0.197s] -- Installing: /home/trungty/Downloads/moveit2_UR5/install/rviz_marker_tools/share/rviz_marker_tools/environment/ament_prefix_path.sh
[0.197s] -- Installing: /home/trungty/Downloads/moveit2_UR5/install/rviz_marker_tools/share/rviz_marker_tools/environment/ament_prefix_path.dsv
[0.197s] -- Installing: /home/trungty/Downloads/moveit2_UR5/install/rviz_marker_tools/share/rviz_marker_tools/environment/path.sh
[0.197s] -- Installing: /home/trungty/Downloads/moveit2_UR5/install/rviz_marker_tools/share/rviz_marker_tools/environment/path.dsv
[0.198s] -- Installing: /home/trungty/Downloads/moveit2_UR5/install/rviz_marker_tools/share/rviz_marker_tools/local_setup.bash
[0.198s] -- Installing: /home/trungty/Downloads/moveit2_UR5/install/rviz_marker_tools/share/rviz_marker_tools/local_setup.sh
[0.198s] -- Installing: /home/trungty/Downloads/moveit2_UR5/install/rviz_marker_tools/share/rviz_marker_tools/local_setup.zsh
[0.198s] -- Installing: /home/trungty/Downloads/moveit2_UR5/install/rviz_marker_tools/share/rviz_marker_tools/local_setup.dsv
[0.198s] -- Installing: /home/trungty/Downloads/moveit2_UR5/install/rviz_marker_tools/share/rviz_marker_tools/package.dsv
[0.198s] -- Installing: /home/trungty/Downloads/moveit2_UR5/install/rviz_marker_tools/share/ament_index/resource_index/packages/rviz_marker_tools
[0.198s] -- Installing: /home/trungty/Downloads/moveit2_UR5/install/rviz_marker_tools/share/rviz_marker_tools/cmake/rviz_marker_toolsTargetsExport.cmake
[0.198s] -- Installing: /home/trungty/Downloads/moveit2_UR5/install/rviz_marker_tools/share/rviz_marker_tools/cmake/rviz_marker_toolsTargetsExport-release.cmake
[0.198s] -- Installing: /home/trungty/Downloads/moveit2_UR5/install/rviz_marker_tools/share/rviz_marker_tools/cmake/ament_cmake_export_targets-extras.cmake
[0.198s] -- Installing: /home/trungty/Downloads/moveit2_UR5/install/rviz_marker_tools/share/rviz_marker_tools/cmake/ament_cmake_export_dependencies-extras.cmake
[0.198s] -- Installing: /home/trungty/Downloads/moveit2_UR5/install/rviz_marker_tools/share/rviz_marker_tools/cmake/rviz_marker_toolsConfig.cmake
[0.198s] -- Installing: /home/trungty/Downloads/moveit2_UR5/install/rviz_marker_tools/share/rviz_marker_tools/cmake/rviz_marker_toolsConfig-version.cmake
[0.198s] -- Installing: /home/trungty/Downloads/moveit2_UR5/install/rviz_marker_tools/share/rviz_marker_tools/package.xml
[0.212s] Invoked command in '/home/trungty/Downloads/moveit2_UR5/build/rviz_marker_tools' returned '0': CMAKE_PREFIX_PATH=${CMAKE_PREFIX_PATH}:/home/trungty/ws_moveit2/install/moveit_configs_utils:/home/trungty/ws_moveit2/install/launch_param_builder:/opt/ros/humble CONDA_PROMPT_MODIFIER=(base) /usr/bin/cmake --install /home/trungty/Downloads/moveit2_UR5/build/rviz_marker_tools
