[0.016s] Invoking command in '/home/trungty/Downloads/moveit2_UR5/build/robot_description': CMAKE_PREFIX_PATH=${CMAKE_PREFIX_PATH}:/home/trungty/ws_moveit2/install/moveit_configs_utils:/home/trungty/ws_moveit2/install/launch_param_builder:/opt/ros/humble CONDA_PROMPT_MODIFIER=(base) /usr/bin/cmake /home/trungty/Downloads/moveit2_UR5/src/robot_description -DCMAKE_INSTALL_PREFIX=/home/trungty/Downloads/moveit2_UR5/install/robot_description
[0.049s] -- Found ament_cmake: 1.3.11 (/opt/ros/humble/share/ament_cmake/cmake)
[0.161s] -- Found urdf: 2.6.1 (/opt/ros/humble/share/urdf/cmake)
[0.215s] Traceback (most recent call last):
[0.215s]   File "/opt/ros/humble/share/ament_cmake_core/cmake/core/package_xml_2_cmake.py", line 22, in <module>
[0.215s]     from catkin_pkg.package import parse_package_string
[0.215s] ModuleNotFoundError: No module named 'catkin_pkg'
[0.217s] [31mCMake Error at /opt/ros/humble/share/ament_cmake_core/cmake/core/ament_package_xml.cmake:95 (message):
[0.217s]   execute_process(/home/trungty/anaconda3/bin/python3
[0.217s]   /opt/ros/humble/share/ament_cmake_core/cmake/core/package_xml_2_cmake.py
[0.217s]   /home/trungty/Downloads/moveit2_UR5/src/robot_description/package.xml
[0.217s]   /home/trungty/Downloads/moveit2_UR5/build/robot_description/ament_cmake_core/package.cmake)
[0.217s]   returned error code 1
[0.217s] Call Stack (most recent call first):
[0.217s]   /opt/ros/humble/share/ament_cmake_core/cmake/core/ament_package_xml.cmake:49 (_ament_package_xml)
[0.217s]   /opt/ros/humble/share/ament_cmake_core/cmake/core/ament_package.cmake:63 (ament_package_xml)
[0.217s]   CMakeLists.txt:16 (ament_package)
[0.217s] 
[0.217s] [0m
[0.217s] -- Configuring incomplete, errors occurred!
[0.217s] See also "/home/trungty/Downloads/moveit2_UR5/build/robot_description/CMakeFiles/CMakeOutput.log".
[0.220s] Invoked command in '/home/trungty/Downloads/moveit2_UR5/build/robot_description' returned '1': CMAKE_PREFIX_PATH=${CMAKE_PREFIX_PATH}:/home/trungty/ws_moveit2/install/moveit_configs_utils:/home/trungty/ws_moveit2/install/launch_param_builder:/opt/ros/humble CONDA_PROMPT_MODIFIER=(base) /usr/bin/cmake /home/trungty/Downloads/moveit2_UR5/src/robot_description -DCMAKE_INSTALL_PREFIX=/home/trungty/Downloads/moveit2_UR5/install/robot_description
