[0.021s] Invoking command in '/home/trungty/Downloads/moveit2_UR5/build/moveit_task_constructor_msgs': CMAKE_PREFIX_PATH=${CMAKE_PREFIX_PATH}:/home/trungty/ws_moveit2/install/moveit_configs_utils:/home/trungty/ws_moveit2/install/launch_param_builder:/opt/ros/humble CONDA_PROMPT_MODIFIER=(base) /usr/bin/cmake /home/trungty/Downloads/moveit2_UR5/src/moveit_task_constructor/msgs -DCMAKE_INSTALL_PREFIX=/home/trungty/Downloads/moveit2_UR5/install/moveit_task_constructor_msgs
[0.064s] -- The C compiler identification is GNU 11.4.0
[0.102s] -- The CXX compiler identification is GNU 11.4.0
[0.108s] -- Detecting C compiler ABI info
[0.161s] -- Detecting C compiler ABI info - done
[0.166s] -- Check for working C compiler: /usr/bin/cc - skipped
[0.166s] -- Detecting C compile features
[0.166s] -- Detecting C compile features - done
[0.168s] -- Detecting CXX compiler ABI info
[0.225s] -- Detecting CXX compiler ABI info - done
[0.231s] -- Check for working CXX compiler: /usr/bin/c++ - skipped
[0.231s] -- Detecting CXX compile features
[0.231s] -- Detecting CXX compile features - done
[0.236s] -- Found ament_cmake: 1.3.11 (/opt/ros/humble/share/ament_cmake/cmake)
[0.501s] -- Found Python3: /home/trungty/anaconda3/bin/python3 (found version "3.12.7") found components: Interpreter 
[0.618s] -- Found builtin_interfaces: 1.2.1 (/opt/ros/humble/share/builtin_interfaces/cmake)
[0.669s] -- Found rosidl_generator_c: 3.1.6 (/opt/ros/humble/share/rosidl_generator_c/cmake)
[0.681s] -- Found rosidl_adapter: 3.1.6 (/opt/ros/humble/share/rosidl_adapter/cmake)
[0.694s] -- Found rosidl_generator_cpp: 3.1.6 (/opt/ros/humble/share/rosidl_generator_cpp/cmake)
[0.709s] -- Using all available rosidl_typesupport_c: rosidl_typesupport_fastrtps_c;rosidl_typesupport_introspection_c
[0.730s] -- Using all available rosidl_typesupport_cpp: rosidl_typesupport_fastrtps_cpp;rosidl_typesupport_introspection_cpp
[0.755s] -- Found moveit_msgs: 2.2.1 (/opt/ros/humble/share/moveit_msgs/cmake)
[0.899s] -- Found rosidl_default_generators: 1.2.0 (/opt/ros/humble/share/rosidl_default_generators/cmake)
[0.916s] -- Found visualization_msgs: 4.8.0 (/opt/ros/humble/share/visualization_msgs/cmake)
[1.000s] [31mCMake Error at /opt/ros/humble/share/rosidl_adapter/cmake/rosidl_adapt_interfaces.cmake:59 (message):
[1.000s]   execute_process(/home/trungty/anaconda3/bin/python3 -m rosidl_adapter
[1.000s]   --package-name moveit_task_constructor_msgs --arguments-file
[1.000s]   /home/trungty/Downloads/moveit2_UR5/build/moveit_task_constructor_msgs/rosidl_adapter__arguments__moveit_task_constructor_msgs.json
[1.000s]   --output-dir
[1.000s]   /home/trungty/Downloads/moveit2_UR5/build/moveit_task_constructor_msgs/rosidl_adapter/moveit_task_constructor_msgs
[1.000s]   --output-file
[1.000s]   /home/trungty/Downloads/moveit2_UR5/build/moveit_task_constructor_msgs/rosidl_adapter/moveit_task_constructor_msgs.idls)
[1.000s]   returned error code 1:
[1.000s] 
[1.000s]   Traceback (most recent call last):
[1.000s] 
[1.000s]     File "<frozen runpy>", line 198, in _run_module_as_main
[1.000s]     File "<frozen runpy>", line 88, in _run_code
[1.000s]     File "/opt/ros/humble/local/lib/python3.10/dist-packages/rosidl_adapter/__main__.py", line 19, in <module>
[1.000s]       sys.exit(main())
[1.000s]                ^^^^^^
[1.000s]     File "/opt/ros/humble/local/lib/python3.10/dist-packages/rosidl_adapter/main.py", line 53, in main
[1.000s]       abs_idl_file = convert_to_idl(
[1.000s]                      ^^^^^^^^^^^^^^^
[1.000s]     File "/opt/ros/humble/local/lib/python3.10/dist-packages/rosidl_adapter/__init__.py", line 18, in convert_to_idl
[1.000s]       from rosidl_adapter.msg import convert_msg_to_idl
[1.000s]     File "/opt/ros/humble/local/lib/python3.10/dist-packages/rosidl_adapter/msg/__init__.py", line 16, in <module>
[1.000s]       from rosidl_adapter.resource import expand_template
[1.000s]     File "/opt/ros/humble/local/lib/python3.10/dist-packages/rosidl_adapter/resource/__init__.py", line 19, in <module>
[1.000s]       import em
[1.001s] 
[1.001s]   ModuleNotFoundError: No module named 'em'
[1.001s] 
[1.001s] Call Stack (most recent call first):
[1.001s]   /opt/ros/humble/share/rosidl_cmake/cmake/rosidl_generate_interfaces.cmake:130 (rosidl_adapt_interfaces)
[1.001s]   CMakeLists.txt:32 (rosidl_generate_interfaces)
[1.001s] 
[1.001s] [0m
[1.001s] -- Configuring incomplete, errors occurred!
[1.001s] See also "/home/trungty/Downloads/moveit2_UR5/build/moveit_task_constructor_msgs/CMakeFiles/CMakeOutput.log".
[1.005s] Invoked command in '/home/trungty/Downloads/moveit2_UR5/build/moveit_task_constructor_msgs' returned '1': CMAKE_PREFIX_PATH=${CMAKE_PREFIX_PATH}:/home/trungty/ws_moveit2/install/moveit_configs_utils:/home/trungty/ws_moveit2/install/launch_param_builder:/opt/ros/humble CONDA_PROMPT_MODIFIER=(base) /usr/bin/cmake /home/trungty/Downloads/moveit2_UR5/src/moveit_task_constructor/msgs -DCMAKE_INSTALL_PREFIX=/home/trungty/Downloads/moveit2_UR5/install/moveit_task_constructor_msgs
