running egg_info
creating ../../build/ball_detector/ball_detector.egg-info
writing ../../build/ball_detector/ball_detector.egg-info/PKG-INFO
writing dependency_links to ../../build/ball_detector/ball_detector.egg-info/dependency_links.txt
writing entry points to ../../build/ball_detector/ball_detector.egg-info/entry_points.txt
writing requirements to ../../build/ball_detector/ball_detector.egg-info/requires.txt
writing top-level names to ../../build/ball_detector/ball_detector.egg-info/top_level.txt
writing manifest file '../../build/ball_detector/ball_detector.egg-info/SOURCES.txt'
reading manifest file '../../build/ball_detector/ball_detector.egg-info/SOURCES.txt'
writing manifest file '../../build/ball_detector/ball_detector.egg-info/SOURCES.txt'
running build
running build_py
creating /home/trungty/Downloads/moveit2_UR5/build/ball_detector/build
creating /home/trungty/Downloads/moveit2_UR5/build/ball_detector/build/lib
creating /home/trungty/Downloads/moveit2_UR5/build/ball_detector/build/lib/ball_detector
copying ball_detector/__init__.py -> /home/trungty/Downloads/moveit2_UR5/build/ball_detector/build/lib/ball_detector
copying ball_detector/ball_detector.py -> /home/trungty/Downloads/moveit2_UR5/build/ball_detector/build/lib/ball_detector
running install
running install_lib
creating /home/trungty/Downloads/moveit2_UR5/install/ball_detector/lib/python3.10/site-packages/ball_detector
copying /home/trungty/Downloads/moveit2_UR5/build/ball_detector/build/lib/ball_detector/__init__.py -> /home/trungty/Downloads/moveit2_UR5/install/ball_detector/lib/python3.10/site-packages/ball_detector
copying /home/trungty/Downloads/moveit2_UR5/build/ball_detector/build/lib/ball_detector/ball_detector.py -> /home/trungty/Downloads/moveit2_UR5/install/ball_detector/lib/python3.10/site-packages/ball_detector
byte-compiling /home/trungty/Downloads/moveit2_UR5/install/ball_detector/lib/python3.10/site-packages/ball_detector/__init__.py to __init__.cpython-310.pyc
byte-compiling /home/trungty/Downloads/moveit2_UR5/install/ball_detector/lib/python3.10/site-packages/ball_detector/ball_detector.py to ball_detector.cpython-310.pyc
running install_data
copying package.xml -> /home/trungty/Downloads/moveit2_UR5/install/ball_detector/share/ball_detector
running install_egg_info
Copying ../../build/ball_detector/ball_detector.egg-info to /home/trungty/Downloads/moveit2_UR5/install/ball_detector/lib/python3.10/site-packages/ball_detector-0.0.0-py3.10.egg-info
running install_scripts
Installing detect_ball script to /home/trungty/Downloads/moveit2_UR5/install/ball_detector/lib/ball_detector
writing list of installed files to '/home/trungty/Downloads/moveit2_UR5/build/ball_detector/install.log'
