[0.330s] Invoking command in '/home/trungty/Downloads/moveit2_UR5/build/motion_program': CMAKE_PREFIX_PATH=${CMAKE_PREFIX_PATH}:/home/trungty/Downloads/moveit2_UR5/install/camera_viewer:/home/trungty/Downloads/moveit2_UR5/install/ball_detector:/home/trungty/ws_moveit2/install/moveit_configs_utils:/home/trungty/ws_moveit2/install/launch_param_builder:/opt/ros/humble /usr/bin/cmake --build /home/trungty/Downloads/moveit2_UR5/build/motion_program -- -j12 -l12
[0.387s] [100%] Built target motion_program
[0.396s] Invoked command in '/home/trungty/Downloads/moveit2_UR5/build/motion_program' returned '0': CMAKE_PREFIX_PATH=${CMAKE_PREFIX_PATH}:/home/trungty/Downloads/moveit2_UR5/install/camera_viewer:/home/trungty/Downloads/moveit2_UR5/install/ball_detector:/home/trungty/ws_moveit2/install/moveit_configs_utils:/home/trungty/ws_moveit2/install/launch_param_builder:/opt/ros/humble /usr/bin/cmake --build /home/trungty/Downloads/moveit2_UR5/build/motion_program -- -j12 -l12
[0.397s] Invoking command in '/home/trungty/Downloads/moveit2_UR5/build/motion_program': CMAKE_PREFIX_PATH=${CMAKE_PREFIX_PATH}:/home/trungty/Downloads/moveit2_UR5/install/camera_viewer:/home/trungty/Downloads/moveit2_UR5/install/ball_detector:/home/trungty/ws_moveit2/install/moveit_configs_utils:/home/trungty/ws_moveit2/install/launch_param_builder:/opt/ros/humble /usr/bin/cmake --install /home/trungty/Downloads/moveit2_UR5/build/motion_program
[0.403s] -- Install configuration: ""
[0.403s] -- Up-to-date: /home/trungty/Downloads/moveit2_UR5/install/motion_program/lib/motion_program/motion_program
[0.403s] -- Up-to-date: /home/trungty/Downloads/moveit2_UR5/install/motion_program/share/ament_index/resource_index/package_run_dependencies/motion_program
[0.404s] -- Up-to-date: /home/trungty/Downloads/moveit2_UR5/install/motion_program/share/ament_index/resource_index/parent_prefix_path/motion_program
[0.404s] -- Up-to-date: /home/trungty/Downloads/moveit2_UR5/install/motion_program/share/motion_program/environment/ament_prefix_path.sh
[0.404s] -- Up-to-date: /home/trungty/Downloads/moveit2_UR5/install/motion_program/share/motion_program/environment/ament_prefix_path.dsv
[0.404s] -- Up-to-date: /home/trungty/Downloads/moveit2_UR5/install/motion_program/share/motion_program/environment/path.sh
[0.404s] -- Up-to-date: /home/trungty/Downloads/moveit2_UR5/install/motion_program/share/motion_program/environment/path.dsv
[0.404s] -- Up-to-date: /home/trungty/Downloads/moveit2_UR5/install/motion_program/share/motion_program/local_setup.bash
[0.404s] -- Up-to-date: /home/trungty/Downloads/moveit2_UR5/install/motion_program/share/motion_program/local_setup.sh
[0.404s] -- Up-to-date: /home/trungty/Downloads/moveit2_UR5/install/motion_program/share/motion_program/local_setup.zsh
[0.404s] -- Up-to-date: /home/trungty/Downloads/moveit2_UR5/install/motion_program/share/motion_program/local_setup.dsv
[0.404s] -- Installing: /home/trungty/Downloads/moveit2_UR5/install/motion_program/share/motion_program/package.dsv
[0.404s] -- Up-to-date: /home/trungty/Downloads/moveit2_UR5/install/motion_program/share/ament_index/resource_index/packages/motion_program
[0.404s] -- Up-to-date: /home/trungty/Downloads/moveit2_UR5/install/motion_program/share/motion_program/cmake/motion_programConfig.cmake
[0.404s] -- Up-to-date: /home/trungty/Downloads/moveit2_UR5/install/motion_program/share/motion_program/cmake/motion_programConfig-version.cmake
[0.404s] -- Up-to-date: /home/trungty/Downloads/moveit2_UR5/install/motion_program/share/motion_program/package.xml
[0.407s] Invoked command in '/home/trungty/Downloads/moveit2_UR5/build/motion_program' returned '0': CMAKE_PREFIX_PATH=${CMAKE_PREFIX_PATH}:/home/trungty/Downloads/moveit2_UR5/install/camera_viewer:/home/trungty/Downloads/moveit2_UR5/install/ball_detector:/home/trungty/ws_moveit2/install/moveit_configs_utils:/home/trungty/ws_moveit2/install/launch_param_builder:/opt/ros/humble /usr/bin/cmake --install /home/trungty/Downloads/moveit2_UR5/build/motion_program
