[0.286s] Invoking command in '/home/trungty/Downloads/moveit2_UR5/build/motion_program': CMAKE_PREFIX_PATH=${CMAKE_PREFIX_PATH}:/home/trungty/ws_moveit2/install/moveit_configs_utils:/home/trungty/ws_moveit2/install/launch_param_builder:/opt/ros/humble /usr/bin/cmake --build /home/trungty/Downloads/moveit2_UR5/build/motion_program -- -j12 -l12
[0.303s] -- Found ament_cmake: 1.3.11 (/opt/ros/humble/share/ament_cmake/cmake)
[0.388s] -- Found moveit_ros_planning_interface: 2.5.9 (/home/trungty/ws_moveit2/install/moveit_ros_planning_interface/share/moveit_ros_planning_interface/cmake)
[0.395s] -- Found Boost: /usr/lib/x86_64-linux-gnu/cmake/Boost-1.74.0/BoostConfig.cmake (found version "1.74.0") found components: date_time filesystem program_options system thread 
[0.412s] -- Found rosidl_generator_c: 3.1.6 (/opt/ros/humble/share/rosidl_generator_c/cmake)
[0.413s] -- Found rosidl_adapter: 3.1.6 (/opt/ros/humble/share/rosidl_adapter/cmake)
[0.417s] -- Found rosidl_generator_cpp: 3.1.6 (/opt/ros/humble/share/rosidl_generator_cpp/cmake)
[0.424s] -- Using all available rosidl_typesupport_c: rosidl_typesupport_fastrtps_c;rosidl_typesupport_introspection_c
[0.432s] -- Using all available rosidl_typesupport_cpp: rosidl_typesupport_fastrtps_cpp;rosidl_typesupport_introspection_cpp
[0.547s] -- Found Boost: /usr/lib/x86_64-linux-gnu/cmake/Boost-1.74.0/BoostConfig.cmake (found version "1.74.0") found components: chrono date_time filesystem iostreams program_options regex serialization system thread 
[0.565s] -- Found parameter_traits: 0.4.0 (/opt/ros/humble/share/parameter_traits/cmake)
[0.582s] -- Found rmw_implementation_cmake: 6.1.2 (/opt/ros/humble/share/rmw_implementation_cmake/cmake)
[0.584s] -- Found rmw_fastrtps_cpp: 6.2.7 (/opt/ros/humble/share/rmw_fastrtps_cpp/cmake)
[0.656s] -- Using RMW implementation 'rmw_fastrtps_cpp' as default
[0.688s] -- Found rclcpp_lifecycle: 16.0.12 (/opt/ros/humble/share/rclcpp_lifecycle/cmake)
[0.701s] -- Found Boost: /usr/lib/x86_64-linux-gnu/cmake/Boost-1.74.0/BoostConfig.cmake (found version "1.74.0") found components: filesystem 
[0.724s] -- library: /usr/lib/x86_64-linux-gnu/libcurl.so
[0.740s] -- Ensuring Eigen3 include directory is part of orocos-kdl CMake target
[0.803s] -- Found Boost: /usr/lib/x86_64-linux-gnu/cmake/Boost-1.74.0/BoostConfig.cmake (found version "1.74.0") found components: system filesystem date_time program_options thread chrono 
[0.821s] -- Found Boost: /usr/lib/x86_64-linux-gnu/cmake/Boost-1.74.0/BoostConfig.cmake (found version "1.74.0") found components: thread system filesystem regex date_time program_options 
[0.832s] -- Found Boost: /usr/lib/x86_64-linux-gnu/cmake/Boost-1.74.0/BoostConfig.cmake (found version "1.74.0") found components: system filesystem date_time program_options thread 
[0.850s] -- Found ament_lint_auto: 0.12.12 (/opt/ros/humble/share/ament_lint_auto/cmake)
[0.891s] -- Added test 'cppcheck' to perform static code analysis on C / C++ code
[0.891s] -- Configured cppcheck include dirs: $<BUILD_INTERFACE:/home/trungty/Downloads/moveit2_UR5/src/motion_program/include>
[0.891s] -- Configured cppcheck exclude dirs and/or files: 
[0.891s] -- Added test 'lint_cmake' to check CMake code style
[0.892s] -- Added test 'uncrustify' to check C / C++ code style
[0.892s] -- Configured uncrustify additional arguments: 
[0.892s] -- Added test 'xmllint' to check XML markup files
[0.892s] -- Configuring done
[0.907s] -- Generating done
[0.911s] -- Build files have been written to: /home/trungty/Downloads/moveit2_UR5/build/motion_program
[0.933s] [35m[1mConsolidate compiler generated dependencies of target motion_program[0m
[0.956s] [ 50%] [32mBuilding CXX object CMakeFiles/motion_program.dir/src/motion_program.cpp.o[0m
[5.075s] [100%] [32m[1mLinking CXX executable motion_program[0m
[5.278s] [100%] Built target motion_program
[5.287s] Invoked command in '/home/trungty/Downloads/moveit2_UR5/build/motion_program' returned '0': CMAKE_PREFIX_PATH=${CMAKE_PREFIX_PATH}:/home/trungty/ws_moveit2/install/moveit_configs_utils:/home/trungty/ws_moveit2/install/launch_param_builder:/opt/ros/humble /usr/bin/cmake --build /home/trungty/Downloads/moveit2_UR5/build/motion_program -- -j12 -l12
[5.288s] Invoking command in '/home/trungty/Downloads/moveit2_UR5/build/motion_program': CMAKE_PREFIX_PATH=${CMAKE_PREFIX_PATH}:/home/trungty/ws_moveit2/install/moveit_configs_utils:/home/trungty/ws_moveit2/install/launch_param_builder:/opt/ros/humble /usr/bin/cmake --install /home/trungty/Downloads/moveit2_UR5/build/motion_program
[5.294s] -- Install configuration: ""
[5.295s] -- Installing: /home/trungty/Downloads/moveit2_UR5/install/motion_program/lib/motion_program/motion_program
[5.295s] -- Set runtime path of "/home/trungty/Downloads/moveit2_UR5/install/motion_program/lib/motion_program/motion_program" to ""
[5.295s] -- Up-to-date: /home/trungty/Downloads/moveit2_UR5/install/motion_program/share/ament_index/resource_index/package_run_dependencies/motion_program
[5.295s] -- Installing: /home/trungty/Downloads/moveit2_UR5/install/motion_program/share/ament_index/resource_index/parent_prefix_path/motion_program
[5.295s] -- Up-to-date: /home/trungty/Downloads/moveit2_UR5/install/motion_program/share/motion_program/environment/ament_prefix_path.sh
[5.295s] -- Installing: /home/trungty/Downloads/moveit2_UR5/install/motion_program/share/motion_program/environment/ament_prefix_path.dsv
[5.295s] -- Up-to-date: /home/trungty/Downloads/moveit2_UR5/install/motion_program/share/motion_program/environment/path.sh
[5.295s] -- Installing: /home/trungty/Downloads/moveit2_UR5/install/motion_program/share/motion_program/environment/path.dsv
[5.295s] -- Up-to-date: /home/trungty/Downloads/moveit2_UR5/install/motion_program/share/motion_program/local_setup.bash
[5.295s] -- Up-to-date: /home/trungty/Downloads/moveit2_UR5/install/motion_program/share/motion_program/local_setup.sh
[5.295s] -- Up-to-date: /home/trungty/Downloads/moveit2_UR5/install/motion_program/share/motion_program/local_setup.zsh
[5.295s] -- Installing: /home/trungty/Downloads/moveit2_UR5/install/motion_program/share/motion_program/local_setup.dsv
[5.295s] -- Installing: /home/trungty/Downloads/moveit2_UR5/install/motion_program/share/motion_program/package.dsv
[5.295s] -- Up-to-date: /home/trungty/Downloads/moveit2_UR5/install/motion_program/share/ament_index/resource_index/packages/motion_program
[5.295s] -- Up-to-date: /home/trungty/Downloads/moveit2_UR5/install/motion_program/share/motion_program/cmake/motion_programConfig.cmake
[5.296s] -- Up-to-date: /home/trungty/Downloads/moveit2_UR5/install/motion_program/share/motion_program/cmake/motion_programConfig-version.cmake
[5.296s] -- Up-to-date: /home/trungty/Downloads/moveit2_UR5/install/motion_program/share/motion_program/package.xml
[5.296s] Invoked command in '/home/trungty/Downloads/moveit2_UR5/build/motion_program' returned '0': CMAKE_PREFIX_PATH=${CMAKE_PREFIX_PATH}:/home/trungty/ws_moveit2/install/moveit_configs_utils:/home/trungty/ws_moveit2/install/launch_param_builder:/opt/ros/humble /usr/bin/cmake --install /home/trungty/Downloads/moveit2_UR5/build/motion_program
