[0.175s] Invoking command in '/home/trungty/Downloads/moveit2_UR5/build/motion_program': CMAKE_PREFIX_PATH=${CMAKE_PREFIX_PATH}:/home/trungty/Downloads/moveit2_UR5/install/camera_viewer:/home/trungty/ws_moveit2/install/moveit_configs_utils:/home/trungty/ws_moveit2/install/launch_param_builder:/opt/ros/humble CONDA_PROMPT_MODIFIER=(base) /usr/bin/cmake --build /home/trungty/Downloads/moveit2_UR5/build/motion_program -- -j12 -l12
[0.231s] [ 50%] [32mBuilding CXX object CMakeFiles/motion_program.dir/src/motion_program.cpp.o[0m
[3.340s] [01m[K/home/trungty/Downloads/moveit2_UR5/src/motion_program/src/motion_program.cpp:[m[K In member function ‘[01m[Kmoveit::task_constructor::Task MTCTaskNode::createTask()[m[K’:
[3.341s] [01m[K/home/trungty/Downloads/moveit2_UR5/src/motion_program/src/motion_program.cpp:121:15:[m[K [01;35m[Kwarning: [m[Kvariable ‘[01m[Kcurrent_state_ptr[m[K’ set but not used [[01;35m[K]8;;https://gcc.gnu.org/onlinedocs/gcc/Warning-Options.html#index-Wunused-but-set-variable-Wunused-but-set-variable]8;;[m[K]
[3.341s]   121 |   mtc::Stage* [01;35m[Kcurrent_state_ptr[m[K = nullptr;
[3.341s]       |               [01;35m[K^~~~~~~~~~~~~~~~~[m[K
[5.429s] [100%] [32m[1mLinking CXX executable motion_program[0m
[5.678s] [100%] Built target motion_program
[5.687s] Invoked command in '/home/trungty/Downloads/moveit2_UR5/build/motion_program' returned '0': CMAKE_PREFIX_PATH=${CMAKE_PREFIX_PATH}:/home/trungty/Downloads/moveit2_UR5/install/camera_viewer:/home/trungty/ws_moveit2/install/moveit_configs_utils:/home/trungty/ws_moveit2/install/launch_param_builder:/opt/ros/humble CONDA_PROMPT_MODIFIER=(base) /usr/bin/cmake --build /home/trungty/Downloads/moveit2_UR5/build/motion_program -- -j12 -l12
[5.688s] Invoking command in '/home/trungty/Downloads/moveit2_UR5/build/motion_program': CMAKE_PREFIX_PATH=${CMAKE_PREFIX_PATH}:/home/trungty/Downloads/moveit2_UR5/install/camera_viewer:/home/trungty/ws_moveit2/install/moveit_configs_utils:/home/trungty/ws_moveit2/install/launch_param_builder:/opt/ros/humble CONDA_PROMPT_MODIFIER=(base) /usr/bin/cmake --install /home/trungty/Downloads/moveit2_UR5/build/motion_program
[5.694s] -- Install configuration: ""
[5.694s] -- Installing: /home/trungty/Downloads/moveit2_UR5/install/motion_program/lib/motion_program/motion_program
[5.694s] -- Set runtime path of "/home/trungty/Downloads/moveit2_UR5/install/motion_program/lib/motion_program/motion_program" to ""
[5.694s] -- Up-to-date: /home/trungty/Downloads/moveit2_UR5/install/motion_program/share/ament_index/resource_index/package_run_dependencies/motion_program
[5.694s] -- Up-to-date: /home/trungty/Downloads/moveit2_UR5/install/motion_program/share/ament_index/resource_index/parent_prefix_path/motion_program
[5.695s] -- Up-to-date: /home/trungty/Downloads/moveit2_UR5/install/motion_program/share/motion_program/environment/ament_prefix_path.sh
[5.695s] -- Up-to-date: /home/trungty/Downloads/moveit2_UR5/install/motion_program/share/motion_program/environment/ament_prefix_path.dsv
[5.695s] -- Up-to-date: /home/trungty/Downloads/moveit2_UR5/install/motion_program/share/motion_program/environment/path.sh
[5.695s] -- Up-to-date: /home/trungty/Downloads/moveit2_UR5/install/motion_program/share/motion_program/environment/path.dsv
[5.695s] -- Up-to-date: /home/trungty/Downloads/moveit2_UR5/install/motion_program/share/motion_program/local_setup.bash
[5.695s] -- Up-to-date: /home/trungty/Downloads/moveit2_UR5/install/motion_program/share/motion_program/local_setup.sh
[5.695s] -- Up-to-date: /home/trungty/Downloads/moveit2_UR5/install/motion_program/share/motion_program/local_setup.zsh
[5.695s] -- Up-to-date: /home/trungty/Downloads/moveit2_UR5/install/motion_program/share/motion_program/local_setup.dsv
[5.695s] -- Installing: /home/trungty/Downloads/moveit2_UR5/install/motion_program/share/motion_program/package.dsv
[5.695s] -- Up-to-date: /home/trungty/Downloads/moveit2_UR5/install/motion_program/share/ament_index/resource_index/packages/motion_program
[5.695s] -- Up-to-date: /home/trungty/Downloads/moveit2_UR5/install/motion_program/share/motion_program/cmake/motion_programConfig.cmake
[5.695s] -- Up-to-date: /home/trungty/Downloads/moveit2_UR5/install/motion_program/share/motion_program/cmake/motion_programConfig-version.cmake
[5.695s] -- Up-to-date: /home/trungty/Downloads/moveit2_UR5/install/motion_program/share/motion_program/package.xml
[5.696s] Invoked command in '/home/trungty/Downloads/moveit2_UR5/build/motion_program' returned '0': CMAKE_PREFIX_PATH=${CMAKE_PREFIX_PATH}:/home/trungty/Downloads/moveit2_UR5/install/camera_viewer:/home/trungty/ws_moveit2/install/moveit_configs_utils:/home/trungty/ws_moveit2/install/launch_param_builder:/opt/ros/humble CONDA_PROMPT_MODIFIER=(base) /usr/bin/cmake --install /home/trungty/Downloads/moveit2_UR5/build/motion_program
