[0.069s] DEBUG:colcon:Command line arguments: ['/usr/bin/colcon', 'build']
[0.069s] DEBUG:colcon:Parsed command line arguments: Namespace(log_base=None, log_level=None, verb_name='build', build_base='build', install_base='install', merge_install=False, symlink_install=False, test_result_base=None, continue_on_error=False, executor='parallel', parallel_workers=12, event_handlers=None, ignore_user_meta=False, metas=['./colcon.meta'], base_paths=['.'], packages_ignore=None, packages_ignore_regex=None, paths=None, packages_up_to=None, packages_up_to_regex=None, packages_above=None, packages_above_and_dependencies=None, packages_above_depth=None, packages_select_by_dep=None, packages_skip_by_dep=None, packages_skip_up_to=None, packages_select_build_failed=False, packages_skip_build_finished=False, packages_select_test_failures=False, packages_skip_test_passed=False, packages_select=None, packages_skip=None, packages_select_regex=None, packages_skip_regex=None, packages_start=None, packages_end=None, allow_overriding=[], cmake_args=None, cmake_target=None, cmake_target_skip_unavailable=False, cmake_clean_cache=False, cmake_clean_first=False, cmake_force_configure=False, ament_cmake_args=None, catkin_cmake_args=None, catkin_skip_building_tests=False, mixin_files=None, mixin=None, verb_parser=<colcon_mixin.mixin.mixin_argument.MixinArgumentDecorator object at 0x75f3a212ece0>, verb_extension=<colcon_core.verb.build.BuildVerb object at 0x75f3a212e4d0>, main=<bound method BuildVerb.main of <colcon_core.verb.build.BuildVerb object at 0x75f3a212e4d0>>, mixin_verb=('build',))
[0.169s] Level 1:colcon.colcon_core.package_discovery:discover_packages(colcon_meta) check parameters
[0.169s] Level 1:colcon.colcon_core.package_discovery:discover_packages(recursive) check parameters
[0.169s] Level 1:colcon.colcon_core.package_discovery:discover_packages(ignore) check parameters
[0.169s] Level 1:colcon.colcon_core.package_discovery:discover_packages(path) check parameters
[0.169s] Level 1:colcon.colcon_core.package_discovery:discover_packages(colcon_meta) discover
[0.169s] Level 1:colcon.colcon_core.package_discovery:discover_packages(recursive) discover
[0.169s] INFO:colcon.colcon_core.package_discovery:Crawling recursively for packages in '/home/trungty/Downloads/moveit2_UR5'
[0.169s] Level 1:colcon.colcon_core.package_identification:_identify(.) by extensions ['ignore', 'ignore_ament_install']
[0.169s] Level 1:colcon.colcon_core.package_identification:_identify(.) by extension 'ignore'
[0.169s] Level 1:colcon.colcon_core.package_identification:_identify(.) by extension 'ignore_ament_install'
[0.169s] Level 1:colcon.colcon_core.package_identification:_identify(.) by extensions ['colcon_pkg']
[0.170s] Level 1:colcon.colcon_core.package_identification:_identify(.) by extension 'colcon_pkg'
[0.170s] Level 1:colcon.colcon_core.package_identification:_identify(.) by extensions ['colcon_meta']
[0.170s] Level 1:colcon.colcon_core.package_identification:_identify(.) by extension 'colcon_meta'
[0.170s] Level 1:colcon.colcon_core.package_identification:_identify(.) by extensions ['ros']
[0.170s] Level 1:colcon.colcon_core.package_identification:_identify(.) by extension 'ros'
[0.180s] Level 1:colcon.colcon_core.package_identification:_identify(.) by extensions ['cmake', 'python']
[0.180s] Level 1:colcon.colcon_core.package_identification:_identify(.) by extension 'cmake'
[0.180s] Level 1:colcon.colcon_core.package_identification:_identify(.) by extension 'python'
[0.180s] Level 1:colcon.colcon_core.package_identification:_identify(.) by extensions ['python_setup_py']
[0.180s] Level 1:colcon.colcon_core.package_identification:_identify(.) by extension 'python_setup_py'
[0.181s] Level 1:colcon.colcon_core.package_identification:_identify(build) by extensions ['ignore', 'ignore_ament_install']
[0.181s] Level 1:colcon.colcon_core.package_identification:_identify(build) by extension 'ignore'
[0.181s] Level 1:colcon.colcon_core.package_identification:_identify(build) ignored
[0.181s] Level 1:colcon.colcon_core.package_identification:_identify(datasets) by extensions ['ignore', 'ignore_ament_install']
[0.181s] Level 1:colcon.colcon_core.package_identification:_identify(datasets) by extension 'ignore'
[0.181s] Level 1:colcon.colcon_core.package_identification:_identify(datasets) by extension 'ignore_ament_install'
[0.181s] Level 1:colcon.colcon_core.package_identification:_identify(datasets) by extensions ['colcon_pkg']
[0.181s] Level 1:colcon.colcon_core.package_identification:_identify(datasets) by extension 'colcon_pkg'
[0.181s] Level 1:colcon.colcon_core.package_identification:_identify(datasets) by extensions ['colcon_meta']
[0.181s] Level 1:colcon.colcon_core.package_identification:_identify(datasets) by extension 'colcon_meta'
[0.181s] Level 1:colcon.colcon_core.package_identification:_identify(datasets) by extensions ['ros']
[0.181s] Level 1:colcon.colcon_core.package_identification:_identify(datasets) by extension 'ros'
[0.181s] Level 1:colcon.colcon_core.package_identification:_identify(datasets) by extensions ['cmake', 'python']
[0.181s] Level 1:colcon.colcon_core.package_identification:_identify(datasets) by extension 'cmake'
[0.181s] Level 1:colcon.colcon_core.package_identification:_identify(datasets) by extension 'python'
[0.181s] Level 1:colcon.colcon_core.package_identification:_identify(datasets) by extensions ['python_setup_py']
[0.181s] Level 1:colcon.colcon_core.package_identification:_identify(datasets) by extension 'python_setup_py'
[0.181s] Level 1:colcon.colcon_core.package_identification:_identify(datasets/coco8) by extensions ['ignore', 'ignore_ament_install']
[0.181s] Level 1:colcon.colcon_core.package_identification:_identify(datasets/coco8) by extension 'ignore'
[0.181s] Level 1:colcon.colcon_core.package_identification:_identify(datasets/coco8) by extension 'ignore_ament_install'
[0.182s] Level 1:colcon.colcon_core.package_identification:_identify(datasets/coco8) by extensions ['colcon_pkg']
[0.182s] Level 1:colcon.colcon_core.package_identification:_identify(datasets/coco8) by extension 'colcon_pkg'
[0.182s] Level 1:colcon.colcon_core.package_identification:_identify(datasets/coco8) by extensions ['colcon_meta']
[0.182s] Level 1:colcon.colcon_core.package_identification:_identify(datasets/coco8) by extension 'colcon_meta'
[0.182s] Level 1:colcon.colcon_core.package_identification:_identify(datasets/coco8) by extensions ['ros']
[0.182s] Level 1:colcon.colcon_core.package_identification:_identify(datasets/coco8) by extension 'ros'
[0.182s] Level 1:colcon.colcon_core.package_identification:_identify(datasets/coco8) by extensions ['cmake', 'python']
[0.182s] Level 1:colcon.colcon_core.package_identification:_identify(datasets/coco8) by extension 'cmake'
[0.182s] Level 1:colcon.colcon_core.package_identification:_identify(datasets/coco8) by extension 'python'
[0.182s] Level 1:colcon.colcon_core.package_identification:_identify(datasets/coco8) by extensions ['python_setup_py']
[0.182s] Level 1:colcon.colcon_core.package_identification:_identify(datasets/coco8) by extension 'python_setup_py'
[0.182s] Level 1:colcon.colcon_core.package_identification:_identify(datasets/coco8/images) by extensions ['ignore', 'ignore_ament_install']
[0.182s] Level 1:colcon.colcon_core.package_identification:_identify(datasets/coco8/images) by extension 'ignore'
[0.182s] Level 1:colcon.colcon_core.package_identification:_identify(datasets/coco8/images) by extension 'ignore_ament_install'
[0.182s] Level 1:colcon.colcon_core.package_identification:_identify(datasets/coco8/images) by extensions ['colcon_pkg']
[0.182s] Level 1:colcon.colcon_core.package_identification:_identify(datasets/coco8/images) by extension 'colcon_pkg'
[0.182s] Level 1:colcon.colcon_core.package_identification:_identify(datasets/coco8/images) by extensions ['colcon_meta']
[0.182s] Level 1:colcon.colcon_core.package_identification:_identify(datasets/coco8/images) by extension 'colcon_meta'
[0.182s] Level 1:colcon.colcon_core.package_identification:_identify(datasets/coco8/images) by extensions ['ros']
[0.182s] Level 1:colcon.colcon_core.package_identification:_identify(datasets/coco8/images) by extension 'ros'
[0.182s] Level 1:colcon.colcon_core.package_identification:_identify(datasets/coco8/images) by extensions ['cmake', 'python']
[0.182s] Level 1:colcon.colcon_core.package_identification:_identify(datasets/coco8/images) by extension 'cmake'
[0.182s] Level 1:colcon.colcon_core.package_identification:_identify(datasets/coco8/images) by extension 'python'
[0.182s] Level 1:colcon.colcon_core.package_identification:_identify(datasets/coco8/images) by extensions ['python_setup_py']
[0.182s] Level 1:colcon.colcon_core.package_identification:_identify(datasets/coco8/images) by extension 'python_setup_py'
[0.182s] Level 1:colcon.colcon_core.package_identification:_identify(datasets/coco8/images/train) by extensions ['ignore', 'ignore_ament_install']
[0.183s] Level 1:colcon.colcon_core.package_identification:_identify(datasets/coco8/images/train) by extension 'ignore'
[0.183s] Level 1:colcon.colcon_core.package_identification:_identify(datasets/coco8/images/train) by extension 'ignore_ament_install'
[0.183s] Level 1:colcon.colcon_core.package_identification:_identify(datasets/coco8/images/train) by extensions ['colcon_pkg']
[0.183s] Level 1:colcon.colcon_core.package_identification:_identify(datasets/coco8/images/train) by extension 'colcon_pkg'
[0.183s] Level 1:colcon.colcon_core.package_identification:_identify(datasets/coco8/images/train) by extensions ['colcon_meta']
[0.183s] Level 1:colcon.colcon_core.package_identification:_identify(datasets/coco8/images/train) by extension 'colcon_meta'
[0.183s] Level 1:colcon.colcon_core.package_identification:_identify(datasets/coco8/images/train) by extensions ['ros']
[0.183s] Level 1:colcon.colcon_core.package_identification:_identify(datasets/coco8/images/train) by extension 'ros'
[0.183s] Level 1:colcon.colcon_core.package_identification:_identify(datasets/coco8/images/train) by extensions ['cmake', 'python']
[0.183s] Level 1:colcon.colcon_core.package_identification:_identify(datasets/coco8/images/train) by extension 'cmake'
[0.183s] Level 1:colcon.colcon_core.package_identification:_identify(datasets/coco8/images/train) by extension 'python'
[0.183s] Level 1:colcon.colcon_core.package_identification:_identify(datasets/coco8/images/train) by extensions ['python_setup_py']
[0.183s] Level 1:colcon.colcon_core.package_identification:_identify(datasets/coco8/images/train) by extension 'python_setup_py'
[0.183s] Level 1:colcon.colcon_core.package_identification:_identify(datasets/coco8/images/val) by extensions ['ignore', 'ignore_ament_install']
[0.183s] Level 1:colcon.colcon_core.package_identification:_identify(datasets/coco8/images/val) by extension 'ignore'
[0.183s] Level 1:colcon.colcon_core.package_identification:_identify(datasets/coco8/images/val) by extension 'ignore_ament_install'
[0.183s] Level 1:colcon.colcon_core.package_identification:_identify(datasets/coco8/images/val) by extensions ['colcon_pkg']
[0.183s] Level 1:colcon.colcon_core.package_identification:_identify(datasets/coco8/images/val) by extension 'colcon_pkg'
[0.183s] Level 1:colcon.colcon_core.package_identification:_identify(datasets/coco8/images/val) by extensions ['colcon_meta']
[0.183s] Level 1:colcon.colcon_core.package_identification:_identify(datasets/coco8/images/val) by extension 'colcon_meta'
[0.183s] Level 1:colcon.colcon_core.package_identification:_identify(datasets/coco8/images/val) by extensions ['ros']
[0.183s] Level 1:colcon.colcon_core.package_identification:_identify(datasets/coco8/images/val) by extension 'ros'
[0.183s] Level 1:colcon.colcon_core.package_identification:_identify(datasets/coco8/images/val) by extensions ['cmake', 'python']
[0.183s] Level 1:colcon.colcon_core.package_identification:_identify(datasets/coco8/images/val) by extension 'cmake'
[0.183s] Level 1:colcon.colcon_core.package_identification:_identify(datasets/coco8/images/val) by extension 'python'
[0.183s] Level 1:colcon.colcon_core.package_identification:_identify(datasets/coco8/images/val) by extensions ['python_setup_py']
[0.183s] Level 1:colcon.colcon_core.package_identification:_identify(datasets/coco8/images/val) by extension 'python_setup_py'
[0.183s] Level 1:colcon.colcon_core.package_identification:_identify(datasets/coco8/labels) by extensions ['ignore', 'ignore_ament_install']
[0.183s] Level 1:colcon.colcon_core.package_identification:_identify(datasets/coco8/labels) by extension 'ignore'
[0.183s] Level 1:colcon.colcon_core.package_identification:_identify(datasets/coco8/labels) by extension 'ignore_ament_install'
[0.183s] Level 1:colcon.colcon_core.package_identification:_identify(datasets/coco8/labels) by extensions ['colcon_pkg']
[0.183s] Level 1:colcon.colcon_core.package_identification:_identify(datasets/coco8/labels) by extension 'colcon_pkg'
[0.183s] Level 1:colcon.colcon_core.package_identification:_identify(datasets/coco8/labels) by extensions ['colcon_meta']
[0.183s] Level 1:colcon.colcon_core.package_identification:_identify(datasets/coco8/labels) by extension 'colcon_meta'
[0.183s] Level 1:colcon.colcon_core.package_identification:_identify(datasets/coco8/labels) by extensions ['ros']
[0.183s] Level 1:colcon.colcon_core.package_identification:_identify(datasets/coco8/labels) by extension 'ros'
[0.183s] Level 1:colcon.colcon_core.package_identification:_identify(datasets/coco8/labels) by extensions ['cmake', 'python']
[0.183s] Level 1:colcon.colcon_core.package_identification:_identify(datasets/coco8/labels) by extension 'cmake'
[0.183s] Level 1:colcon.colcon_core.package_identification:_identify(datasets/coco8/labels) by extension 'python'
[0.183s] Level 1:colcon.colcon_core.package_identification:_identify(datasets/coco8/labels) by extensions ['python_setup_py']
[0.183s] Level 1:colcon.colcon_core.package_identification:_identify(datasets/coco8/labels) by extension 'python_setup_py'
[0.184s] Level 1:colcon.colcon_core.package_identification:_identify(datasets/coco8/labels/train) by extensions ['ignore', 'ignore_ament_install']
[0.184s] Level 1:colcon.colcon_core.package_identification:_identify(datasets/coco8/labels/train) by extension 'ignore'
[0.184s] Level 1:colcon.colcon_core.package_identification:_identify(datasets/coco8/labels/train) by extension 'ignore_ament_install'
[0.184s] Level 1:colcon.colcon_core.package_identification:_identify(datasets/coco8/labels/train) by extensions ['colcon_pkg']
[0.184s] Level 1:colcon.colcon_core.package_identification:_identify(datasets/coco8/labels/train) by extension 'colcon_pkg'
[0.184s] Level 1:colcon.colcon_core.package_identification:_identify(datasets/coco8/labels/train) by extensions ['colcon_meta']
[0.184s] Level 1:colcon.colcon_core.package_identification:_identify(datasets/coco8/labels/train) by extension 'colcon_meta'
[0.184s] Level 1:colcon.colcon_core.package_identification:_identify(datasets/coco8/labels/train) by extensions ['ros']
[0.184s] Level 1:colcon.colcon_core.package_identification:_identify(datasets/coco8/labels/train) by extension 'ros'
[0.184s] Level 1:colcon.colcon_core.package_identification:_identify(datasets/coco8/labels/train) by extensions ['cmake', 'python']
[0.184s] Level 1:colcon.colcon_core.package_identification:_identify(datasets/coco8/labels/train) by extension 'cmake'
[0.184s] Level 1:colcon.colcon_core.package_identification:_identify(datasets/coco8/labels/train) by extension 'python'
[0.184s] Level 1:colcon.colcon_core.package_identification:_identify(datasets/coco8/labels/train) by extensions ['python_setup_py']
[0.184s] Level 1:colcon.colcon_core.package_identification:_identify(datasets/coco8/labels/train) by extension 'python_setup_py'
[0.184s] Level 1:colcon.colcon_core.package_identification:_identify(datasets/coco8/labels/val) by extensions ['ignore', 'ignore_ament_install']
[0.184s] Level 1:colcon.colcon_core.package_identification:_identify(datasets/coco8/labels/val) by extension 'ignore'
[0.184s] Level 1:colcon.colcon_core.package_identification:_identify(datasets/coco8/labels/val) by extension 'ignore_ament_install'
[0.184s] Level 1:colcon.colcon_core.package_identification:_identify(datasets/coco8/labels/val) by extensions ['colcon_pkg']
[0.184s] Level 1:colcon.colcon_core.package_identification:_identify(datasets/coco8/labels/val) by extension 'colcon_pkg'
[0.184s] Level 1:colcon.colcon_core.package_identification:_identify(datasets/coco8/labels/val) by extensions ['colcon_meta']
[0.184s] Level 1:colcon.colcon_core.package_identification:_identify(datasets/coco8/labels/val) by extension 'colcon_meta'
[0.184s] Level 1:colcon.colcon_core.package_identification:_identify(datasets/coco8/labels/val) by extensions ['ros']
[0.184s] Level 1:colcon.colcon_core.package_identification:_identify(datasets/coco8/labels/val) by extension 'ros'
[0.184s] Level 1:colcon.colcon_core.package_identification:_identify(datasets/coco8/labels/val) by extensions ['cmake', 'python']
[0.184s] Level 1:colcon.colcon_core.package_identification:_identify(datasets/coco8/labels/val) by extension 'cmake'
[0.184s] Level 1:colcon.colcon_core.package_identification:_identify(datasets/coco8/labels/val) by extension 'python'
[0.184s] Level 1:colcon.colcon_core.package_identification:_identify(datasets/coco8/labels/val) by extensions ['python_setup_py']
[0.184s] Level 1:colcon.colcon_core.package_identification:_identify(datasets/coco8/labels/val) by extension 'python_setup_py'
[0.184s] Level 1:colcon.colcon_core.package_identification:_identify(install) by extensions ['ignore', 'ignore_ament_install']
[0.184s] Level 1:colcon.colcon_core.package_identification:_identify(install) by extension 'ignore'
[0.184s] Level 1:colcon.colcon_core.package_identification:_identify(install) ignored
[0.184s] Level 1:colcon.colcon_core.package_identification:_identify(log) by extensions ['ignore', 'ignore_ament_install']
[0.184s] Level 1:colcon.colcon_core.package_identification:_identify(log) by extension 'ignore'
[0.184s] Level 1:colcon.colcon_core.package_identification:_identify(log) ignored
[0.184s] Level 1:colcon.colcon_core.package_identification:_identify(src) by extensions ['ignore', 'ignore_ament_install']
[0.185s] Level 1:colcon.colcon_core.package_identification:_identify(src) by extension 'ignore'
[0.185s] Level 1:colcon.colcon_core.package_identification:_identify(src) by extension 'ignore_ament_install'
[0.185s] Level 1:colcon.colcon_core.package_identification:_identify(src) by extensions ['colcon_pkg']
[0.185s] Level 1:colcon.colcon_core.package_identification:_identify(src) by extension 'colcon_pkg'
[0.185s] Level 1:colcon.colcon_core.package_identification:_identify(src) by extensions ['colcon_meta']
[0.185s] Level 1:colcon.colcon_core.package_identification:_identify(src) by extension 'colcon_meta'
[0.185s] Level 1:colcon.colcon_core.package_identification:_identify(src) by extensions ['ros']
[0.185s] Level 1:colcon.colcon_core.package_identification:_identify(src) by extension 'ros'
[0.185s] Level 1:colcon.colcon_core.package_identification:_identify(src) by extensions ['cmake', 'python']
[0.185s] Level 1:colcon.colcon_core.package_identification:_identify(src) by extension 'cmake'
[0.185s] Level 1:colcon.colcon_core.package_identification:_identify(src) by extension 'python'
[0.185s] Level 1:colcon.colcon_core.package_identification:_identify(src) by extensions ['python_setup_py']
[0.185s] Level 1:colcon.colcon_core.package_identification:_identify(src) by extension 'python_setup_py'
[0.185s] Level 1:colcon.colcon_core.package_identification:_identify(src/camera_viewer) by extensions ['ignore', 'ignore_ament_install']
[0.185s] Level 1:colcon.colcon_core.package_identification:_identify(src/camera_viewer) by extension 'ignore'
[0.185s] Level 1:colcon.colcon_core.package_identification:_identify(src/camera_viewer) by extension 'ignore_ament_install'
[0.185s] Level 1:colcon.colcon_core.package_identification:_identify(src/camera_viewer) by extensions ['colcon_pkg']
[0.185s] Level 1:colcon.colcon_core.package_identification:_identify(src/camera_viewer) by extension 'colcon_pkg'
[0.185s] Level 1:colcon.colcon_core.package_identification:_identify(src/camera_viewer) by extensions ['colcon_meta']
[0.185s] Level 1:colcon.colcon_core.package_identification:_identify(src/camera_viewer) by extension 'colcon_meta'
[0.185s] Level 1:colcon.colcon_core.package_identification:_identify(src/camera_viewer) by extensions ['ros']
[0.185s] Level 1:colcon.colcon_core.package_identification:_identify(src/camera_viewer) by extension 'ros'
[0.187s] DEBUG:colcon.colcon_core.package_identification:Package 'src/camera_viewer' with type 'ros.ament_python' and name 'camera_viewer'
[0.187s] Level 1:colcon.colcon_core.package_identification:_identify(src/robot_description) by extensions ['ignore', 'ignore_ament_install']
[0.187s] Level 1:colcon.colcon_core.package_identification:_identify(src/robot_description) by extension 'ignore'
[0.187s] Level 1:colcon.colcon_core.package_identification:_identify(src/robot_description) by extension 'ignore_ament_install'
[0.187s] Level 1:colcon.colcon_core.package_identification:_identify(src/robot_description) by extensions ['colcon_pkg']
[0.187s] Level 1:colcon.colcon_core.package_identification:_identify(src/robot_description) by extension 'colcon_pkg'
[0.187s] Level 1:colcon.colcon_core.package_identification:_identify(src/robot_description) by extensions ['colcon_meta']
[0.187s] Level 1:colcon.colcon_core.package_identification:_identify(src/robot_description) by extension 'colcon_meta'
[0.187s] Level 1:colcon.colcon_core.package_identification:_identify(src/robot_description) by extensions ['ros']
[0.187s] Level 1:colcon.colcon_core.package_identification:_identify(src/robot_description) by extension 'ros'
[0.187s] DEBUG:colcon.colcon_core.package_identification:Package 'src/robot_description' with type 'ros.ament_cmake' and name 'robot_description'
[0.187s] Level 1:colcon.colcon_core.package_identification:_identify(src/ur5_moveit_config) by extensions ['ignore', 'ignore_ament_install']
[0.188s] Level 1:colcon.colcon_core.package_identification:_identify(src/ur5_moveit_config) by extension 'ignore'
[0.188s] Level 1:colcon.colcon_core.package_identification:_identify(src/ur5_moveit_config) by extension 'ignore_ament_install'
[0.188s] Level 1:colcon.colcon_core.package_identification:_identify(src/ur5_moveit_config) by extensions ['colcon_pkg']
[0.188s] Level 1:colcon.colcon_core.package_identification:_identify(src/ur5_moveit_config) by extension 'colcon_pkg'
[0.188s] Level 1:colcon.colcon_core.package_identification:_identify(src/ur5_moveit_config) by extensions ['colcon_meta']
[0.188s] Level 1:colcon.colcon_core.package_identification:_identify(src/ur5_moveit_config) by extension 'colcon_meta'
[0.188s] Level 1:colcon.colcon_core.package_identification:_identify(src/ur5_moveit_config) by extensions ['ros']
[0.188s] Level 1:colcon.colcon_core.package_identification:_identify(src/ur5_moveit_config) by extension 'ros'
[0.188s] DEBUG:colcon.colcon_core.package_identification:Package 'src/ur5_moveit_config' with type 'ros.ament_cmake' and name 'ur5_moveit_config'
[0.188s] Level 1:colcon.colcon_core.package_identification:_identify(src/ur5_pick_place) by extensions ['ignore', 'ignore_ament_install']
[0.188s] Level 1:colcon.colcon_core.package_identification:_identify(src/ur5_pick_place) by extension 'ignore'
[0.188s] Level 1:colcon.colcon_core.package_identification:_identify(src/ur5_pick_place) by extension 'ignore_ament_install'
[0.188s] Level 1:colcon.colcon_core.package_identification:_identify(src/ur5_pick_place) by extensions ['colcon_pkg']
[0.188s] Level 1:colcon.colcon_core.package_identification:_identify(src/ur5_pick_place) by extension 'colcon_pkg'
[0.188s] Level 1:colcon.colcon_core.package_identification:_identify(src/ur5_pick_place) by extensions ['colcon_meta']
[0.188s] Level 1:colcon.colcon_core.package_identification:_identify(src/ur5_pick_place) by extension 'colcon_meta'
[0.188s] Level 1:colcon.colcon_core.package_identification:_identify(src/ur5_pick_place) by extensions ['ros']
[0.188s] Level 1:colcon.colcon_core.package_identification:_identify(src/ur5_pick_place) by extension 'ros'
[0.189s] DEBUG:colcon.colcon_core.package_identification:Package 'src/ur5_pick_place' with type 'ros.ament_cmake' and name 'mtc_tutorial'
[0.189s] Level 1:colcon.colcon_core.package_discovery:discover_packages(recursive) using defaults
[0.189s] Level 1:colcon.colcon_core.package_discovery:discover_packages(ignore) discover
[0.189s] Level 1:colcon.colcon_core.package_discovery:discover_packages(ignore) using defaults
[0.189s] Level 1:colcon.colcon_core.package_discovery:discover_packages(path) discover
[0.189s] Level 1:colcon.colcon_core.package_discovery:discover_packages(path) using defaults
[0.208s] Level 1:colcon.colcon_core.package_discovery:discover_packages(prefix_path) check parameters
[0.208s] Level 1:colcon.colcon_core.package_discovery:discover_packages(prefix_path) discover
[0.211s] DEBUG:colcon.colcon_installed_package_information.package_discovery:Found 55 installed packages in /home/trungty/ws_moveit2/install
[0.212s] DEBUG:colcon.colcon_installed_package_information.package_discovery:Found 315 installed packages in /opt/ros/humble
[0.213s] Level 1:colcon.colcon_core.package_discovery:discover_packages(prefix_path) using defaults
[0.240s] Level 5:colcon.colcon_core.verb:set package 'camera_viewer' build argument 'cmake_args' from command line to 'None'
[0.240s] Level 5:colcon.colcon_core.verb:set package 'camera_viewer' build argument 'cmake_target' from command line to 'None'
[0.240s] Level 5:colcon.colcon_core.verb:set package 'camera_viewer' build argument 'cmake_target_skip_unavailable' from command line to 'False'
[0.240s] Level 5:colcon.colcon_core.verb:set package 'camera_viewer' build argument 'cmake_clean_cache' from command line to 'False'
[0.240s] Level 5:colcon.colcon_core.verb:set package 'camera_viewer' build argument 'cmake_clean_first' from command line to 'False'
[0.240s] Level 5:colcon.colcon_core.verb:set package 'camera_viewer' build argument 'cmake_force_configure' from command line to 'False'
[0.240s] Level 5:colcon.colcon_core.verb:set package 'camera_viewer' build argument 'ament_cmake_args' from command line to 'None'
[0.240s] Level 5:colcon.colcon_core.verb:set package 'camera_viewer' build argument 'catkin_cmake_args' from command line to 'None'
[0.240s] Level 5:colcon.colcon_core.verb:set package 'camera_viewer' build argument 'catkin_skip_building_tests' from command line to 'False'
[0.240s] DEBUG:colcon.colcon_core.verb:Building package 'camera_viewer' with the following arguments: {'ament_cmake_args': None, 'build_base': '/home/trungty/Downloads/moveit2_UR5/build/camera_viewer', 'catkin_cmake_args': None, 'catkin_skip_building_tests': False, 'cmake_args': None, 'cmake_clean_cache': False, 'cmake_clean_first': False, 'cmake_force_configure': False, 'cmake_target': None, 'cmake_target_skip_unavailable': False, 'install_base': '/home/trungty/Downloads/moveit2_UR5/install/camera_viewer', 'merge_install': False, 'path': '/home/trungty/Downloads/moveit2_UR5/src/camera_viewer', 'symlink_install': False, 'test_result_base': None}
[0.240s] Level 5:colcon.colcon_core.verb:set package 'mtc_tutorial' build argument 'cmake_args' from command line to 'None'
[0.240s] Level 5:colcon.colcon_core.verb:set package 'mtc_tutorial' build argument 'cmake_target' from command line to 'None'
[0.240s] Level 5:colcon.colcon_core.verb:set package 'mtc_tutorial' build argument 'cmake_target_skip_unavailable' from command line to 'False'
[0.240s] Level 5:colcon.colcon_core.verb:set package 'mtc_tutorial' build argument 'cmake_clean_cache' from command line to 'False'
[0.240s] Level 5:colcon.colcon_core.verb:set package 'mtc_tutorial' build argument 'cmake_clean_first' from command line to 'False'
[0.240s] Level 5:colcon.colcon_core.verb:set package 'mtc_tutorial' build argument 'cmake_force_configure' from command line to 'False'
[0.240s] Level 5:colcon.colcon_core.verb:set package 'mtc_tutorial' build argument 'ament_cmake_args' from command line to 'None'
[0.240s] Level 5:colcon.colcon_core.verb:set package 'mtc_tutorial' build argument 'catkin_cmake_args' from command line to 'None'
[0.240s] Level 5:colcon.colcon_core.verb:set package 'mtc_tutorial' build argument 'catkin_skip_building_tests' from command line to 'False'
[0.240s] DEBUG:colcon.colcon_core.verb:Building package 'mtc_tutorial' with the following arguments: {'ament_cmake_args': None, 'build_base': '/home/trungty/Downloads/moveit2_UR5/build/mtc_tutorial', 'catkin_cmake_args': None, 'catkin_skip_building_tests': False, 'cmake_args': None, 'cmake_clean_cache': False, 'cmake_clean_first': False, 'cmake_force_configure': False, 'cmake_target': None, 'cmake_target_skip_unavailable': False, 'install_base': '/home/trungty/Downloads/moveit2_UR5/install/mtc_tutorial', 'merge_install': False, 'path': '/home/trungty/Downloads/moveit2_UR5/src/ur5_pick_place', 'symlink_install': False, 'test_result_base': None}
[0.240s] Level 5:colcon.colcon_core.verb:set package 'robot_description' build argument 'cmake_args' from command line to 'None'
[0.240s] Level 5:colcon.colcon_core.verb:set package 'robot_description' build argument 'cmake_target' from command line to 'None'
[0.240s] Level 5:colcon.colcon_core.verb:set package 'robot_description' build argument 'cmake_target_skip_unavailable' from command line to 'False'
[0.240s] Level 5:colcon.colcon_core.verb:set package 'robot_description' build argument 'cmake_clean_cache' from command line to 'False'
[0.240s] Level 5:colcon.colcon_core.verb:set package 'robot_description' build argument 'cmake_clean_first' from command line to 'False'
[0.240s] Level 5:colcon.colcon_core.verb:set package 'robot_description' build argument 'cmake_force_configure' from command line to 'False'
[0.240s] Level 5:colcon.colcon_core.verb:set package 'robot_description' build argument 'ament_cmake_args' from command line to 'None'
[0.240s] Level 5:colcon.colcon_core.verb:set package 'robot_description' build argument 'catkin_cmake_args' from command line to 'None'
[0.240s] Level 5:colcon.colcon_core.verb:set package 'robot_description' build argument 'catkin_skip_building_tests' from command line to 'False'
[0.240s] DEBUG:colcon.colcon_core.verb:Building package 'robot_description' with the following arguments: {'ament_cmake_args': None, 'build_base': '/home/trungty/Downloads/moveit2_UR5/build/robot_description', 'catkin_cmake_args': None, 'catkin_skip_building_tests': False, 'cmake_args': None, 'cmake_clean_cache': False, 'cmake_clean_first': False, 'cmake_force_configure': False, 'cmake_target': None, 'cmake_target_skip_unavailable': False, 'install_base': '/home/trungty/Downloads/moveit2_UR5/install/robot_description', 'merge_install': False, 'path': '/home/trungty/Downloads/moveit2_UR5/src/robot_description', 'symlink_install': False, 'test_result_base': None}
[0.241s] Level 5:colcon.colcon_core.verb:set package 'ur5_moveit_config' build argument 'cmake_args' from command line to 'None'
[0.241s] Level 5:colcon.colcon_core.verb:set package 'ur5_moveit_config' build argument 'cmake_target' from command line to 'None'
[0.241s] Level 5:colcon.colcon_core.verb:set package 'ur5_moveit_config' build argument 'cmake_target_skip_unavailable' from command line to 'False'
[0.241s] Level 5:colcon.colcon_core.verb:set package 'ur5_moveit_config' build argument 'cmake_clean_cache' from command line to 'False'
[0.241s] Level 5:colcon.colcon_core.verb:set package 'ur5_moveit_config' build argument 'cmake_clean_first' from command line to 'False'
[0.241s] Level 5:colcon.colcon_core.verb:set package 'ur5_moveit_config' build argument 'cmake_force_configure' from command line to 'False'
[0.241s] Level 5:colcon.colcon_core.verb:set package 'ur5_moveit_config' build argument 'ament_cmake_args' from command line to 'None'
[0.241s] Level 5:colcon.colcon_core.verb:set package 'ur5_moveit_config' build argument 'catkin_cmake_args' from command line to 'None'
[0.241s] Level 5:colcon.colcon_core.verb:set package 'ur5_moveit_config' build argument 'catkin_skip_building_tests' from command line to 'False'
[0.241s] DEBUG:colcon.colcon_core.verb:Building package 'ur5_moveit_config' with the following arguments: {'ament_cmake_args': None, 'build_base': '/home/trungty/Downloads/moveit2_UR5/build/ur5_moveit_config', 'catkin_cmake_args': None, 'catkin_skip_building_tests': False, 'cmake_args': None, 'cmake_clean_cache': False, 'cmake_clean_first': False, 'cmake_force_configure': False, 'cmake_target': None, 'cmake_target_skip_unavailable': False, 'install_base': '/home/trungty/Downloads/moveit2_UR5/install/ur5_moveit_config', 'merge_install': False, 'path': '/home/trungty/Downloads/moveit2_UR5/src/ur5_moveit_config', 'symlink_install': False, 'test_result_base': None}
[0.241s] INFO:colcon.colcon_core.executor:Executing jobs using 'parallel' executor
[0.241s] DEBUG:colcon.colcon_parallel_executor.executor.parallel:run_until_complete
[0.242s] INFO:colcon.colcon_ros.task.ament_cmake.build:Building ROS package in '/home/trungty/Downloads/moveit2_UR5/src/robot_description' with build type 'ament_cmake'
[0.242s] INFO:colcon.colcon_cmake.task.cmake.build:Building CMake package in '/home/trungty/Downloads/moveit2_UR5/src/robot_description'
[0.243s] INFO:colcon.colcon_core.plugin_system:Skipping extension 'colcon_core.shell.bat': Not used on non-Windows systems
[0.243s] INFO:colcon.colcon_core.shell:Skip shell extension 'powershell' for command environment: Not usable outside of PowerShell
[0.243s] DEBUG:colcon.colcon_core.shell:Skip shell extension 'dsv' for command environment
[0.247s] INFO:colcon.colcon_ros.task.ament_python.build:Building ROS package in '/home/trungty/Downloads/moveit2_UR5/src/camera_viewer' with build type 'ament_python'
[0.247s] Level 1:colcon.colcon_core.shell:create_environment_hook('camera_viewer', 'ament_prefix_path')
[0.247s] INFO:colcon.colcon_core.shell:Creating environment hook '/home/trungty/Downloads/moveit2_UR5/install/camera_viewer/share/camera_viewer/hook/ament_prefix_path.ps1'
[0.247s] INFO:colcon.colcon_core.shell:Creating environment descriptor '/home/trungty/Downloads/moveit2_UR5/install/camera_viewer/share/camera_viewer/hook/ament_prefix_path.dsv'
[0.248s] INFO:colcon.colcon_core.shell:Creating environment hook '/home/trungty/Downloads/moveit2_UR5/install/camera_viewer/share/camera_viewer/hook/ament_prefix_path.sh'
[0.248s] INFO:colcon.colcon_core.shell:Skip shell extension 'powershell' for command environment: Not usable outside of PowerShell
[0.248s] DEBUG:colcon.colcon_core.shell:Skip shell extension 'dsv' for command environment
[0.252s] INFO:colcon.colcon_ros.task.ament_cmake.build:Building ROS package in '/home/trungty/Downloads/moveit2_UR5/src/ur5_pick_place' with build type 'ament_cmake'
[0.252s] INFO:colcon.colcon_cmake.task.cmake.build:Building CMake package in '/home/trungty/Downloads/moveit2_UR5/src/ur5_pick_place'
[0.252s] INFO:colcon.colcon_core.shell:Skip shell extension 'powershell' for command environment: Not usable outside of PowerShell
[0.252s] DEBUG:colcon.colcon_core.shell:Skip shell extension 'dsv' for command environment
[0.258s] DEBUG:colcon.colcon_core.event_handler.log_command:Invoking command in '/home/trungty/Downloads/moveit2_UR5/build/robot_description': CMAKE_PREFIX_PATH=${CMAKE_PREFIX_PATH}:/home/trungty/ws_moveit2/install/moveit_configs_utils:/home/trungty/ws_moveit2/install/launch_param_builder:/opt/ros/humble CONDA_PROMPT_MODIFIER=(base) /usr/bin/cmake --build /home/trungty/Downloads/moveit2_UR5/build/robot_description -- -j12 -l12
[0.409s] INFO:colcon.colcon_core.task.python.build:Building Python package in '/home/trungty/Downloads/moveit2_UR5/src/camera_viewer'
[0.409s] INFO:colcon.colcon_core.shell:Skip shell extension 'powershell' for command environment: Not usable outside of PowerShell
[0.409s] DEBUG:colcon.colcon_core.shell:Skip shell extension 'dsv' for command environment
[0.416s] DEBUG:colcon.colcon_core.event_handler.log_command:Invoking command in '/home/trungty/Downloads/moveit2_UR5/build/mtc_tutorial': CMAKE_PREFIX_PATH=${CMAKE_PREFIX_PATH}:/home/trungty/ws_moveit2/install/moveit_configs_utils:/home/trungty/ws_moveit2/install/launch_param_builder:/opt/ros/humble CONDA_PROMPT_MODIFIER=(base) /usr/bin/cmake /home/trungty/Downloads/moveit2_UR5/src/ur5_pick_place -DCMAKE_INSTALL_PREFIX=/home/trungty/Downloads/moveit2_UR5/install/mtc_tutorial
[0.416s] DEBUG:colcon.colcon_core.event_handler.log_command:Invoked command in '/home/trungty/Downloads/moveit2_UR5/build/robot_description' returned '0': CMAKE_PREFIX_PATH=${CMAKE_PREFIX_PATH}:/home/trungty/ws_moveit2/install/moveit_configs_utils:/home/trungty/ws_moveit2/install/launch_param_builder:/opt/ros/humble CONDA_PROMPT_MODIFIER=(base) /usr/bin/cmake --build /home/trungty/Downloads/moveit2_UR5/build/robot_description -- -j12 -l12
[0.423s] DEBUG:colcon.colcon_core.event_handler.log_command:Invoking command in '/home/trungty/Downloads/moveit2_UR5/build/robot_description': CMAKE_PREFIX_PATH=${CMAKE_PREFIX_PATH}:/home/trungty/ws_moveit2/install/moveit_configs_utils:/home/trungty/ws_moveit2/install/launch_param_builder:/opt/ros/humble CONDA_PROMPT_MODIFIER=(base) /usr/bin/cmake --install /home/trungty/Downloads/moveit2_UR5/build/robot_description
[0.432s] Level 1:colcon.colcon_core.environment:create_environment_scripts_only(robot_description)
[0.433s] DEBUG:colcon.colcon_core.event_handler.log_command:Invoked command in '/home/trungty/Downloads/moveit2_UR5/build/robot_description' returned '0': CMAKE_PREFIX_PATH=${CMAKE_PREFIX_PATH}:/home/trungty/ws_moveit2/install/moveit_configs_utils:/home/trungty/ws_moveit2/install/launch_param_builder:/opt/ros/humble CONDA_PROMPT_MODIFIER=(base) /usr/bin/cmake --install /home/trungty/Downloads/moveit2_UR5/build/robot_description
[0.434s] Level 1:colcon.colcon_core.environment:checking '/home/trungty/Downloads/moveit2_UR5/install/robot_description' for CMake module files
[0.435s] Level 1:colcon.colcon_core.environment:checking '/home/trungty/Downloads/moveit2_UR5/install/robot_description' for CMake config files
[0.435s] Level 1:colcon.colcon_core.shell:create_environment_hook('robot_description', 'cmake_prefix_path')
[0.435s] INFO:colcon.colcon_core.shell:Creating environment hook '/home/trungty/Downloads/moveit2_UR5/install/robot_description/share/robot_description/hook/cmake_prefix_path.ps1'
[0.435s] INFO:colcon.colcon_core.shell:Creating environment descriptor '/home/trungty/Downloads/moveit2_UR5/install/robot_description/share/robot_description/hook/cmake_prefix_path.dsv'
[0.435s] INFO:colcon.colcon_core.shell:Creating environment hook '/home/trungty/Downloads/moveit2_UR5/install/robot_description/share/robot_description/hook/cmake_prefix_path.sh'
[0.436s] Level 1:colcon.colcon_core.environment:checking '/home/trungty/Downloads/moveit2_UR5/install/robot_description/bin'
[0.436s] Level 1:colcon.colcon_core.environment:checking '/home/trungty/Downloads/moveit2_UR5/install/robot_description/lib/pkgconfig/robot_description.pc'
[0.436s] Level 1:colcon.colcon_core.environment:checking '/home/trungty/Downloads/moveit2_UR5/install/robot_description/lib/python3.10/site-packages'
[0.436s] Level 1:colcon.colcon_core.environment:checking '/home/trungty/Downloads/moveit2_UR5/install/robot_description/bin'
[0.436s] INFO:colcon.colcon_core.shell:Creating package script '/home/trungty/Downloads/moveit2_UR5/install/robot_description/share/robot_description/package.ps1'
[0.437s] INFO:colcon.colcon_core.shell:Creating package descriptor '/home/trungty/Downloads/moveit2_UR5/install/robot_description/share/robot_description/package.dsv'
[0.437s] INFO:colcon.colcon_core.shell:Creating package script '/home/trungty/Downloads/moveit2_UR5/install/robot_description/share/robot_description/package.sh'
[0.437s] INFO:colcon.colcon_core.shell:Creating package script '/home/trungty/Downloads/moveit2_UR5/install/robot_description/share/robot_description/package.bash'
[0.438s] INFO:colcon.colcon_core.shell:Creating package script '/home/trungty/Downloads/moveit2_UR5/install/robot_description/share/robot_description/package.zsh'
[0.438s] Level 1:colcon.colcon_core.environment:create_file_with_runtime_dependencies(/home/trungty/Downloads/moveit2_UR5/install/robot_description/share/colcon-core/packages/robot_description)
[0.439s] Level 1:colcon.colcon_core.environment:create_environment_scripts_only(robot_description)
[0.439s] Level 1:colcon.colcon_core.environment:checking '/home/trungty/Downloads/moveit2_UR5/install/robot_description' for CMake module files
[0.439s] Level 1:colcon.colcon_core.environment:checking '/home/trungty/Downloads/moveit2_UR5/install/robot_description' for CMake config files
[0.439s] Level 1:colcon.colcon_core.shell:create_environment_hook('robot_description', 'cmake_prefix_path')
[0.439s] INFO:colcon.colcon_core.shell:Creating environment hook '/home/trungty/Downloads/moveit2_UR5/install/robot_description/share/robot_description/hook/cmake_prefix_path.ps1'
[0.440s] INFO:colcon.colcon_core.shell:Creating environment descriptor '/home/trungty/Downloads/moveit2_UR5/install/robot_description/share/robot_description/hook/cmake_prefix_path.dsv'
[0.440s] INFO:colcon.colcon_core.shell:Creating environment hook '/home/trungty/Downloads/moveit2_UR5/install/robot_description/share/robot_description/hook/cmake_prefix_path.sh'
[0.440s] Level 1:colcon.colcon_core.environment:checking '/home/trungty/Downloads/moveit2_UR5/install/robot_description/bin'
[0.440s] Level 1:colcon.colcon_core.environment:checking '/home/trungty/Downloads/moveit2_UR5/install/robot_description/lib/pkgconfig/robot_description.pc'
[0.440s] Level 1:colcon.colcon_core.environment:checking '/home/trungty/Downloads/moveit2_UR5/install/robot_description/lib/python3.10/site-packages'
[0.440s] Level 1:colcon.colcon_core.environment:checking '/home/trungty/Downloads/moveit2_UR5/install/robot_description/bin'
[0.441s] INFO:colcon.colcon_core.shell:Creating package script '/home/trungty/Downloads/moveit2_UR5/install/robot_description/share/robot_description/package.ps1'
[0.441s] INFO:colcon.colcon_core.shell:Creating package descriptor '/home/trungty/Downloads/moveit2_UR5/install/robot_description/share/robot_description/package.dsv'
[0.441s] INFO:colcon.colcon_core.shell:Creating package script '/home/trungty/Downloads/moveit2_UR5/install/robot_description/share/robot_description/package.sh'
[0.442s] INFO:colcon.colcon_core.shell:Creating package script '/home/trungty/Downloads/moveit2_UR5/install/robot_description/share/robot_description/package.bash'
[0.442s] INFO:colcon.colcon_core.shell:Creating package script '/home/trungty/Downloads/moveit2_UR5/install/robot_description/share/robot_description/package.zsh'
[0.442s] Level 1:colcon.colcon_core.environment:create_file_with_runtime_dependencies(/home/trungty/Downloads/moveit2_UR5/install/robot_description/share/colcon-core/packages/robot_description)
[0.442s] INFO:colcon.colcon_ros.task.ament_cmake.build:Building ROS package in '/home/trungty/Downloads/moveit2_UR5/src/ur5_moveit_config' with build type 'ament_cmake'
[0.442s] INFO:colcon.colcon_cmake.task.cmake.build:Building CMake package in '/home/trungty/Downloads/moveit2_UR5/src/ur5_moveit_config'
[0.442s] INFO:colcon.colcon_core.shell:Skip shell extension 'powershell' for command environment: Not usable outside of PowerShell
[0.442s] DEBUG:colcon.colcon_core.shell:Skip shell extension 'dsv' for command environment
[0.452s] DEBUG:colcon.colcon_core.event_handler.log_command:Invoking command in '/home/trungty/Downloads/moveit2_UR5/build/ur5_moveit_config': AMENT_PREFIX_PATH=/home/trungty/Downloads/moveit2_UR5/install/robot_description:${AMENT_PREFIX_PATH} CMAKE_PREFIX_PATH=/home/trungty/Downloads/moveit2_UR5/install/robot_description:/home/trungty/ws_moveit2/install/pilz_industrial_motion_planner_testutils:/home/trungty/ws_moveit2/install/moveit_runtime:/home/trungty/ws_moveit2/install/moveit2_tutorials:/home/trungty/ws_moveit2/install/moveit:/home/trungty/ws_moveit2/install/moveit_planners:/home/trungty/ws_moveit2/install/pilz_industrial_motion_planner:/home/trungty/ws_moveit2/install/moveit_visual_tools:/home/trungty/ws_moveit2/install/moveit_task_constructor_visualization:/home/trungty/ws_moveit2/install/moveit_task_constructor_demo:/home/trungty/ws_moveit2/install/moveit_task_constructor_capabilities:/home/trungty/ws_moveit2/install/moveit_task_constructor_core:/home/trungty/ws_moveit2/install/moveit_ros_control_interface:/home/trungty/ws_moveit2/install/moveit_plugins:/home/trungty/ws_moveit2/install/moveit_simple_controller_manager:/home/trungty/ws_moveit2/install/moveit_setup_assistant:/home/trungty/ws_moveit2/install/moveit_setup_srdf_plugins:/home/trungty/ws_moveit2/install/moveit_setup_core_plugins:/home/trungty/ws_moveit2/install/moveit_setup_controllers:/home/trungty/ws_moveit2/install/moveit_setup_app_plugins:/home/trungty/ws_moveit2/install/moveit_setup_framework:/home/trungty/ws_moveit2/install/moveit_servo:/home/trungty/ws_moveit2/install/moveit_ros:/home/trungty/ws_moveit2/install/moveit_ros_visualization:/home/trungty/ws_moveit2/install/moveit_hybrid_planning:/home/trungty/ws_moveit2/install/moveit_ros_planning_interface:/home/trungty/ws_moveit2/install/moveit_ros_benchmarks:/home/trungty/ws_moveit2/install/moveit_ros_warehouse:/home/trungty/ws_moveit2/install/moveit_ros_robot_interaction:/home/trungty/ws_moveit2/install/moveit_ros_perception:/home/trungty/ws_moveit2/install/moveit_resources_prbt_pg70_support:/home/trungty/ws_moveit2/install/moveit_resources_prbt_moveit_config:/home/trungty/ws_moveit2/install/moveit_ros_move_group:/home/trungty/ws_moveit2/install/moveit_planners_ompl:/home/trungty/ws_moveit2/install/moveit_ros_planning:/home/trungty/ws_moveit2/install/moveit_ros_occupancy_map_monitor:/home/trungty/ws_moveit2/install/moveit_resources_prbt_ikfast_manipulator_plugin:/home/trungty/ws_moveit2/install/moveit_planners_chomp:/home/trungty/ws_moveit2/install/moveit_kinematics:/home/trungty/ws_moveit2/install/moveit_chomp_optimizer_adapter:/home/trungty/ws_moveit2/install/chomp_motion_planner:/home/trungty/ws_moveit2/install/moveit_core:/home/trungty/ws_moveit2/install/srdfdom:/home/trungty/ws_moveit2/install/rviz_marker_tools:/home/trungty/ws_moveit2/install/rosparam_shortcuts:/home/trungty/ws_moveit2/install/moveit_task_constructor_msgs:/home/trungty/ws_moveit2/install/moveit_resources_prbt_support:/home/trungty/ws_moveit2/install/moveit_resources:/home/trungty/ws_moveit2/install/moveit_resources_pr2_description:/home/trungty/ws_moveit2/install/moveit_resources_panda_moveit_config:/home/trungty/ws_moveit2/install/moveit_resources_panda_description:/home/trungty/ws_moveit2/install/moveit_resources_fanuc_moveit_config:/home/trungty/ws_moveit2/install/moveit_resources_fanuc_description:/home/trungty/ws_moveit2/install/moveit_common:/home/trungty/ws_moveit2/install/moveit_configs_utils:/home/trungty/ws_moveit2/install/launch_param_builder:/opt/ros/humble CONDA_PROMPT_MODIFIER=(base) /usr/bin/cmake --build /home/trungty/Downloads/moveit2_UR5/build/ur5_moveit_config -- -j12 -l12
[0.482s] DEBUG:colcon.colcon_core.event_handler.log_command:Invoked command in '/home/trungty/Downloads/moveit2_UR5/build/ur5_moveit_config' returned '0': AMENT_PREFIX_PATH=/home/trungty/Downloads/moveit2_UR5/install/robot_description:${AMENT_PREFIX_PATH} CMAKE_PREFIX_PATH=/home/trungty/Downloads/moveit2_UR5/install/robot_description:/home/trungty/ws_moveit2/install/pilz_industrial_motion_planner_testutils:/home/trungty/ws_moveit2/install/moveit_runtime:/home/trungty/ws_moveit2/install/moveit2_tutorials:/home/trungty/ws_moveit2/install/moveit:/home/trungty/ws_moveit2/install/moveit_planners:/home/trungty/ws_moveit2/install/pilz_industrial_motion_planner:/home/trungty/ws_moveit2/install/moveit_visual_tools:/home/trungty/ws_moveit2/install/moveit_task_constructor_visualization:/home/trungty/ws_moveit2/install/moveit_task_constructor_demo:/home/trungty/ws_moveit2/install/moveit_task_constructor_capabilities:/home/trungty/ws_moveit2/install/moveit_task_constructor_core:/home/trungty/ws_moveit2/install/moveit_ros_control_interface:/home/trungty/ws_moveit2/install/moveit_plugins:/home/trungty/ws_moveit2/install/moveit_simple_controller_manager:/home/trungty/ws_moveit2/install/moveit_setup_assistant:/home/trungty/ws_moveit2/install/moveit_setup_srdf_plugins:/home/trungty/ws_moveit2/install/moveit_setup_core_plugins:/home/trungty/ws_moveit2/install/moveit_setup_controllers:/home/trungty/ws_moveit2/install/moveit_setup_app_plugins:/home/trungty/ws_moveit2/install/moveit_setup_framework:/home/trungty/ws_moveit2/install/moveit_servo:/home/trungty/ws_moveit2/install/moveit_ros:/home/trungty/ws_moveit2/install/moveit_ros_visualization:/home/trungty/ws_moveit2/install/moveit_hybrid_planning:/home/trungty/ws_moveit2/install/moveit_ros_planning_interface:/home/trungty/ws_moveit2/install/moveit_ros_benchmarks:/home/trungty/ws_moveit2/install/moveit_ros_warehouse:/home/trungty/ws_moveit2/install/moveit_ros_robot_interaction:/home/trungty/ws_moveit2/install/moveit_ros_perception:/home/trungty/ws_moveit2/install/moveit_resources_prbt_pg70_support:/home/trungty/ws_moveit2/install/moveit_resources_prbt_moveit_config:/home/trungty/ws_moveit2/install/moveit_ros_move_group:/home/trungty/ws_moveit2/install/moveit_planners_ompl:/home/trungty/ws_moveit2/install/moveit_ros_planning:/home/trungty/ws_moveit2/install/moveit_ros_occupancy_map_monitor:/home/trungty/ws_moveit2/install/moveit_resources_prbt_ikfast_manipulator_plugin:/home/trungty/ws_moveit2/install/moveit_planners_chomp:/home/trungty/ws_moveit2/install/moveit_kinematics:/home/trungty/ws_moveit2/install/moveit_chomp_optimizer_adapter:/home/trungty/ws_moveit2/install/chomp_motion_planner:/home/trungty/ws_moveit2/install/moveit_core:/home/trungty/ws_moveit2/install/srdfdom:/home/trungty/ws_moveit2/install/rviz_marker_tools:/home/trungty/ws_moveit2/install/rosparam_shortcuts:/home/trungty/ws_moveit2/install/moveit_task_constructor_msgs:/home/trungty/ws_moveit2/install/moveit_resources_prbt_support:/home/trungty/ws_moveit2/install/moveit_resources:/home/trungty/ws_moveit2/install/moveit_resources_pr2_description:/home/trungty/ws_moveit2/install/moveit_resources_panda_moveit_config:/home/trungty/ws_moveit2/install/moveit_resources_panda_description:/home/trungty/ws_moveit2/install/moveit_resources_fanuc_moveit_config:/home/trungty/ws_moveit2/install/moveit_resources_fanuc_description:/home/trungty/ws_moveit2/install/moveit_common:/home/trungty/ws_moveit2/install/moveit_configs_utils:/home/trungty/ws_moveit2/install/launch_param_builder:/opt/ros/humble CONDA_PROMPT_MODIFIER=(base) /usr/bin/cmake --build /home/trungty/Downloads/moveit2_UR5/build/ur5_moveit_config -- -j12 -l12
[0.483s] DEBUG:colcon.colcon_core.event_handler.log_command:Invoking command in '/home/trungty/Downloads/moveit2_UR5/build/ur5_moveit_config': AMENT_PREFIX_PATH=/home/trungty/Downloads/moveit2_UR5/install/robot_description:${AMENT_PREFIX_PATH} CMAKE_PREFIX_PATH=/home/trungty/Downloads/moveit2_UR5/install/robot_description:/home/trungty/ws_moveit2/install/pilz_industrial_motion_planner_testutils:/home/trungty/ws_moveit2/install/moveit_runtime:/home/trungty/ws_moveit2/install/moveit2_tutorials:/home/trungty/ws_moveit2/install/moveit:/home/trungty/ws_moveit2/install/moveit_planners:/home/trungty/ws_moveit2/install/pilz_industrial_motion_planner:/home/trungty/ws_moveit2/install/moveit_visual_tools:/home/trungty/ws_moveit2/install/moveit_task_constructor_visualization:/home/trungty/ws_moveit2/install/moveit_task_constructor_demo:/home/trungty/ws_moveit2/install/moveit_task_constructor_capabilities:/home/trungty/ws_moveit2/install/moveit_task_constructor_core:/home/trungty/ws_moveit2/install/moveit_ros_control_interface:/home/trungty/ws_moveit2/install/moveit_plugins:/home/trungty/ws_moveit2/install/moveit_simple_controller_manager:/home/trungty/ws_moveit2/install/moveit_setup_assistant:/home/trungty/ws_moveit2/install/moveit_setup_srdf_plugins:/home/trungty/ws_moveit2/install/moveit_setup_core_plugins:/home/trungty/ws_moveit2/install/moveit_setup_controllers:/home/trungty/ws_moveit2/install/moveit_setup_app_plugins:/home/trungty/ws_moveit2/install/moveit_setup_framework:/home/trungty/ws_moveit2/install/moveit_servo:/home/trungty/ws_moveit2/install/moveit_ros:/home/trungty/ws_moveit2/install/moveit_ros_visualization:/home/trungty/ws_moveit2/install/moveit_hybrid_planning:/home/trungty/ws_moveit2/install/moveit_ros_planning_interface:/home/trungty/ws_moveit2/install/moveit_ros_benchmarks:/home/trungty/ws_moveit2/install/moveit_ros_warehouse:/home/trungty/ws_moveit2/install/moveit_ros_robot_interaction:/home/trungty/ws_moveit2/install/moveit_ros_perception:/home/trungty/ws_moveit2/install/moveit_resources_prbt_pg70_support:/home/trungty/ws_moveit2/install/moveit_resources_prbt_moveit_config:/home/trungty/ws_moveit2/install/moveit_ros_move_group:/home/trungty/ws_moveit2/install/moveit_planners_ompl:/home/trungty/ws_moveit2/install/moveit_ros_planning:/home/trungty/ws_moveit2/install/moveit_ros_occupancy_map_monitor:/home/trungty/ws_moveit2/install/moveit_resources_prbt_ikfast_manipulator_plugin:/home/trungty/ws_moveit2/install/moveit_planners_chomp:/home/trungty/ws_moveit2/install/moveit_kinematics:/home/trungty/ws_moveit2/install/moveit_chomp_optimizer_adapter:/home/trungty/ws_moveit2/install/chomp_motion_planner:/home/trungty/ws_moveit2/install/moveit_core:/home/trungty/ws_moveit2/install/srdfdom:/home/trungty/ws_moveit2/install/rviz_marker_tools:/home/trungty/ws_moveit2/install/rosparam_shortcuts:/home/trungty/ws_moveit2/install/moveit_task_constructor_msgs:/home/trungty/ws_moveit2/install/moveit_resources_prbt_support:/home/trungty/ws_moveit2/install/moveit_resources:/home/trungty/ws_moveit2/install/moveit_resources_pr2_description:/home/trungty/ws_moveit2/install/moveit_resources_panda_moveit_config:/home/trungty/ws_moveit2/install/moveit_resources_panda_description:/home/trungty/ws_moveit2/install/moveit_resources_fanuc_moveit_config:/home/trungty/ws_moveit2/install/moveit_resources_fanuc_description:/home/trungty/ws_moveit2/install/moveit_common:/home/trungty/ws_moveit2/install/moveit_configs_utils:/home/trungty/ws_moveit2/install/launch_param_builder:/opt/ros/humble CONDA_PROMPT_MODIFIER=(base) /usr/bin/cmake --install /home/trungty/Downloads/moveit2_UR5/build/ur5_moveit_config
[0.490s] Level 1:colcon.colcon_core.environment:create_environment_scripts_only(ur5_moveit_config)
[0.491s] Level 1:colcon.colcon_core.environment:checking '/home/trungty/Downloads/moveit2_UR5/install/ur5_moveit_config' for CMake module files
[0.491s] DEBUG:colcon.colcon_core.event_handler.log_command:Invoked command in '/home/trungty/Downloads/moveit2_UR5/build/ur5_moveit_config' returned '0': AMENT_PREFIX_PATH=/home/trungty/Downloads/moveit2_UR5/install/robot_description:${AMENT_PREFIX_PATH} CMAKE_PREFIX_PATH=/home/trungty/Downloads/moveit2_UR5/install/robot_description:/home/trungty/ws_moveit2/install/pilz_industrial_motion_planner_testutils:/home/trungty/ws_moveit2/install/moveit_runtime:/home/trungty/ws_moveit2/install/moveit2_tutorials:/home/trungty/ws_moveit2/install/moveit:/home/trungty/ws_moveit2/install/moveit_planners:/home/trungty/ws_moveit2/install/pilz_industrial_motion_planner:/home/trungty/ws_moveit2/install/moveit_visual_tools:/home/trungty/ws_moveit2/install/moveit_task_constructor_visualization:/home/trungty/ws_moveit2/install/moveit_task_constructor_demo:/home/trungty/ws_moveit2/install/moveit_task_constructor_capabilities:/home/trungty/ws_moveit2/install/moveit_task_constructor_core:/home/trungty/ws_moveit2/install/moveit_ros_control_interface:/home/trungty/ws_moveit2/install/moveit_plugins:/home/trungty/ws_moveit2/install/moveit_simple_controller_manager:/home/trungty/ws_moveit2/install/moveit_setup_assistant:/home/trungty/ws_moveit2/install/moveit_setup_srdf_plugins:/home/trungty/ws_moveit2/install/moveit_setup_core_plugins:/home/trungty/ws_moveit2/install/moveit_setup_controllers:/home/trungty/ws_moveit2/install/moveit_setup_app_plugins:/home/trungty/ws_moveit2/install/moveit_setup_framework:/home/trungty/ws_moveit2/install/moveit_servo:/home/trungty/ws_moveit2/install/moveit_ros:/home/trungty/ws_moveit2/install/moveit_ros_visualization:/home/trungty/ws_moveit2/install/moveit_hybrid_planning:/home/trungty/ws_moveit2/install/moveit_ros_planning_interface:/home/trungty/ws_moveit2/install/moveit_ros_benchmarks:/home/trungty/ws_moveit2/install/moveit_ros_warehouse:/home/trungty/ws_moveit2/install/moveit_ros_robot_interaction:/home/trungty/ws_moveit2/install/moveit_ros_perception:/home/trungty/ws_moveit2/install/moveit_resources_prbt_pg70_support:/home/trungty/ws_moveit2/install/moveit_resources_prbt_moveit_config:/home/trungty/ws_moveit2/install/moveit_ros_move_group:/home/trungty/ws_moveit2/install/moveit_planners_ompl:/home/trungty/ws_moveit2/install/moveit_ros_planning:/home/trungty/ws_moveit2/install/moveit_ros_occupancy_map_monitor:/home/trungty/ws_moveit2/install/moveit_resources_prbt_ikfast_manipulator_plugin:/home/trungty/ws_moveit2/install/moveit_planners_chomp:/home/trungty/ws_moveit2/install/moveit_kinematics:/home/trungty/ws_moveit2/install/moveit_chomp_optimizer_adapter:/home/trungty/ws_moveit2/install/chomp_motion_planner:/home/trungty/ws_moveit2/install/moveit_core:/home/trungty/ws_moveit2/install/srdfdom:/home/trungty/ws_moveit2/install/rviz_marker_tools:/home/trungty/ws_moveit2/install/rosparam_shortcuts:/home/trungty/ws_moveit2/install/moveit_task_constructor_msgs:/home/trungty/ws_moveit2/install/moveit_resources_prbt_support:/home/trungty/ws_moveit2/install/moveit_resources:/home/trungty/ws_moveit2/install/moveit_resources_pr2_description:/home/trungty/ws_moveit2/install/moveit_resources_panda_moveit_config:/home/trungty/ws_moveit2/install/moveit_resources_panda_description:/home/trungty/ws_moveit2/install/moveit_resources_fanuc_moveit_config:/home/trungty/ws_moveit2/install/moveit_resources_fanuc_description:/home/trungty/ws_moveit2/install/moveit_common:/home/trungty/ws_moveit2/install/moveit_configs_utils:/home/trungty/ws_moveit2/install/launch_param_builder:/opt/ros/humble CONDA_PROMPT_MODIFIER=(base) /usr/bin/cmake --install /home/trungty/Downloads/moveit2_UR5/build/ur5_moveit_config
[0.491s] Level 1:colcon.colcon_core.environment:checking '/home/trungty/Downloads/moveit2_UR5/install/ur5_moveit_config' for CMake config files
[0.491s] Level 1:colcon.colcon_core.shell:create_environment_hook('ur5_moveit_config', 'cmake_prefix_path')
[0.491s] INFO:colcon.colcon_core.shell:Creating environment hook '/home/trungty/Downloads/moveit2_UR5/install/ur5_moveit_config/share/ur5_moveit_config/hook/cmake_prefix_path.ps1'
[0.492s] INFO:colcon.colcon_core.shell:Creating environment descriptor '/home/trungty/Downloads/moveit2_UR5/install/ur5_moveit_config/share/ur5_moveit_config/hook/cmake_prefix_path.dsv'
[0.492s] INFO:colcon.colcon_core.shell:Creating environment hook '/home/trungty/Downloads/moveit2_UR5/install/ur5_moveit_config/share/ur5_moveit_config/hook/cmake_prefix_path.sh'
[0.492s] Level 1:colcon.colcon_core.environment:checking '/home/trungty/Downloads/moveit2_UR5/install/ur5_moveit_config/bin'
[0.492s] Level 1:colcon.colcon_core.environment:checking '/home/trungty/Downloads/moveit2_UR5/install/ur5_moveit_config/lib/pkgconfig/ur5_moveit_config.pc'
[0.492s] Level 1:colcon.colcon_core.environment:checking '/home/trungty/Downloads/moveit2_UR5/install/ur5_moveit_config/lib/python3.10/site-packages'
[0.493s] Level 1:colcon.colcon_core.environment:checking '/home/trungty/Downloads/moveit2_UR5/install/ur5_moveit_config/bin'
[0.493s] INFO:colcon.colcon_core.shell:Creating package script '/home/trungty/Downloads/moveit2_UR5/install/ur5_moveit_config/share/ur5_moveit_config/package.ps1'
[0.493s] INFO:colcon.colcon_core.shell:Creating package descriptor '/home/trungty/Downloads/moveit2_UR5/install/ur5_moveit_config/share/ur5_moveit_config/package.dsv'
[0.493s] INFO:colcon.colcon_core.shell:Creating package script '/home/trungty/Downloads/moveit2_UR5/install/ur5_moveit_config/share/ur5_moveit_config/package.sh'
[0.493s] INFO:colcon.colcon_core.shell:Creating package script '/home/trungty/Downloads/moveit2_UR5/install/ur5_moveit_config/share/ur5_moveit_config/package.bash'
[0.494s] INFO:colcon.colcon_core.shell:Creating package script '/home/trungty/Downloads/moveit2_UR5/install/ur5_moveit_config/share/ur5_moveit_config/package.zsh'
[0.494s] Level 1:colcon.colcon_core.environment:create_file_with_runtime_dependencies(/home/trungty/Downloads/moveit2_UR5/install/ur5_moveit_config/share/colcon-core/packages/ur5_moveit_config)
[0.494s] Level 1:colcon.colcon_core.environment:create_environment_scripts_only(ur5_moveit_config)
[0.494s] Level 1:colcon.colcon_core.environment:checking '/home/trungty/Downloads/moveit2_UR5/install/ur5_moveit_config' for CMake module files
[0.494s] Level 1:colcon.colcon_core.environment:checking '/home/trungty/Downloads/moveit2_UR5/install/ur5_moveit_config' for CMake config files
[0.495s] Level 1:colcon.colcon_core.shell:create_environment_hook('ur5_moveit_config', 'cmake_prefix_path')
[0.495s] INFO:colcon.colcon_core.shell:Creating environment hook '/home/trungty/Downloads/moveit2_UR5/install/ur5_moveit_config/share/ur5_moveit_config/hook/cmake_prefix_path.ps1'
[0.495s] INFO:colcon.colcon_core.shell:Creating environment descriptor '/home/trungty/Downloads/moveit2_UR5/install/ur5_moveit_config/share/ur5_moveit_config/hook/cmake_prefix_path.dsv'
[0.495s] INFO:colcon.colcon_core.shell:Creating environment hook '/home/trungty/Downloads/moveit2_UR5/install/ur5_moveit_config/share/ur5_moveit_config/hook/cmake_prefix_path.sh'
[0.496s] Level 1:colcon.colcon_core.environment:checking '/home/trungty/Downloads/moveit2_UR5/install/ur5_moveit_config/bin'
[0.496s] Level 1:colcon.colcon_core.environment:checking '/home/trungty/Downloads/moveit2_UR5/install/ur5_moveit_config/lib/pkgconfig/ur5_moveit_config.pc'
[0.496s] Level 1:colcon.colcon_core.environment:checking '/home/trungty/Downloads/moveit2_UR5/install/ur5_moveit_config/lib/python3.10/site-packages'
[0.496s] Level 1:colcon.colcon_core.environment:checking '/home/trungty/Downloads/moveit2_UR5/install/ur5_moveit_config/bin'
[0.496s] INFO:colcon.colcon_core.shell:Creating package script '/home/trungty/Downloads/moveit2_UR5/install/ur5_moveit_config/share/ur5_moveit_config/package.ps1'
[0.496s] INFO:colcon.colcon_core.shell:Creating package descriptor '/home/trungty/Downloads/moveit2_UR5/install/ur5_moveit_config/share/ur5_moveit_config/package.dsv'
[0.496s] INFO:colcon.colcon_core.shell:Creating package script '/home/trungty/Downloads/moveit2_UR5/install/ur5_moveit_config/share/ur5_moveit_config/package.sh'
[0.497s] INFO:colcon.colcon_core.shell:Creating package script '/home/trungty/Downloads/moveit2_UR5/install/ur5_moveit_config/share/ur5_moveit_config/package.bash'
[0.497s] INFO:colcon.colcon_core.shell:Creating package script '/home/trungty/Downloads/moveit2_UR5/install/ur5_moveit_config/share/ur5_moveit_config/package.zsh'
[0.497s] Level 1:colcon.colcon_core.environment:create_file_with_runtime_dependencies(/home/trungty/Downloads/moveit2_UR5/install/ur5_moveit_config/share/colcon-core/packages/ur5_moveit_config)
[0.666s] DEBUG:colcon.colcon_core.event_handler.log_command:Invoking command in '/home/trungty/Downloads/moveit2_UR5/src/camera_viewer': CONDA_PROMPT_MODIFIER=(base) PYTHONPATH=/home/trungty/Downloads/moveit2_UR5/build/camera_viewer/prefix_override:/usr/lib/python3/dist-packages/colcon_core/task/python/colcon_distutils_commands:/home/trungty/Downloads/moveit2_UR5/install/camera_viewer/lib/python3.10/site-packages:${PYTHONPATH} /usr/bin/python3 -W ignore:setup.py install is deprecated -W ignore:easy_install command is deprecated setup.py egg_info --egg-base ../../build/camera_viewer build --build-base /home/trungty/Downloads/moveit2_UR5/build/camera_viewer/build install --record /home/trungty/Downloads/moveit2_UR5/build/camera_viewer/install.log --single-version-externally-managed install_data
[0.841s] Level 1:colcon.colcon_core.environment:checking '/home/trungty/Downloads/moveit2_UR5/install/camera_viewer' for CMake module files
[0.841s] DEBUG:colcon.colcon_core.event_handler.log_command:Invoked command in '/home/trungty/Downloads/moveit2_UR5/src/camera_viewer' returned '0': CONDA_PROMPT_MODIFIER=(base) PYTHONPATH=/home/trungty/Downloads/moveit2_UR5/build/camera_viewer/prefix_override:/usr/lib/python3/dist-packages/colcon_core/task/python/colcon_distutils_commands:/home/trungty/Downloads/moveit2_UR5/install/camera_viewer/lib/python3.10/site-packages:${PYTHONPATH} /usr/bin/python3 -W ignore:setup.py install is deprecated -W ignore:easy_install command is deprecated setup.py egg_info --egg-base ../../build/camera_viewer build --build-base /home/trungty/Downloads/moveit2_UR5/build/camera_viewer/build install --record /home/trungty/Downloads/moveit2_UR5/build/camera_viewer/install.log --single-version-externally-managed install_data
[0.841s] Level 1:colcon.colcon_core.environment:checking '/home/trungty/Downloads/moveit2_UR5/install/camera_viewer' for CMake config files
[0.842s] Level 1:colcon.colcon_core.environment:checking '/home/trungty/Downloads/moveit2_UR5/install/camera_viewer/lib'
[0.842s] Level 1:colcon.colcon_core.environment:checking '/home/trungty/Downloads/moveit2_UR5/install/camera_viewer/bin'
[0.842s] Level 1:colcon.colcon_core.environment:checking '/home/trungty/Downloads/moveit2_UR5/install/camera_viewer/lib/pkgconfig/camera_viewer.pc'
[0.842s] Level 1:colcon.colcon_core.environment:checking '/home/trungty/Downloads/moveit2_UR5/install/camera_viewer/lib/python3.10/site-packages'
[0.842s] Level 1:colcon.colcon_core.shell:create_environment_hook('camera_viewer', 'pythonpath')
[0.842s] INFO:colcon.colcon_core.shell:Creating environment hook '/home/trungty/Downloads/moveit2_UR5/install/camera_viewer/share/camera_viewer/hook/pythonpath.ps1'
[0.843s] INFO:colcon.colcon_core.shell:Creating environment descriptor '/home/trungty/Downloads/moveit2_UR5/install/camera_viewer/share/camera_viewer/hook/pythonpath.dsv'
[0.843s] INFO:colcon.colcon_core.shell:Creating environment hook '/home/trungty/Downloads/moveit2_UR5/install/camera_viewer/share/camera_viewer/hook/pythonpath.sh'
[0.843s] Level 1:colcon.colcon_core.environment:checking '/home/trungty/Downloads/moveit2_UR5/install/camera_viewer/bin'
[0.843s] Level 1:colcon.colcon_core.environment:create_environment_scripts_only(camera_viewer)
[0.843s] INFO:colcon.colcon_core.shell:Creating package script '/home/trungty/Downloads/moveit2_UR5/install/camera_viewer/share/camera_viewer/package.ps1'
[0.844s] INFO:colcon.colcon_core.shell:Creating package descriptor '/home/trungty/Downloads/moveit2_UR5/install/camera_viewer/share/camera_viewer/package.dsv'
[0.844s] INFO:colcon.colcon_core.shell:Creating package script '/home/trungty/Downloads/moveit2_UR5/install/camera_viewer/share/camera_viewer/package.sh'
[0.844s] INFO:colcon.colcon_core.shell:Creating package script '/home/trungty/Downloads/moveit2_UR5/install/camera_viewer/share/camera_viewer/package.bash'
[0.845s] INFO:colcon.colcon_core.shell:Creating package script '/home/trungty/Downloads/moveit2_UR5/install/camera_viewer/share/camera_viewer/package.zsh'
[0.845s] Level 1:colcon.colcon_core.environment:create_file_with_runtime_dependencies(/home/trungty/Downloads/moveit2_UR5/install/camera_viewer/share/colcon-core/packages/camera_viewer)
[2.305s] DEBUG:colcon.colcon_core.event_handler.log_command:Invoked command in '/home/trungty/Downloads/moveit2_UR5/build/mtc_tutorial' returned '1': CMAKE_PREFIX_PATH=${CMAKE_PREFIX_PATH}:/home/trungty/ws_moveit2/install/moveit_configs_utils:/home/trungty/ws_moveit2/install/launch_param_builder:/opt/ros/humble CONDA_PROMPT_MODIFIER=(base) /usr/bin/cmake /home/trungty/Downloads/moveit2_UR5/src/ur5_pick_place -DCMAKE_INSTALL_PREFIX=/home/trungty/Downloads/moveit2_UR5/install/mtc_tutorial
[2.314s] Level 1:colcon.colcon_core.environment:create_environment_scripts_only(mtc_tutorial)
[2.314s] Level 1:colcon.colcon_core.environment:checking '/home/trungty/Downloads/moveit2_UR5/install/mtc_tutorial' for CMake module files
[2.314s] Level 1:colcon.colcon_core.environment:checking '/home/trungty/Downloads/moveit2_UR5/install/mtc_tutorial' for CMake config files
[2.315s] Level 1:colcon.colcon_core.environment:checking '/home/trungty/Downloads/moveit2_UR5/install/mtc_tutorial/bin'
[2.315s] Level 1:colcon.colcon_core.environment:checking '/home/trungty/Downloads/moveit2_UR5/install/mtc_tutorial/lib/pkgconfig/mtc_tutorial.pc'
[2.315s] Level 1:colcon.colcon_core.environment:checking '/home/trungty/Downloads/moveit2_UR5/install/mtc_tutorial/lib/python3.10/site-packages'
[2.315s] Level 1:colcon.colcon_core.environment:checking '/home/trungty/Downloads/moveit2_UR5/install/mtc_tutorial/bin'
[2.315s] INFO:colcon.colcon_core.shell:Creating package script '/home/trungty/Downloads/moveit2_UR5/install/mtc_tutorial/share/mtc_tutorial/package.ps1'
[2.315s] INFO:colcon.colcon_core.shell:Creating package descriptor '/home/trungty/Downloads/moveit2_UR5/install/mtc_tutorial/share/mtc_tutorial/package.dsv'
[2.315s] INFO:colcon.colcon_core.shell:Creating package script '/home/trungty/Downloads/moveit2_UR5/install/mtc_tutorial/share/mtc_tutorial/package.sh'
[2.316s] INFO:colcon.colcon_core.shell:Creating package script '/home/trungty/Downloads/moveit2_UR5/install/mtc_tutorial/share/mtc_tutorial/package.bash'
[2.316s] INFO:colcon.colcon_core.shell:Creating package script '/home/trungty/Downloads/moveit2_UR5/install/mtc_tutorial/share/mtc_tutorial/package.zsh'
[2.316s] Level 1:colcon.colcon_core.environment:create_file_with_runtime_dependencies(/home/trungty/Downloads/moveit2_UR5/install/mtc_tutorial/share/colcon-core/packages/mtc_tutorial)
[2.326s] DEBUG:colcon.colcon_parallel_executor.executor.parallel:closing loop
[2.326s] DEBUG:colcon.colcon_parallel_executor.executor.parallel:loop closed
[2.327s] DEBUG:colcon.colcon_parallel_executor.executor.parallel:run_until_complete finished with '1'
[2.327s] DEBUG:colcon.colcon_core.event_reactor:joining thread
[2.332s] INFO:colcon.colcon_core.plugin_system:Skipping extension 'colcon_notification.desktop_notification.terminal_notifier': Not used on non-Darwin systems
[2.332s] INFO:colcon.colcon_core.plugin_system:Skipping extension 'colcon_notification.desktop_notification.win32': Not used on non-Windows systems
[2.332s] INFO:colcon.colcon_notification.desktop_notification:Sending desktop notification using 'notify2'
[2.351s] DEBUG:colcon.colcon_core.event_reactor:joined thread
[2.352s] INFO:colcon.colcon_core.shell:Creating prefix script '/home/trungty/Downloads/moveit2_UR5/install/local_setup.ps1'
[2.354s] INFO:colcon.colcon_core.shell:Creating prefix util module '/home/trungty/Downloads/moveit2_UR5/install/_local_setup_util_ps1.py'
[2.358s] INFO:colcon.colcon_core.shell:Creating prefix chain script '/home/trungty/Downloads/moveit2_UR5/install/setup.ps1'
[2.363s] INFO:colcon.colcon_core.shell:Creating prefix script '/home/trungty/Downloads/moveit2_UR5/install/local_setup.sh'
[2.364s] INFO:colcon.colcon_core.shell:Creating prefix util module '/home/trungty/Downloads/moveit2_UR5/install/_local_setup_util_sh.py'
[2.365s] INFO:colcon.colcon_core.shell:Creating prefix chain script '/home/trungty/Downloads/moveit2_UR5/install/setup.sh'
[2.369s] INFO:colcon.colcon_core.shell:Creating prefix script '/home/trungty/Downloads/moveit2_UR5/install/local_setup.bash'
[2.370s] INFO:colcon.colcon_core.shell:Creating prefix chain script '/home/trungty/Downloads/moveit2_UR5/install/setup.bash'
[2.374s] INFO:colcon.colcon_core.shell:Creating prefix script '/home/trungty/Downloads/moveit2_UR5/install/local_setup.zsh'
[2.374s] INFO:colcon.colcon_core.shell:Creating prefix chain script '/home/trungty/Downloads/moveit2_UR5/install/setup.zsh'
