[0.032s] Invoking command in '/home/trungty/Downloads/moveit2_UR5/build/robot_description': CMAKE_PREFIX_PATH=${CMAKE_PREFIX_PATH}:/home/trungty/Downloads/moveit2_UR5/install/camera_viewer:/home/trungty/Downloads/moveit2_UR5/install/ball_detector:/home/trungty/ws_moveit2/install/moveit_configs_utils:/home/trungty/ws_moveit2/install/launch_param_builder:/opt/ros/humble CONDA_PROMPT_MODIFIER=(base) /usr/bin/cmake /home/trungty/Downloads/moveit2_UR5/src/robot_description -DCMAKE_INSTALL_PREFIX=/home/trungty/Downloads/moveit2_UR5/install/robot_description
[0.225s] -- The C compiler identification is GNU 11.4.0
[0.225s] -- The CXX compiler identification is GNU 11.4.0
[0.225s] -- Detecting C compiler ABI info
[0.225s] -- Detecting C compiler ABI info - done
[0.225s] -- Check for working C compiler: /usr/bin/cc - skipped
[0.225s] -- Detecting C compile features
[0.225s] -- Detecting C compile features - done
[0.225s] -- Detecting CXX compiler ABI info
[0.245s] -- Detecting CXX compiler ABI info - done
[0.250s] -- Check for working CXX compiler: /usr/bin/c++ - skipped
[0.250s] -- Detecting CXX compile features
[0.251s] -- Detecting CXX compile features - done
[0.256s] -- Found ament_cmake: 1.3.11 (/opt/ros/humble/share/ament_cmake/cmake)
[0.558s] -- Found Python3: /home/trungty/anaconda3/bin/python3 (found version "3.12.7") found components: Interpreter 
[0.688s] -- Found urdf: 2.6.1 (/opt/ros/humble/share/urdf/cmake)
[0.783s] Traceback (most recent call last):
[0.783s]   File "/opt/ros/humble/share/ament_cmake_core/cmake/core/package_xml_2_cmake.py", line 22, in <module>
[0.783s]     from catkin_pkg.package import parse_package_string
[0.783s] ModuleNotFoundError: No module named 'catkin_pkg'
[0.786s] [31mCMake Error at /opt/ros/humble/share/ament_cmake_core/cmake/core/ament_package_xml.cmake:95 (message):
[0.786s]   execute_process(/home/trungty/anaconda3/bin/python3
[0.786s]   /opt/ros/humble/share/ament_cmake_core/cmake/core/package_xml_2_cmake.py
[0.786s]   /home/trungty/Downloads/moveit2_UR5/src/robot_description/package.xml
[0.786s]   /home/trungty/Downloads/moveit2_UR5/build/robot_description/ament_cmake_core/package.cmake)
[0.786s]   returned error code 1
[0.786s] Call Stack (most recent call first):
[0.786s]   /opt/ros/humble/share/ament_cmake_core/cmake/core/ament_package_xml.cmake:49 (_ament_package_xml)
[0.787s]   /opt/ros/humble/share/ament_cmake_core/cmake/core/ament_package.cmake:63 (ament_package_xml)
[0.787s]   CMakeLists.txt:16 (ament_package)
[0.787s] 
[0.787s] [0m
[0.787s] -- Configuring incomplete, errors occurred!
[0.787s] See also "/home/trungty/Downloads/moveit2_UR5/build/robot_description/CMakeFiles/CMakeOutput.log".
[0.792s] Invoked command in '/home/trungty/Downloads/moveit2_UR5/build/robot_description' returned '1': CMAKE_PREFIX_PATH=${CMAKE_PREFIX_PATH}:/home/trungty/Downloads/moveit2_UR5/install/camera_viewer:/home/trungty/Downloads/moveit2_UR5/install/ball_detector:/home/trungty/ws_moveit2/install/moveit_configs_utils:/home/trungty/ws_moveit2/install/launch_param_builder:/opt/ros/humble CONDA_PROMPT_MODIFIER=(base) /usr/bin/cmake /home/trungty/Downloads/moveit2_UR5/src/robot_description -DCMAKE_INSTALL_PREFIX=/home/trungty/Downloads/moveit2_UR5/install/robot_description
