[0.905s] Invoking command in '/home/trungty/Downloads/moveit2_UR5/src/ball_detector': CONDA_PROMPT_MODIFIER=(base) PYTHONPATH=/home/trungty/Downloads/moveit2_UR5/build/ball_detector/prefix_override:/usr/lib/python3/dist-packages/colcon_core/task/python/colcon_distutils_commands:/home/trungty/Downloads/moveit2_UR5/install/ball_detector/lib/python3.10/site-packages:${PYTHONPATH} /usr/bin/python3 -W ignore:setup.py install is deprecated -W ignore:easy_install command is deprecated setup.py egg_info --egg-base ../../build/ball_detector build --build-base /home/trungty/Downloads/moveit2_UR5/build/ball_detector/build install --record /home/trungty/Downloads/moveit2_UR5/build/ball_detector/install.log --single-version-externally-managed install_data
[1.144s] running egg_info
[1.144s] writing ../../build/ball_detector/ball_detector.egg-info/PKG-INFO
[1.144s] writing dependency_links to ../../build/ball_detector/ball_detector.egg-info/dependency_links.txt
[1.145s] writing entry points to ../../build/ball_detector/ball_detector.egg-info/entry_points.txt
[1.145s] writing requirements to ../../build/ball_detector/ball_detector.egg-info/requires.txt
[1.145s] writing top-level names to ../../build/ball_detector/ball_detector.egg-info/top_level.txt
[1.147s] reading manifest file '../../build/ball_detector/ball_detector.egg-info/SOURCES.txt'
[1.147s] writing manifest file '../../build/ball_detector/ball_detector.egg-info/SOURCES.txt'
[1.147s] running build
[1.147s] running build_py
[1.148s] running install
[1.149s] running install_lib
[1.150s] running install_data
[1.151s] running install_egg_info
[1.152s] removing '/home/trungty/Downloads/moveit2_UR5/install/ball_detector/lib/python3.10/site-packages/ball_detector-0.0.0-py3.10.egg-info' (and everything under it)
[1.153s] Copying ../../build/ball_detector/ball_detector.egg-info to /home/trungty/Downloads/moveit2_UR5/install/ball_detector/lib/python3.10/site-packages/ball_detector-0.0.0-py3.10.egg-info
[1.154s] running install_scripts
[1.176s] Installing detect_ball script to /home/trungty/Downloads/moveit2_UR5/install/ball_detector/lib/ball_detector
[1.176s] writing list of installed files to '/home/trungty/Downloads/moveit2_UR5/build/ball_detector/install.log'
[1.203s] Invoked command in '/home/trungty/Downloads/moveit2_UR5/src/ball_detector' returned '0': CONDA_PROMPT_MODIFIER=(base) PYTHONPATH=/home/trungty/Downloads/moveit2_UR5/build/ball_detector/prefix_override:/usr/lib/python3/dist-packages/colcon_core/task/python/colcon_distutils_commands:/home/trungty/Downloads/moveit2_UR5/install/ball_detector/lib/python3.10/site-packages:${PYTHONPATH} /usr/bin/python3 -W ignore:setup.py install is deprecated -W ignore:easy_install command is deprecated setup.py egg_info --egg-base ../../build/ball_detector build --build-base /home/trungty/Downloads/moveit2_UR5/build/ball_detector/build install --record /home/trungty/Downloads/moveit2_UR5/build/ball_detector/install.log --single-version-externally-managed install_data
